This file contains any messages produced by compilers while
running configure, to aid debugging if configure makes a mistake.

It was created by libvorbis configure 1.2.3, which was
generated by GNU Autoconf 2.69.  Invocation command line was

  $ ./configure --host=mips-linux-linux26 CC=mips-openwrt-linux-uclibc-gcc CFLAGS=-I/home/paldier/d7000/ap/gpl/minidlna/libogg-1.1.4/include/ LDFLAGS=-L/home/paldier/d7000/ap/gpl/minidlna/libogg-1.1.4/src/.libs/

## --------- ##
## Platform. ##
## --------- ##

hostname = paldier-VirtualBox
uname -m = x86_64
uname -r = 4.2.0-42-generic
uname -s = Linux
uname -v = #49~14.04.1-Ubuntu SMP Wed Jun 29 20:22:11 UTC 2016

/usr/bin/uname -p = unknown
/bin/uname -X     = unknown

/bin/arch              = unknown
/usr/bin/arch -k       = unknown
/usr/convex/getsysinfo = unknown
/usr/bin/hostinfo      = unknown
/bin/machine           = unknown
/usr/bin/oslevel       = unknown
/bin/universe          = unknown

PATH: /home/paldier/d7000/staging_dir/toolchain-mips_mips32_gcc-4.8-linaro_uClibc-0.9.33.2/bin
PATH: /home/paldier/d7000/staging_dir/host/bin
PATH: /home/paldier/d7000/staging_dir/toolchain-mips_mips32_gcc-4.8-linaro_uClibc-0.9.33.2/bin
PATH: /usr/local/sbin
PATH: /usr/local/bin
PATH: /usr/sbin
PATH: /usr/bin
PATH: /sbin
PATH: /bin
PATH: /usr/games
PATH: /usr/local/games
PATH: /opt/brcm/hndtools-mipsel-linux/bin
PATH: /opt/brcm/hndtools-mipsel-uclibc/bin
PATH: /opt/brcm-arm/bin
PATH: /opt/brcm/hndtools-mipsel-linux/bin
PATH: /opt/brcm/hndtools-mipsel-uclibc/bin
PATH: /opt/brcm-arm/bin


## ----------- ##
## Core tests. ##
## ----------- ##

configure:2691: checking build system type
configure:2705: result: x86_64-unknown-linux-gnu
configure:2725: checking host system type
configure:2738: result: mips-linux-linux-gnu26
configure:2758: checking target system type
configure:2771: result: mips-linux-linux-gnu26
configure:2814: checking for a BSD-compatible install
configure:2882: result: /usr/bin/install -c
configure:2893: checking whether build environment is sane
configure:2930: result: yes
configure:2955: checking for a thread-safe mkdir -p
configure:2994: result: /bin/mkdir -p
configure:3007: checking for gawk
configure:3023: found /usr/bin/gawk
configure:3034: result: gawk
configure:3045: checking whether make sets $(MAKE)
configure:3067: result: yes
configure:3145: checking for mips-linux-linux26-strip
configure:3172: result: mips-openwrt-linux-uclibc-strip
configure:3288: checking for mips-linux-linux26-gcc
configure:3315: result: mips-openwrt-linux-uclibc-gcc
configure:3584: checking for C compiler version
configure:3593: mips-openwrt-linux-uclibc-gcc --version >&5
mips-openwrt-linux-uclibc-gcc (OpenWrt/Linaro GCC 4.8-2014.04 15.05_ltq) 4.8.3
Copyright (C) 2013 Free Software Foundation, Inc.
This is free software; see the source for copying conditions.  There is NO
warranty; not even for MERCHANTABILITY or FITNESS FOR A PARTICULAR PURPOSE.

configure:3604: $? = 0
configure:3593: mips-openwrt-linux-uclibc-gcc -v >&5
Reading specs from /home/paldier/d7000/staging_dir/toolchain-mips_mips32_gcc-4.8-linaro_uClibc-0.9.33.2/lib/gcc/mips-openwrt-linux-uclibc/4.8.3/specs
COLLECT_GCC=mips-openwrt-linux-uclibc-gcc
COLLECT_LTO_WRAPPER=/home/paldier/d7000/staging_dir/toolchain-mips_mips32_gcc-4.8-linaro_uClibc-0.9.33.2/libexec/gcc/mips-openwrt-linux-uclibc/4.8.3/lto-wrapper
Target: mips-openwrt-linux-uclibc
Configured with: /home/paldier/d7000/build_dir/toolchain-mips_mips32_gcc-4.8-linaro_uClibc-0.9.33.2/gcc-linaro-4.8-2014.04/configure --with-bugurl=https://dev.openwrt.org/ --with-pkgversion='OpenWrt/Linaro GCC 4.8-2014.04 15.05_ltq' --prefix=/home/paldier/d7000/staging_dir/toolchain-mips_mips32_gcc-4.8-linaro_uClibc-0.9.33.2 --build=x86_64-linux-gnu --host=x86_64-linux-gnu --target=mips-openwrt-linux-uclibc --with-gnu-ld --enable-target-optspace --disable-libgomp --disable-libmudflap --disable-multilib --disable-nls --with-host-libstdcxx=-lstdc++ --with-float=soft --with-gmp=/home/paldier/d7000/staging_dir/host --with-mpfr=/home/paldier/d7000/staging_dir/host --with-mpc=/home/paldier/d7000/staging_dir/host --disable-decimal-float --with-mips-plt --enable-libssp --disable-__cxa_atexit --with-headers=/home/paldier/d7000/staging_dir/toolchain-mips_mips32_gcc-4.8-linaro_uClibc-0.9.33.2/include --disable-libsanitizer --enable-languages=c,c++ --enable-shared --enable-threads --with-slibdir=/home/paldier/d7000/staging_dir/toolchain-mips_mips32_gcc-4.8-linaro_uClibc-0.9.33.2/lib
Thread model: posix
gcc version 4.8.3 (OpenWrt/Linaro GCC 4.8-2014.04 15.05_ltq) 
configure:3604: $? = 0
configure:3593: mips-openwrt-linux-uclibc-gcc -V >&5
mips-openwrt-linux-uclibc-gcc: error: unrecognized command line option '-V'
mips-openwrt-linux-uclibc-gcc: fatal error: no input files
compilation terminated.
configure:3604: $? = 1
configure:3593: mips-openwrt-linux-uclibc-gcc -qversion >&5
mips-openwrt-linux-uclibc-gcc: error: unrecognized command line option '-qversion'
mips-openwrt-linux-uclibc-gcc: fatal error: no input files
compilation terminated.
configure:3604: $? = 1
configure:3624: checking whether the C compiler works
configure:3646: mips-openwrt-linux-uclibc-gcc -I/home/paldier/d7000/ap/gpl/minidlna/libogg-1.1.4/include/  -L/home/paldier/d7000/ap/gpl/minidlna/libogg-1.1.4/src/.libs/ conftest.c  >&5
cc1: note: someone does not honour COPTS correctly, passed 0 times
configure:3650: $? = 0
configure:3698: result: yes
configure:3701: checking for C compiler default output file name
configure:3703: result: a.out
configure:3709: checking for suffix of executables
configure:3716: mips-openwrt-linux-uclibc-gcc -o conftest -I/home/paldier/d7000/ap/gpl/minidlna/libogg-1.1.4/include/  -L/home/paldier/d7000/ap/gpl/minidlna/libogg-1.1.4/src/.libs/ conftest.c  >&5
cc1: note: someone does not honour COPTS correctly, passed 0 times
configure:3720: $? = 0
configure:3742: result: 
configure:3764: checking whether we are cross compiling
configure:3772: mips-openwrt-linux-uclibc-gcc -o conftest -I/home/paldier/d7000/ap/gpl/minidlna/libogg-1.1.4/include/  -L/home/paldier/d7000/ap/gpl/minidlna/libogg-1.1.4/src/.libs/ conftest.c  >&5
cc1: note: someone does not honour COPTS correctly, passed 0 times
configure:3776: $? = 0
configure:3783: ./conftest
./configure: line 3785: ./conftest: cannot execute binary file: Exec format error
configure:3787: $? = 126
configure:3802: result: yes
configure:3807: checking for suffix of object files
configure:3829: mips-openwrt-linux-uclibc-gcc -c -I/home/paldier/d7000/ap/gpl/minidlna/libogg-1.1.4/include/  conftest.c >&5
cc1: note: someone does not honour COPTS correctly, passed 0 times
configure:3833: $? = 0
configure:3854: result: o
configure:3858: checking whether we are using the GNU C compiler
configure:3877: mips-openwrt-linux-uclibc-gcc -c -I/home/paldier/d7000/ap/gpl/minidlna/libogg-1.1.4/include/  conftest.c >&5
cc1: note: someone does not honour COPTS correctly, passed 0 times
configure:3877: $? = 0
configure:3886: result: yes
configure:3895: checking whether mips-openwrt-linux-uclibc-gcc accepts -g
configure:3915: mips-openwrt-linux-uclibc-gcc -c -g  conftest.c >&5
cc1: note: someone does not honour COPTS correctly, passed 0 times
configure:3915: $? = 0
configure: failed program was:
| /* confdefs.h */
| #define PACKAGE_NAME "libvorbis"
| #define PACKAGE_TARNAME "libvorbis"
| #define PACKAGE_VERSION "1.2.3"
| #define PACKAGE_STRING "libvorbis 1.2.3"
| #define PACKAGE_BUGREPORT "vorbis-dev@xiph.org"
| #define PACKAGE_URL ""
| #define PACKAGE "libvorbis"
| #define VERSION "1.2.3"
| /* end confdefs.h.  */
| 
| int
| main ()
| {
| 
|   ;
|   return 0;
| }
configure:3930: mips-openwrt-linux-uclibc-gcc -c   conftest.c >&5
cc1: note: someone does not honour COPTS correctly, passed 0 times
configure:3930: $? = 0
configure: failed program was:
| /* confdefs.h */
| #define PACKAGE_NAME "libvorbis"
| #define PACKAGE_TARNAME "libvorbis"
| #define PACKAGE_VERSION "1.2.3"
| #define PACKAGE_STRING "libvorbis 1.2.3"
| #define PACKAGE_BUGREPORT "vorbis-dev@xiph.org"
| #define PACKAGE_URL ""
| #define PACKAGE "libvorbis"
| #define VERSION "1.2.3"
| /* end confdefs.h.  */
| 
| int
| main ()
| {
| 
|   ;
|   return 0;
| }
configure:3946: mips-openwrt-linux-uclibc-gcc -c -g  conftest.c >&5
cc1: note: someone does not honour COPTS correctly, passed 0 times
configure:3946: $? = 0
configure:3956: result: yes
configure:3973: checking for mips-openwrt-linux-uclibc-gcc option to accept ISO C89
configure:4036: mips-openwrt-linux-uclibc-gcc  -c -I/home/paldier/d7000/ap/gpl/minidlna/libogg-1.1.4/include/  conftest.c >&5
cc1: note: someone does not honour COPTS correctly, passed 0 times
configure:4036: $? = 0
configure:4049: result: none needed
configure:4080: checking for style of include used by make
configure:4108: result: GNU
configure:4133: checking dependency style of mips-openwrt-linux-uclibc-gcc
configure:4224: result: gcc3
configure:4244: checking how to run the C preprocessor
configure:4314: result: mips-openwrt-linux-uclibc-gcc -E
configure:4334: mips-openwrt-linux-uclibc-gcc -E  conftest.c
configure:4334: $? = 0
configure:4348: mips-openwrt-linux-uclibc-gcc -E  conftest.c
conftest.c:11:28: fatal error: ac_nonexistent.h: No such file or directory
 #include <ac_nonexistent.h>
                            ^
compilation terminated.
configure:4348: $? = 1
configure: failed program was:
| /* confdefs.h */
| #define PACKAGE_NAME "libvorbis"
| #define PACKAGE_TARNAME "libvorbis"
| #define PACKAGE_VERSION "1.2.3"
| #define PACKAGE_STRING "libvorbis 1.2.3"
| #define PACKAGE_BUGREPORT "vorbis-dev@xiph.org"
| #define PACKAGE_URL ""
| #define PACKAGE "libvorbis"
| #define VERSION "1.2.3"
| /* end confdefs.h.  */
| #include <ac_nonexistent.h>
configure:4379: checking for inline
configure:4395: mips-openwrt-linux-uclibc-gcc -c -I/home/paldier/d7000/ap/gpl/minidlna/libogg-1.1.4/include/  conftest.c >&5
cc1: note: someone does not honour COPTS correctly, passed 0 times
configure:4395: $? = 0
configure:4403: result: inline
configure:4496: checking for a sed that does not truncate output
configure:4552: result: /home/paldier/d7000/staging_dir/host/bin/sed
configure:4555: checking for grep that handles long lines and -e
configure:4613: result: /home/paldier/d7000/staging_dir/host/bin/grep
configure:4618: checking for egrep
configure:4680: result: /home/paldier/d7000/staging_dir/host/bin/grep -E
configure:4696: checking for ld used by mips-openwrt-linux-uclibc-gcc
configure:4763: result: mips-openwrt-linux-uclibc-ld
configure:4770: checking if the linker (mips-openwrt-linux-uclibc-ld) is GNU ld
configure:4785: result: yes
configure:4790: checking for mips-openwrt-linux-uclibc-ld option to reload object files
configure:4797: result: -r
configure:4815: checking for BSD-compatible nm
configure:4864: result: mips-openwrt-linux-uclibc-nm
configure:4868: checking whether ln -s works
configure:4872: result: yes
configure:4879: checking how to recognize dependent libraries
configure:5065: result: pass_all
configure:5559: checking for ANSI C header files
configure:5579: mips-openwrt-linux-uclibc-gcc -c -I/home/paldier/d7000/ap/gpl/minidlna/libogg-1.1.4/include/  conftest.c >&5
cc1: note: someone does not honour COPTS correctly, passed 0 times
configure:5579: $? = 0
configure:5663: result: yes
configure:5676: checking for sys/types.h
configure:5676: mips-openwrt-linux-uclibc-gcc -c -I/home/paldier/d7000/ap/gpl/minidlna/libogg-1.1.4/include/  conftest.c >&5
cc1: note: someone does not honour COPTS correctly, passed 0 times
configure:5676: $? = 0
configure:5676: result: yes
configure:5676: checking for sys/stat.h
configure:5676: mips-openwrt-linux-uclibc-gcc -c -I/home/paldier/d7000/ap/gpl/minidlna/libogg-1.1.4/include/  conftest.c >&5
cc1: note: someone does not honour COPTS correctly, passed 0 times
configure:5676: $? = 0
configure:5676: result: yes
configure:5676: checking for stdlib.h
configure:5676: mips-openwrt-linux-uclibc-gcc -c -I/home/paldier/d7000/ap/gpl/minidlna/libogg-1.1.4/include/  conftest.c >&5
cc1: note: someone does not honour COPTS correctly, passed 0 times
configure:5676: $? = 0
configure:5676: result: yes
configure:5676: checking for string.h
configure:5676: mips-openwrt-linux-uclibc-gcc -c -I/home/paldier/d7000/ap/gpl/minidlna/libogg-1.1.4/include/  conftest.c >&5
cc1: note: someone does not honour COPTS correctly, passed 0 times
configure:5676: $? = 0
configure:5676: result: yes
configure:5676: checking for memory.h
configure:5676: mips-openwrt-linux-uclibc-gcc -c -I/home/paldier/d7000/ap/gpl/minidlna/libogg-1.1.4/include/  conftest.c >&5
cc1: note: someone does not honour COPTS correctly, passed 0 times
configure:5676: $? = 0
configure:5676: result: yes
configure:5676: checking for strings.h
configure:5676: mips-openwrt-linux-uclibc-gcc -c -I/home/paldier/d7000/ap/gpl/minidlna/libogg-1.1.4/include/  conftest.c >&5
cc1: note: someone does not honour COPTS correctly, passed 0 times
configure:5676: $? = 0
configure:5676: result: yes
configure:5676: checking for inttypes.h
configure:5676: mips-openwrt-linux-uclibc-gcc -c -I/home/paldier/d7000/ap/gpl/minidlna/libogg-1.1.4/include/  conftest.c >&5
cc1: note: someone does not honour COPTS correctly, passed 0 times
configure:5676: $? = 0
configure:5676: result: yes
configure:5676: checking for stdint.h
configure:5676: mips-openwrt-linux-uclibc-gcc -c -I/home/paldier/d7000/ap/gpl/minidlna/libogg-1.1.4/include/  conftest.c >&5
cc1: note: someone does not honour COPTS correctly, passed 0 times
configure:5676: $? = 0
configure:5676: result: yes
configure:5676: checking for unistd.h
configure:5676: mips-openwrt-linux-uclibc-gcc -c -I/home/paldier/d7000/ap/gpl/minidlna/libogg-1.1.4/include/  conftest.c >&5
cc1: note: someone does not honour COPTS correctly, passed 0 times
configure:5676: $? = 0
configure:5676: result: yes
configure:5690: checking dlfcn.h usability
configure:5690: mips-openwrt-linux-uclibc-gcc -c -I/home/paldier/d7000/ap/gpl/minidlna/libogg-1.1.4/include/  conftest.c >&5
cc1: note: someone does not honour COPTS correctly, passed 0 times
configure:5690: $? = 0
configure:5690: result: yes
configure:5690: checking dlfcn.h presence
configure:5690: mips-openwrt-linux-uclibc-gcc -E  conftest.c
configure:5690: $? = 0
configure:5690: result: yes
configure:5690: checking for dlfcn.h
configure:5690: result: yes
configure:5812: checking for C++ compiler version
configure:5821: mips-openwrt-linux-uclibc-g++ --version >&5
mips-openwrt-linux-uclibc-g++ (OpenWrt/Linaro GCC 4.8-2014.04 15.05_ltq) 4.8.3
Copyright (C) 2013 Free Software Foundation, Inc.
This is free software; see the source for copying conditions.  There is NO
warranty; not even for MERCHANTABILITY or FITNESS FOR A PARTICULAR PURPOSE.

configure:5832: $? = 0
configure:5821: mips-openwrt-linux-uclibc-g++ -v >&5
Reading specs from /home/paldier/d7000/staging_dir/toolchain-mips_mips32_gcc-4.8-linaro_uClibc-0.9.33.2/lib/gcc/mips-openwrt-linux-uclibc/4.8.3/specs
COLLECT_GCC=mips-openwrt-linux-uclibc-g++
COLLECT_LTO_WRAPPER=/home/paldier/d7000/staging_dir/toolchain-mips_mips32_gcc-4.8-linaro_uClibc-0.9.33.2/libexec/gcc/mips-openwrt-linux-uclibc/4.8.3/lto-wrapper
Target: mips-openwrt-linux-uclibc
Configured with: /home/paldier/d7000/build_dir/toolchain-mips_mips32_gcc-4.8-linaro_uClibc-0.9.33.2/gcc-linaro-4.8-2014.04/configure --with-bugurl=https://dev.openwrt.org/ --with-pkgversion='OpenWrt/Linaro GCC 4.8-2014.04 15.05_ltq' --prefix=/home/paldier/d7000/staging_dir/toolchain-mips_mips32_gcc-4.8-linaro_uClibc-0.9.33.2 --build=x86_64-linux-gnu --host=x86_64-linux-gnu --target=mips-openwrt-linux-uclibc --with-gnu-ld --enable-target-optspace --disable-libgomp --disable-libmudflap --disable-multilib --disable-nls --with-host-libstdcxx=-lstdc++ --with-float=soft --with-gmp=/home/paldier/d7000/staging_dir/host --with-mpfr=/home/paldier/d7000/staging_dir/host --with-mpc=/home/paldier/d7000/staging_dir/host --disable-decimal-float --with-mips-plt --enable-libssp --disable-__cxa_atexit --with-headers=/home/paldier/d7000/staging_dir/toolchain-mips_mips32_gcc-4.8-linaro_uClibc-0.9.33.2/include --disable-libsanitizer --enable-languages=c,c++ --enable-shared --enable-threads --with-slibdir=/home/paldier/d7000/staging_dir/toolchain-mips_mips32_gcc-4.8-linaro_uClibc-0.9.33.2/lib
Thread model: posix
gcc version 4.8.3 (OpenWrt/Linaro GCC 4.8-2014.04 15.05_ltq) 
configure:5832: $? = 0
configure:5821: mips-openwrt-linux-uclibc-g++ -V >&5
mips-openwrt-linux-uclibc-g++: error: unrecognized command line option '-V'
mips-openwrt-linux-uclibc-g++: fatal error: no input files
compilation terminated.
configure:5832: $? = 1
configure:5821: mips-openwrt-linux-uclibc-g++ -qversion >&5
mips-openwrt-linux-uclibc-g++: error: unrecognized command line option '-qversion'
mips-openwrt-linux-uclibc-g++: fatal error: no input files
compilation terminated.
configure:5832: $? = 1
configure:5836: checking whether we are using the GNU C++ compiler
configure:5855: mips-openwrt-linux-uclibc-g++ -c   conftest.cpp >&5
configure:5855: $? = 0
configure:5864: result: yes
configure:5873: checking whether mips-openwrt-linux-uclibc-g++ accepts -g
configure:5893: mips-openwrt-linux-uclibc-g++ -c -g  conftest.cpp >&5
configure:5893: $? = 0
configure:5934: result: yes
configure:5959: checking dependency style of mips-openwrt-linux-uclibc-g++
configure:6050: result: gcc3
configure:6075: checking how to run the C++ preprocessor
configure:6102: mips-openwrt-linux-uclibc-g++ -E  conftest.cpp
configure:6102: $? = 0
configure:6116: mips-openwrt-linux-uclibc-g++ -E  conftest.cpp
conftest.cpp:22:28: fatal error: ac_nonexistent.h: No such file or directory
 #include <ac_nonexistent.h>
                            ^
compilation terminated.
configure:6116: $? = 1
configure: failed program was:
| /* confdefs.h */
| #define PACKAGE_NAME "libvorbis"
| #define PACKAGE_TARNAME "libvorbis"
| #define PACKAGE_VERSION "1.2.3"
| #define PACKAGE_STRING "libvorbis 1.2.3"
| #define PACKAGE_BUGREPORT "vorbis-dev@xiph.org"
| #define PACKAGE_URL ""
| #define PACKAGE "libvorbis"
| #define VERSION "1.2.3"
| #define STDC_HEADERS 1
| #define HAVE_SYS_TYPES_H 1
| #define HAVE_SYS_STAT_H 1
| #define HAVE_STDLIB_H 1
| #define HAVE_STRING_H 1
| #define HAVE_MEMORY_H 1
| #define HAVE_STRINGS_H 1
| #define HAVE_INTTYPES_H 1
| #define HAVE_STDINT_H 1
| #define HAVE_UNISTD_H 1
| #define HAVE_DLFCN_H 1
| /* end confdefs.h.  */
| #include <ac_nonexistent.h>
configure:6141: result: mips-openwrt-linux-uclibc-g++ -E
configure:6161: mips-openwrt-linux-uclibc-g++ -E  conftest.cpp
configure:6161: $? = 0
configure:6175: mips-openwrt-linux-uclibc-g++ -E  conftest.cpp
conftest.cpp:22:28: fatal error: ac_nonexistent.h: No such file or directory
 #include <ac_nonexistent.h>
                            ^
compilation terminated.
configure:6175: $? = 1
configure: failed program was:
| /* confdefs.h */
| #define PACKAGE_NAME "libvorbis"
| #define PACKAGE_TARNAME "libvorbis"
| #define PACKAGE_VERSION "1.2.3"
| #define PACKAGE_STRING "libvorbis 1.2.3"
| #define PACKAGE_BUGREPORT "vorbis-dev@xiph.org"
| #define PACKAGE_URL ""
| #define PACKAGE "libvorbis"
| #define VERSION "1.2.3"
| #define STDC_HEADERS 1
| #define HAVE_SYS_TYPES_H 1
| #define HAVE_SYS_STAT_H 1
| #define HAVE_STDLIB_H 1
| #define HAVE_STRING_H 1
| #define HAVE_MEMORY_H 1
| #define HAVE_STRINGS_H 1
| #define HAVE_INTTYPES_H 1
| #define HAVE_STDINT_H 1
| #define HAVE_UNISTD_H 1
| #define HAVE_DLFCN_H 1
| /* end confdefs.h.  */
| #include <ac_nonexistent.h>
configure:6215: checking for mips-linux-linux26-g77
configure:6245: result: no
configure:6215: checking for mips-linux-linux26-xlf
configure:6245: result: no
configure:6215: checking for mips-linux-linux26-f77
configure:6245: result: no
configure:6215: checking for mips-linux-linux26-frt
configure:6245: result: no
configure:6215: checking for mips-linux-linux26-pgf77
configure:6245: result: no
configure:6215: checking for mips-linux-linux26-cf77
configure:6245: result: no
configure:6215: checking for mips-linux-linux26-fort77
configure:6245: result: no
configure:6215: checking for mips-linux-linux26-fl32
configure:6245: result: no
configure:6215: checking for mips-linux-linux26-af77
configure:6245: result: no
configure:6215: checking for mips-linux-linux26-xlf90
configure:6245: result: no
configure:6215: checking for mips-linux-linux26-f90
configure:6245: result: no
configure:6215: checking for mips-linux-linux26-pgf90
configure:6245: result: no
configure:6215: checking for mips-linux-linux26-pghpf
configure:6245: result: no
configure:6215: checking for mips-linux-linux26-epcf90
configure:6245: result: no
configure:6215: checking for mips-linux-linux26-gfortran
configure:6245: result: no
configure:6215: checking for mips-linux-linux26-g95
configure:6245: result: no
configure:6215: checking for mips-linux-linux26-xlf95
configure:6245: result: no
configure:6215: checking for mips-linux-linux26-f95
configure:6245: result: no
configure:6215: checking for mips-linux-linux26-fort
configure:6245: result: no
configure:6215: checking for mips-linux-linux26-ifort
configure:6245: result: no
configure:6215: checking for mips-linux-linux26-ifc
configure:6245: result: no
configure:6215: checking for mips-linux-linux26-efc
configure:6245: result: no
configure:6215: checking for mips-linux-linux26-pgfortran
configure:6245: result: no
configure:6215: checking for mips-linux-linux26-pgf95
configure:6245: result: no
configure:6215: checking for mips-linux-linux26-lf95
configure:6245: result: no
configure:6215: checking for mips-linux-linux26-ftn
configure:6245: result: no
configure:6215: checking for mips-linux-linux26-nagfor
configure:6245: result: no
configure:6259: checking for g77
configure:6289: result: no
configure:6259: checking for xlf
configure:6289: result: no
configure:6259: checking for f77
configure:6289: result: no
configure:6259: checking for frt
configure:6289: result: no
configure:6259: checking for pgf77
configure:6289: result: no
configure:6259: checking for cf77
configure:6289: result: no
configure:6259: checking for fort77
configure:6289: result: no
configure:6259: checking for fl32
configure:6289: result: no
configure:6259: checking for af77
configure:6289: result: no
configure:6259: checking for xlf90
configure:6289: result: no
configure:6259: checking for f90
configure:6289: result: no
configure:6259: checking for pgf90
configure:6289: result: no
configure:6259: checking for pghpf
configure:6289: result: no
configure:6259: checking for epcf90
configure:6289: result: no
configure:6259: checking for gfortran
configure:6289: result: no
configure:6259: checking for g95
configure:6289: result: no
configure:6259: checking for xlf95
configure:6289: result: no
configure:6259: checking for f95
configure:6289: result: no
configure:6259: checking for fort
configure:6289: result: no
configure:6259: checking for ifort
configure:6289: result: no
configure:6259: checking for ifc
configure:6289: result: no
configure:6259: checking for efc
configure:6289: result: no
configure:6259: checking for pgfortran
configure:6289: result: no
configure:6259: checking for pgf95
configure:6289: result: no
configure:6259: checking for lf95
configure:6289: result: no
configure:6259: checking for ftn
configure:6289: result: no
configure:6259: checking for nagfor
configure:6289: result: no
configure:6312: checking for Fortran 77 compiler version
configure:6321:  --version >&5
./configure: line 6323: --version: command not found
configure:6332: $? = 127
configure:6321:  -v >&5
./configure: line 6323: -v: command not found
configure:6332: $? = 127
configure:6321:  -V >&5
./configure: line 6323: -V: command not found
configure:6332: $? = 127
configure:6321:  -qversion >&5
./configure: line 6323: -qversion: command not found
configure:6332: $? = 127
configure:6341: checking whether we are using the GNU Fortran 77 compiler
configure:6354:  -c  conftest.F >&5
./configure: line 2180: -c: command not found
configure:6354: $? = 127
configure: failed program was:
|       program main
| #ifndef __GNUC__
|        choke me
| #endif
| 
|       end
configure:6363: result: no
configure:6369: checking whether  accepts -g
configure:6380:  -c -g conftest.f >&5
./configure: line 2180: -c: command not found
configure:6380: $? = 127
configure: failed program was:
|       program main
| 
|       end
configure:6388: result: no
configure:6421: checking the maximum length of command line arguments
configure:6533: result: 3458764513820540925
configure:6545: checking command to parse mips-openwrt-linux-uclibc-nm output from mips-openwrt-linux-uclibc-gcc object
configure:6650: mips-openwrt-linux-uclibc-gcc -c -I/home/paldier/d7000/ap/gpl/minidlna/libogg-1.1.4/include/  conftest.c >&5
cc1: note: someone does not honour COPTS correctly, passed 0 times
configure:6653: $? = 0
configure:6657: mips-openwrt-linux-uclibc-nm conftest.o \| sed -n -e 's/^.*[ 	]\([ABCDGIRSTW][ABCDGIRSTW]*\)[ 	][ 	]*\([_A-Za-z][_A-Za-z0-9]*\)$/\1 \2 \2/p' \> conftest.nm
configure:6660: $? = 0
configure:6712: mips-openwrt-linux-uclibc-gcc -o conftest -I/home/paldier/d7000/ap/gpl/minidlna/libogg-1.1.4/include/  -L/home/paldier/d7000/ap/gpl/minidlna/libogg-1.1.4/src/.libs/ conftest.c conftstm.o >&5
cc1: note: someone does not honour COPTS correctly, passed 0 times
configure:6715: $? = 0
configure:6753: result: ok
configure:6757: checking for objdir
configure:6772: result: .libs
configure:6824: checking for mips-linux-linux26-ar
configure:6851: result: mips-openwrt-linux-uclibc-ar
configure:6916: checking for mips-linux-linux26-ranlib
configure:6943: result: mips-openwrt-linux-uclibc-ranlib
configure:7008: checking for mips-linux-linux26-strip
configure:7035: result: mips-openwrt-linux-uclibc-strip
configure:7636: checking if mips-openwrt-linux-uclibc-gcc supports -fno-rtti -fno-exceptions
configure:7654: mips-openwrt-linux-uclibc-gcc -c -I/home/paldier/d7000/ap/gpl/minidlna/libogg-1.1.4/include/  -fno-rtti -fno-exceptions conftest.c >&5
cc1: warning: command line option '-fno-rtti' is valid for C++/ObjC++ but not for C [enabled by default]
cc1: note: someone does not honour COPTS correctly, passed 0 times
configure:7658: $? = 0
configure:7671: result: no
configure:7686: checking for mips-openwrt-linux-uclibc-gcc option to produce PIC
configure:7918: result: -fPIC
configure:7926: checking if mips-openwrt-linux-uclibc-gcc PIC flag -fPIC works
configure:7944: mips-openwrt-linux-uclibc-gcc -c -I/home/paldier/d7000/ap/gpl/minidlna/libogg-1.1.4/include/  -fPIC -DPIC conftest.c >&5
cc1: note: someone does not honour COPTS correctly, passed 0 times
configure:7948: $? = 0
configure:7961: result: yes
configure:7989: checking if mips-openwrt-linux-uclibc-gcc static flag -static works
cc1: note: someone does not honour COPTS correctly, passed 0 times
configure:8017: result: yes
configure:8027: checking if mips-openwrt-linux-uclibc-gcc supports -c -o file.o
configure:8048: mips-openwrt-linux-uclibc-gcc -c -I/home/paldier/d7000/ap/gpl/minidlna/libogg-1.1.4/include/  -o out/conftest2.o conftest.c >&5
cc1: note: someone does not honour COPTS correctly, passed 0 times
configure:8052: $? = 0
configure:8074: result: yes
configure:8100: checking whether the mips-openwrt-linux-uclibc-gcc linker (mips-openwrt-linux-uclibc-ld) supports shared libraries
configure:9026: result: yes
configure:9047: checking whether -lc should be explicitly linked in
configure:9052: mips-openwrt-linux-uclibc-gcc -c -I/home/paldier/d7000/ap/gpl/minidlna/libogg-1.1.4/include/  conftest.c >&5
cc1: note: someone does not honour COPTS correctly, passed 0 times
configure:9055: $? = 0
configure:9070: mips-openwrt-linux-uclibc-gcc -shared conftest.o  -v -Wl,-soname -Wl,conftest -o conftest 2\>\&1 \| grep  -lc  \>/dev/null 2\>\&1
configure:9073: $? = 0
configure:9085: result: no
configure:9093: checking dynamic linker characteristics
configure:9697: result: GNU/Linux ld.so
configure:9721: checking how to hardcode library paths into programs
configure:9746: result: immediate
configure:9760: checking whether stripping libraries is possible
configure:9765: result: yes
configure:10282: checking if libtool supports shared libraries
configure:10284: result: yes
configure:10287: checking whether to build shared libraries
configure:10308: result: yes
configure:10311: checking whether to build static libraries
configure:10315: result: yes
configure:10409: creating libtool
configure:10998: checking for ld used by mips-openwrt-linux-uclibc-g++
configure:11065: result: mips-openwrt-linux-uclibc-ld
configure:11072: checking if the linker (mips-openwrt-linux-uclibc-ld) is GNU ld
configure:11087: result: yes
configure:11138: checking whether the mips-openwrt-linux-uclibc-g++ linker (mips-openwrt-linux-uclibc-ld) supports shared libraries
configure:12030: result: yes
configure:12047: mips-openwrt-linux-uclibc-g++ -c -g -O2  conftest.cpp >&5
configure:12050: $? = 0
configure:12206: checking for mips-openwrt-linux-uclibc-g++ option to produce PIC
configure:12490: result: -fPIC
configure:12498: checking if mips-openwrt-linux-uclibc-g++ PIC flag -fPIC works
configure:12516: mips-openwrt-linux-uclibc-g++ -c -g -O2  -fPIC -DPIC conftest.cpp >&5
configure:12520: $? = 0
configure:12533: result: yes
configure:12561: checking if mips-openwrt-linux-uclibc-g++ static flag -static works
configure:12589: result: yes
configure:12599: checking if mips-openwrt-linux-uclibc-g++ supports -c -o file.o
configure:12620: mips-openwrt-linux-uclibc-g++ -c -g -O2  -o out/conftest2.o conftest.cpp >&5
configure:12624: $? = 0
configure:12646: result: yes
configure:12672: checking whether the mips-openwrt-linux-uclibc-g++ linker (mips-openwrt-linux-uclibc-ld) supports shared libraries
configure:12698: result: yes
configure:12765: checking dynamic linker characteristics
configure:13317: result: GNU/Linux ld.so
configure:13341: checking how to hardcode library paths into programs
configure:13366: result: immediate
configure:19488: checking whether mips-openwrt-linux-uclibc-gcc and cc understand -c and -o together
configure:19519: mips-openwrt-linux-uclibc-gcc -c conftest.c -o conftest2.o >&5
cc1: note: someone does not honour COPTS correctly, passed 0 times
configure:19523: $? = 0
configure:19529: mips-openwrt-linux-uclibc-gcc -c conftest.c -o conftest2.o >&5
cc1: note: someone does not honour COPTS correctly, passed 0 times
configure:19533: $? = 0
configure:19544: cc -c conftest.c >&5
configure:19548: $? = 0
configure:19556: cc -c conftest.c -o conftest2.o >&5
configure:19560: $? = 0
configure:19566: cc -c conftest.c -o conftest2.o >&5
configure:19570: $? = 0
configure:19588: result: yes
configure:19745: checking GCC version
configure:19748: result: 4.8.3
configure:19885: checking if mips-openwrt-linux-uclibc-gcc accepts -Wdeclaration-after-statement
configure:19900: mips-openwrt-linux-uclibc-gcc -o conftest -O20 -Wall -Wextra -ffast-math -D_REENTRANT -fsigned-char -Wdeclaration-after-statement  -L/home/paldier/d7000/ap/gpl/minidlna/libogg-1.1.4/src/.libs/ conftest.c  >&5
cc1: note: someone does not honour COPTS correctly, passed 0 times
configure:19900: $? = 0
configure:19901: result: yes
configure:19915: checking for memory.h
configure:19915: result: yes
configure:19927: checking for cos in -lm
configure:19952: mips-openwrt-linux-uclibc-gcc -o conftest -O20 -Wall -Wextra -ffast-math -D_REENTRANT -fsigned-char -Wdeclaration-after-statement -I/home/paldier/d7000/ap/gpl/minidlna/libogg-1.1.4/include/ -DUSE_MEMORY_H  -L/home/paldier/d7000/ap/gpl/minidlna/libogg-1.1.4/src/.libs/ conftest.c -lm   >&5
cc1: note: someone does not honour COPTS correctly, passed 0 times
conftest.c:29:6: warning: conflicting types for built-in function 'cos' [enabled by default]
 char cos ();
      ^
configure:19952: $? = 0
configure:19961: result: yes
configure:19969: checking for pthread_create in -lpthread
configure:19994: mips-openwrt-linux-uclibc-gcc -o conftest -O20 -Wall -Wextra -ffast-math -D_REENTRANT -fsigned-char -Wdeclaration-after-statement -I/home/paldier/d7000/ap/gpl/minidlna/libogg-1.1.4/include/ -DUSE_MEMORY_H  -L/home/paldier/d7000/ap/gpl/minidlna/libogg-1.1.4/src/.libs/ conftest.c -lpthread   >&5
cc1: note: someone does not honour COPTS correctly, passed 0 times
configure:19994: $? = 0
configure:20003: result: yes
configure:20116: checking pkg-config is at least version 0.9.0
configure:20122: result: no
configure:20258: checking for Ogg
configure:20311: result: yes
configure:20367: checking for oggpack_writealign
configure:20367: mips-openwrt-linux-uclibc-gcc -o conftest -O20 -Wall -Wextra -ffast-math -D_REENTRANT -fsigned-char -Wdeclaration-after-statement -I/home/paldier/d7000/ap/gpl/minidlna/libogg-1.1.4/include/ -DUSE_MEMORY_H  -L/home/paldier/d7000/ap/gpl/minidlna/libogg-1.1.4/src/.libs/ conftest.c  -logg -lm >&5
cc1: note: someone does not honour COPTS correctly, passed 0 times
configure:20367: $? = 0
configure:20367: result: yes
configure:20378: checking for size_t
configure:20378: mips-openwrt-linux-uclibc-gcc -c -O20 -Wall -Wextra -ffast-math -D_REENTRANT -fsigned-char -Wdeclaration-after-statement -I/home/paldier/d7000/ap/gpl/minidlna/libogg-1.1.4/include/ -DUSE_MEMORY_H  conftest.c >&5
cc1: note: someone does not honour COPTS correctly, passed 0 times
configure:20378: $? = 0
configure:20378: mips-openwrt-linux-uclibc-gcc -c -O20 -Wall -Wextra -ffast-math -D_REENTRANT -fsigned-char -Wdeclaration-after-statement -I/home/paldier/d7000/ap/gpl/minidlna/libogg-1.1.4/include/ -DUSE_MEMORY_H  conftest.c >&5
cc1: note: someone does not honour COPTS correctly, passed 0 times
conftest.c: In function 'main':
conftest.c:58:21: error: expected expression before ')' token
 if (sizeof ((size_t)))
                     ^
configure:20378: $? = 1
configure: failed program was:
| /* confdefs.h */
| #define PACKAGE_NAME "libvorbis"
| #define PACKAGE_TARNAME "libvorbis"
| #define PACKAGE_VERSION "1.2.3"
| #define PACKAGE_STRING "libvorbis 1.2.3"
| #define PACKAGE_BUGREPORT "vorbis-dev@xiph.org"
| #define PACKAGE_URL ""
| #define PACKAGE "libvorbis"
| #define VERSION "1.2.3"
| #define STDC_HEADERS 1
| #define HAVE_SYS_TYPES_H 1
| #define HAVE_SYS_STAT_H 1
| #define HAVE_STDLIB_H 1
| #define HAVE_STRING_H 1
| #define HAVE_MEMORY_H 1
| #define HAVE_STRINGS_H 1
| #define HAVE_INTTYPES_H 1
| #define HAVE_STDINT_H 1
| #define HAVE_UNISTD_H 1
| #define HAVE_DLFCN_H 1
| /* end confdefs.h.  */
| #include <stdio.h>
| #ifdef HAVE_SYS_TYPES_H
| # include <sys/types.h>
| #endif
| #ifdef HAVE_SYS_STAT_H
| # include <sys/stat.h>
| #endif
| #ifdef STDC_HEADERS
| # include <stdlib.h>
| # include <stddef.h>
| #else
| # ifdef HAVE_STDLIB_H
| #  include <stdlib.h>
| # endif
| #endif
| #ifdef HAVE_STRING_H
| # if !defined STDC_HEADERS && defined HAVE_MEMORY_H
| #  include <memory.h>
| # endif
| # include <string.h>
| #endif
| #ifdef HAVE_STRINGS_H
| # include <strings.h>
| #endif
| #ifdef HAVE_INTTYPES_H
| # include <inttypes.h>
| #endif
| #ifdef HAVE_STDINT_H
| # include <stdint.h>
| #endif
| #ifdef HAVE_UNISTD_H
| # include <unistd.h>
| #endif
| int
| main ()
| {
| if (sizeof ((size_t)))
| 	    return 0;
|   ;
|   return 0;
| }
configure:20378: result: yes
configure:20391: checking for working alloca.h
configure:20408: mips-openwrt-linux-uclibc-gcc -o conftest -O20 -Wall -Wextra -ffast-math -D_REENTRANT -fsigned-char -Wdeclaration-after-statement -I/home/paldier/d7000/ap/gpl/minidlna/libogg-1.1.4/include/ -DUSE_MEMORY_H  -L/home/paldier/d7000/ap/gpl/minidlna/libogg-1.1.4/src/.libs/ conftest.c  >&5
cc1: note: someone does not honour COPTS correctly, passed 0 times
configure:20408: $? = 0
configure:20416: result: yes
configure:20424: checking for alloca
configure:20461: mips-openwrt-linux-uclibc-gcc -o conftest -O20 -Wall -Wextra -ffast-math -D_REENTRANT -fsigned-char -Wdeclaration-after-statement -I/home/paldier/d7000/ap/gpl/minidlna/libogg-1.1.4/include/ -DUSE_MEMORY_H  -L/home/paldier/d7000/ap/gpl/minidlna/libogg-1.1.4/src/.libs/ conftest.c  >&5
cc1: note: someone does not honour COPTS correctly, passed 0 times
configure:20461: $? = 0
configure:20469: result: yes
configure:20575: checking for working memcmp
configure:20628: result: no
configure:20778: creating ./config.status

## ---------------------- ##
## Running config.status. ##
## ---------------------- ##

This file was extended by libvorbis config.status 1.2.3, which was
generated by GNU Autoconf 2.69.  Invocation command line was

  CONFIG_FILES    = 
  CONFIG_HEADERS  = 
  CONFIG_LINKS    = 
  CONFIG_COMMANDS = 
  $ ./config.status 

on paldier-VirtualBox

config.status:927: creating Makefile
config.status:927: creating m4/Makefile
config.status:927: creating lib/Makefile
config.status:927: creating lib/modes/Makefile
config.status:927: creating lib/books/Makefile
config.status:927: creating lib/books/coupled/Makefile
config.status:927: creating lib/books/uncoupled/Makefile
config.status:927: creating lib/books/floor/Makefile
config.status:927: creating doc/Makefile
config.status:927: creating doc/vorbisfile/Makefile
config.status:927: creating doc/vorbisenc/Makefile
config.status:927: creating include/Makefile
config.status:927: creating include/vorbis/Makefile
config.status:927: creating examples/Makefile
config.status:927: creating test/Makefile
config.status:927: creating vq/Makefile
config.status:927: creating libvorbis.spec
config.status:927: creating vorbis.pc
config.status:927: creating vorbisenc.pc
config.status:927: creating vorbisfile.pc
config.status:927: creating vorbis-uninstalled.pc
config.status:927: creating vorbisenc-uninstalled.pc
config.status:927: creating vorbisfile-uninstalled.pc
config.status:927: creating config.h
config.status:1156: executing depfiles commands

## ---------------- ##
## Cache variables. ##
## ---------------- ##

ac_cv_build=x86_64-unknown-linux-gnu
ac_cv_c_compiler_gnu=yes
ac_cv_c_inline=inline
ac_cv_cxx_compiler_gnu=yes
ac_cv_env_CCC_set=
ac_cv_env_CCC_value=
ac_cv_env_CC_set=set
ac_cv_env_CC_value=mips-openwrt-linux-uclibc-gcc
ac_cv_env_CFLAGS_set=set
ac_cv_env_CFLAGS_value=-I/home/paldier/d7000/ap/gpl/minidlna/libogg-1.1.4/include/
ac_cv_env_CPPFLAGS_set=
ac_cv_env_CPPFLAGS_value=
ac_cv_env_CPP_set=set
ac_cv_env_CPP_value='mips-openwrt-linux-uclibc-gcc -E'
ac_cv_env_CXXCPP_set=
ac_cv_env_CXXCPP_value=
ac_cv_env_CXXFLAGS_set=
ac_cv_env_CXXFLAGS_value=
ac_cv_env_CXX_set=set
ac_cv_env_CXX_value=mips-openwrt-linux-uclibc-g++
ac_cv_env_F77_set=
ac_cv_env_F77_value=
ac_cv_env_FFLAGS_set=
ac_cv_env_FFLAGS_value=
ac_cv_env_LDFLAGS_set=set
ac_cv_env_LDFLAGS_value=-L/home/paldier/d7000/ap/gpl/minidlna/libogg-1.1.4/src/.libs/
ac_cv_env_LIBS_set=
ac_cv_env_LIBS_value=
ac_cv_env_OGG_CFLAGS_set=
ac_cv_env_OGG_CFLAGS_value=
ac_cv_env_OGG_LIBS_set=
ac_cv_env_OGG_LIBS_value=
ac_cv_env_PKG_CONFIG_set=set
ac_cv_env_PKG_CONFIG_value=/home/paldier/d7000/staging_dir/host/bin/pkg-config
ac_cv_env_build_alias_set=
ac_cv_env_build_alias_value=
ac_cv_env_host_alias_set=set
ac_cv_env_host_alias_value=mips-linux-linux26
ac_cv_env_target_alias_set=
ac_cv_env_target_alias_value=
ac_cv_f77_compiler_gnu=no
ac_cv_func_alloca_works=yes
ac_cv_func_memcmp_working=no
ac_cv_func_oggpack_writealign=yes
ac_cv_header_dlfcn_h=yes
ac_cv_header_inttypes_h=yes
ac_cv_header_memory_h=yes
ac_cv_header_stdc=yes
ac_cv_header_stdint_h=yes
ac_cv_header_stdlib_h=yes
ac_cv_header_string_h=yes
ac_cv_header_strings_h=yes
ac_cv_header_sys_stat_h=yes
ac_cv_header_sys_types_h=yes
ac_cv_header_unistd_h=yes
ac_cv_host=mips-linux-linux-gnu26
ac_cv_lib_m_cos=yes
ac_cv_lib_pthread_pthread_create=yes
ac_cv_objext=o
ac_cv_path_EGREP='/home/paldier/d7000/staging_dir/host/bin/grep -E'
ac_cv_path_GREP=/home/paldier/d7000/staging_dir/host/bin/grep
ac_cv_path_install='/usr/bin/install -c'
ac_cv_path_mkdir=/bin/mkdir
ac_cv_prog_AR=mips-openwrt-linux-uclibc-ar
ac_cv_prog_AWK=gawk
ac_cv_prog_CC=mips-openwrt-linux-uclibc-gcc
ac_cv_prog_CPP='mips-openwrt-linux-uclibc-gcc -E'
ac_cv_prog_CXXCPP='mips-openwrt-linux-uclibc-g++ -E'
ac_cv_prog_RANLIB=mips-openwrt-linux-uclibc-ranlib
ac_cv_prog_STRIP=mips-openwrt-linux-uclibc-strip
ac_cv_prog_cc_c89=
ac_cv_prog_cc_g=yes
ac_cv_prog_cc_mips_openwrt_linux_uclibc_gcc_c_o=yes
ac_cv_prog_cxx_g=yes
ac_cv_prog_f77_g=no
ac_cv_prog_make_make_set=yes
ac_cv_target=mips-linux-linux-gnu26
ac_cv_type_size_t=yes
ac_cv_working_alloca_h=yes
am_cv_CC_dependencies_compiler_type=gcc3
am_cv_CXX_dependencies_compiler_type=gcc3
lt_cv_deplibs_check_method=pass_all
lt_cv_file_magic_cmd='$MAGIC_CMD'
lt_cv_file_magic_test_file=
lt_cv_ld_reload_flag=-r
lt_cv_objdir=.libs
lt_cv_path_LD=mips-openwrt-linux-uclibc-ld
lt_cv_path_LDCXX=mips-openwrt-linux-uclibc-ld
lt_cv_path_NM=mips-openwrt-linux-uclibc-nm
lt_cv_path_SED=/home/paldier/d7000/staging_dir/host/bin/sed
lt_cv_prog_compiler_c_o=yes
lt_cv_prog_compiler_c_o_CXX=yes
lt_cv_prog_compiler_pic_works=yes
lt_cv_prog_compiler_pic_works_CXX=yes
lt_cv_prog_compiler_rtti_exceptions=no
lt_cv_prog_compiler_static_works=yes
lt_cv_prog_compiler_static_works_CXX=yes
lt_cv_prog_gnu_ld=yes
lt_cv_prog_gnu_ldcxx=yes
lt_cv_sys_global_symbol_pipe='sed -n -e '\''s/^.*[ 	]\([ABCDGIRSTW][ABCDGIRSTW]*\)[ 	][ 	]*\([_A-Za-z][_A-Za-z0-9]*\)$/\1 \2 \2/p'\'''
lt_cv_sys_global_symbol_to_c_name_address='sed -n -e '\''s/^: \([^ ]*\) $/  {\"\1\", (lt_ptr) 0},/p'\'' -e '\''s/^[BCDEGRST] \([^ ]*\) \([^ ]*\)$/  {"\2", (lt_ptr) \&\2},/p'\'''
lt_cv_sys_global_symbol_to_cdecl='sed -n -e '\''s/^. .* \(.*\)$/extern int \1;/p'\'''
lt_cv_sys_lib_dlsearch_path_spec='/usr/lib /lib /var/lib/VBoxGuestAdditions/lib /usr/lib/x86_64-linux-gnu/libfakeroot /lib/i386-linux-gnu /usr/lib/i386-linux-gnu /lib/i686-linux-gnu /usr/lib/i686-linux-gnu /usr/local/lib /lib/x86_64-linux-gnu /usr/lib/x86_64-linux-gnu /usr/lib/x86_64-linux-gnu/mesa-egl /usr/lib/x86_64-linux-gnu/mesa /lib32 /usr/lib32 /libx32 /usr/libx32 '
lt_cv_sys_lib_search_path_spec='/usr/lib /lib /usr/local/lib'
lt_cv_sys_max_cmd_len=3458764513820540925
lt_lt_cv_prog_compiler_c_o='"yes"'
lt_lt_cv_prog_compiler_c_o_CXX='"yes"'
lt_lt_cv_sys_global_symbol_pipe='"sed -n -e '\''s/^.*[ 	]\\([ABCDGIRSTW][ABCDGIRSTW]*\\)[ 	][ 	]*\\([_A-Za-z][_A-Za-z0-9]*\\)\$/\\1 \\2 \\2/p'\''"'
lt_lt_cv_sys_global_symbol_to_c_name_address='"sed -n -e '\''s/^: \\([^ ]*\\) \$/  {\\\"\\1\\\", (lt_ptr) 0},/p'\'' -e '\''s/^[BCDEGRST] \\([^ ]*\\) \\([^ ]*\\)\$/  {\"\\2\", (lt_ptr) \\&\\2},/p'\''"'
lt_lt_cv_sys_global_symbol_to_cdecl='"sed -n -e '\''s/^. .* \\(.*\\)\$/extern int \\1;/p'\''"'

## ----------------- ##
## Output variables. ##
## ----------------- ##

ACLOCAL='${SHELL} /home/paldier/d7000/ap/gpl/minidlna/libvorbis-1.2.3/missing --run aclocal-1.10'
ACLOCAL_AMFLAGS='-I m4'
ALLOCA=''
AMDEPBACKSLASH='\'
AMDEP_FALSE='#'
AMDEP_TRUE=''
AMTAR='${SHELL} /home/paldier/d7000/ap/gpl/minidlna/libvorbis-1.2.3/missing --run tar'
AR='mips-openwrt-linux-uclibc-ar'
AS='mips-openwrt-linux-uclibc-as'
AUTOCONF='${SHELL} /home/paldier/d7000/ap/gpl/minidlna/libvorbis-1.2.3/missing --run autoconf'
AUTOHEADER='${SHELL} /home/paldier/d7000/ap/gpl/minidlna/libvorbis-1.2.3/missing --run autoheader'
AUTOMAKE='${SHELL} /home/paldier/d7000/ap/gpl/minidlna/libvorbis-1.2.3/missing --run automake-1.10'
AWK='gawk'
BUILD_DOCS_FALSE=''
BUILD_DOCS_TRUE='#'
CC='mips-openwrt-linux-uclibc-gcc'
CCDEPMODE='depmode=gcc3'
CFLAGS='-O20 -Wall -Wextra -ffast-math -D_REENTRANT -fsigned-char -Wdeclaration-after-statement -I/home/paldier/d7000/ap/gpl/minidlna/libogg-1.1.4/include/ -DUSE_MEMORY_H'
CPP='mips-openwrt-linux-uclibc-gcc -E'
CPPFLAGS=''
CXX='mips-openwrt-linux-uclibc-g++'
CXXCPP='mips-openwrt-linux-uclibc-g++ -E'
CXXDEPMODE='depmode=gcc3'
CXXFLAGS='-g -O2'
CYGPATH_W='echo'
DEBUG='-g -Wall -Wextra -D_REENTRANT -D__NO_MATH_INLINES -fsigned-char'
DEFS='-DHAVE_CONFIG_H'
DEPDIR='.deps'
DLLTOOL='dlltool'
DSYMUTIL=''
ECHO='echo'
ECHO_C=''
ECHO_N='-n'
ECHO_T=''
EGREP='/home/paldier/d7000/staging_dir/host/bin/grep -E'
EXEEXT=''
F77=''
FFLAGS=''
GREP='/home/paldier/d7000/staging_dir/host/bin/grep'
HTLATEX=''
INSTALL_DATA='${INSTALL} -m 644'
INSTALL_PROGRAM='${INSTALL}'
INSTALL_SCRIPT='${INSTALL}'
INSTALL_STRIP_PROGRAM='$(install_sh) -c -s'
LDFLAGS='-L/home/paldier/d7000/ap/gpl/minidlna/libogg-1.1.4/src/.libs/'
LIBOBJS=' ${LIBOBJDIR}memcmp$U.o'
LIBS=''
LIBTOOL='$(SHELL) $(top_builddir)/libtool'
LIBTOOL_DEPS='./ltmain.sh'
LN_S='ln -s'
LTLIBOBJS=' ${LIBOBJDIR}memcmp$U.lo'
MAKEINFO='${SHELL} /home/paldier/d7000/ap/gpl/minidlna/libvorbis-1.2.3/missing --run makeinfo'
MKDIR_P='/bin/mkdir -p'
NMEDIT=''
OBJDUMP='mips-openwrt-linux-uclibc-objdump'
OBJEXT='o'
OGG_CFLAGS=''
OGG_LIBS=' -logg'
PACKAGE='libvorbis'
PACKAGE_BUGREPORT='vorbis-dev@xiph.org'
PACKAGE_NAME='libvorbis'
PACKAGE_STRING='libvorbis 1.2.3'
PACKAGE_TARNAME='libvorbis'
PACKAGE_URL=''
PACKAGE_VERSION='1.2.3'
PATH_SEPARATOR=':'
PDFLATEX=''
PKG_CONFIG=''
PROFILE='-pg -g -O20 -ffast-math -D_REENTRANT -fsigned-char'
RANLIB='mips-openwrt-linux-uclibc-ranlib'
SED='/home/paldier/d7000/staging_dir/host/bin/sed'
SET_MAKE=''
SHELL='/bin/bash'
STRIP='mips-openwrt-linux-uclibc-strip'
VERSION='1.2.3'
VE_LIB_AGE='0'
VE_LIB_CURRENT='2'
VE_LIB_REVISION='6'
VF_LIB_AGE='3'
VF_LIB_CURRENT='6'
VF_LIB_REVISION='2'
VORBIS_LIBS='-lm'
V_LIB_AGE='4'
V_LIB_CURRENT='4'
V_LIB_REVISION='3'
ac_ct_CC=''
ac_ct_CXX=''
ac_ct_F77=''
am__fastdepCC_FALSE='#'
am__fastdepCC_TRUE=''
am__fastdepCXX_FALSE='#'
am__fastdepCXX_TRUE=''
am__include='include'
am__isrc=''
am__leading_dot='.'
am__quote=''
am__tar='${AMTAR} chof - "$$tardir"'
am__untar='${AMTAR} xf -'
bindir='${exec_prefix}/bin'
build='x86_64-unknown-linux-gnu'
build_alias=''
build_cpu='x86_64'
build_os='linux-gnu'
build_vendor='unknown'
datadir='${datarootdir}'
datarootdir='${prefix}/share'
docdir='${datarootdir}/doc/${PACKAGE_TARNAME}'
dvidir='${docdir}'
exec_prefix='${prefix}'
host='mips-linux-linux-gnu26'
host_alias='mips-linux-linux26'
host_cpu='mips'
host_os='linux-gnu26'
host_vendor='linux'
htmldir='${docdir}'
includedir='${prefix}/include'
infodir='${datarootdir}/info'
install_sh='$(SHELL) /home/paldier/d7000/ap/gpl/minidlna/libvorbis-1.2.3/install-sh'
libdir='${exec_prefix}/lib'
libexecdir='${exec_prefix}/libexec'
localedir='${datarootdir}/locale'
localstatedir='${prefix}/var'
mandir='${datarootdir}/man'
mkdir_p='/bin/mkdir -p'
oldincludedir='/usr/include'
pdfdir='${docdir}'
prefix='/usr/local'
program_transform_name='s,x,x,'
psdir='${docdir}'
pthread_lib='-lpthread'
sbindir='${exec_prefix}/sbin'
sharedstatedir='${prefix}/com'
sysconfdir='${prefix}/etc'
target='mips-linux-linux-gnu26'
target_alias=''
target_cpu='mips'
target_os='linux-gnu26'
target_vendor='linux'

## ----------- ##
## confdefs.h. ##
## ----------- ##

/* confdefs.h */
#define PACKAGE_NAME "libvorbis"
#define PACKAGE_TARNAME "libvorbis"
#define PACKAGE_VERSION "1.2.3"
#define PACKAGE_STRING "libvorbis 1.2.3"
#define PACKAGE_BUGREPORT "vorbis-dev@xiph.org"
#define PACKAGE_URL ""
#define PACKAGE "libvorbis"
#define VERSION "1.2.3"
#define STDC_HEADERS 1
#define HAVE_SYS_TYPES_H 1
#define HAVE_SYS_STAT_H 1
#define HAVE_STDLIB_H 1
#define HAVE_STRING_H 1
#define HAVE_MEMORY_H 1
#define HAVE_STRINGS_H 1
#define HAVE_INTTYPES_H 1
#define HAVE_STDINT_H 1
#define HAVE_UNISTD_H 1
#define HAVE_DLFCN_H 1
#define HAVE_ALLOCA_H 1
#define HAVE_ALLOCA 1

configure: exit 0
