# ./configure --enable-shared --enable-gpl --arch=mips --cc=mips-openwrt-linux-uclibc-gcc --enable-cross-compile --disable-muxers --disable-encoders --disable-filters --disable-vhook --extra-cflags=-fPIC
ACOSTOPDIR='/home/paldier/d7000/ap/acos'
AR='mips-openwrt-linux-uclibc-ar'
ARCH='mips'
ARCH_EXT_LIST='
    altivec
    amd3dnow
    amd3dnowext
    armv5te
    armv6
    armv6t2
    armvfp
    iwmmxt
    mmi
    mmx
    mmx2
    neon
    ppc4xx
    sse
    ssse3
    vis
'
ARCH_LIST='
    alpha
    arm
    bfin
    ia64
    m68k
    mips
    parisc
    ppc
    s390
    sh4
    sparc
    sparc64
    x86
    x86_32
    x86_64
'
AS='mips-openwrt-linux-uclibc-as'
BASEDIR='/home/paldier/d7000'
BISON_PKGDATADIR='/home/paldier/d7000/staging_dir/host/share/bison'
BSF_LIST='dump_extradata_bsf
h264_mp4toannexb_bsf
imx_dump_header_bsf
mjpega_dump_header_bsf
mp3_header_compress_bsf
mp3_header_decompress_bsf
mov2textsub_bsf
noise_bsf
remove_extradata_bsf
text2movsub_bsf'
BUILD='x86_64-unknown-linux-gnu'
CC='mips-openwrt-linux-uclibc-gcc'
CFLAGS=' -Os -DXAGENT_CLOUD_SUPPORT -DD7000v2 -DCONFIG_INTEL_SDK -DOPENDNS_PARENTAL_CONTROL -Os -D_ISOC99_SOURCE -D_POSIX_C_SOURCE=200112 -fPIC'
CLUTTER_IM_MODULE='xim'
CMDLINE_SELECT='
    
    altivec
    amd3dnow
    amd3dnowext
    armv5te
    armv6
    armv6t2
    armvfp
    iwmmxt
    mmi
    mmx
    mmx2
    neon
    ppc4xx
    sse
    ssse3
    vis

    
    
    bsfs
    decoders
    demuxers
    encoders
    filters
    indevs
    muxers
    outdevs
    parsers
    protocols

    aandct
    avfilter
    avfilter_lavf
    avisynth
    beos_netserver
    bzlib
    fastdiv
    ffmpeg
    ffplay
    ffserver
    fft
    golomb
    gpl
    gprof
    gray
    hardcoded_tables
    ipv6
    libamr_nb
    libamr_wb
    libdc1394
    libdirac
    libfaac
    libfaad
    libfaadbin
    libgsm
    libmp3lame
    libnut
    libopencore_amrnb
    libopencore_amrwb
    libopenjpeg
    libschroedinger
    libspeex
    libtheora
    libvorbis
    libx264
    libxvid
    mdct
    memalign_hack
    mlib
    mpegaudio_hp
    network
    nonfree
    postproc
    powerpc_perf
    rdft
    runtime_cpudetect
    shared
    small
    static
    swscale
    vdpau
    vhook
    version3
    x11grab
    zlib

    
    beosthreads
    os2threads
    pthreads
    w32threads

    cross_compile
    debug
    extra_warnings
    logging
    optimizations
    stripping
    yasm
'
CMDLINE_SET='
    
    bindir
    datadir
    incdir
    libdir
    mandir
    prefix
    shlibdir

    arch
    build_suffix
    cc
    cpu
    cross_prefix
    extra_version
    host_cc
    host_cflags
    host_ldflags
    host_libs
    logfile
    nm
    source_path
    sysinclude
    sysroot
    target_exec
    target_os
    target_path
'
COLORTERM='gnome-terminal'
COMMON_KERNELPATH='/home/paldier/d7000/build_dir/target-mips_mips32_uClibc-0.9.33.2_grx350_1600_mr_vdsl_lte_sec_gw_711/linux-lantiq_xrx500/linux-3.10.102'
COMMON_KERNEL_MODULE_TARGETDIR='/home/paldier/d7000/build_dir/target-mips_mips32_uClibc-0.9.33.2_grx350_1600_opensrc_71_sample/root-lantiq/lib/modules/3.10.102/acos'
COMPIZ_BIN_PATH='/usr/bin/'
COMPIZ_CONFIG_PROFILE='ubuntu'
COMPONENT_LIST='
    bsfs
    decoders
    demuxers
    encoders
    filters
    indevs
    muxers
    outdevs
    parsers
    protocols
'
CONFIGURE='./configure --target=mips-openwrt-linux --host=mips-openwrt-linux --build=x86_64-linux-gnu --program-prefix= --program-suffix= --prefix=/usr --exec-prefix=/usr --bindir=/usr/bin --sbindir=/usr/sbin --libexecdir=/usr/lib --sysconfdir=/etc --datadir=/usr/share --localstatedir=/var'
CONFIG_EXTRA='
    gplv3
    lgplv3
    oldscaler
'
CONFIG_INTEL_SDK='y'
CONFIG_LIST='
    
    bsfs
    decoders
    demuxers
    encoders
    filters
    indevs
    muxers
    outdevs
    parsers
    protocols

    aandct
    avfilter
    avfilter_lavf
    avisynth
    beos_netserver
    bzlib
    fastdiv
    ffmpeg
    ffplay
    ffserver
    fft
    golomb
    gpl
    gprof
    gray
    hardcoded_tables
    ipv6
    libamr_nb
    libamr_wb
    libdc1394
    libdirac
    libfaac
    libfaad
    libfaadbin
    libgsm
    libmp3lame
    libnut
    libopencore_amrnb
    libopencore_amrwb
    libopenjpeg
    libschroedinger
    libspeex
    libtheora
    libvorbis
    libx264
    libxvid
    mdct
    memalign_hack
    mlib
    mpegaudio_hp
    network
    nonfree
    postproc
    powerpc_perf
    rdft
    runtime_cpudetect
    shared
    small
    static
    swscale
    vdpau
    vhook
    version3
    x11grab
    zlib
'
CPP='mips-openwrt-linux-uclibc-gcc -E'
CROSS_COMPILE='mips-openwrt-linux-uclibc-'
CXX='mips-openwrt-linux-uclibc-g++'
DBUS_SESSION_BUS_ADDRESS='unix:abstract=/tmp/dbus-bwoFBIyTpr'
DECODER_LIST='aasc_decoder
amv_decoder
asv1_decoder
asv2_decoder
avs_decoder
bethsoftvid_decoder
bfi_decoder
bmp_decoder
c93_decoder
cavs_decoder
cinepak_decoder
cljr_decoder
cscd_decoder
cyuv_decoder
dnxhd_decoder
dsicinvideo_decoder
dvvideo_decoder
dxa_decoder
eacmv_decoder
eatgq_decoder
eatgv_decoder
eatqi_decoder
eightbps_decoder
eightsvx_exp_decoder
eightsvx_fib_decoder
escape124_decoder
ffv1_decoder
ffvhuff_decoder
flashsv_decoder
flic_decoder
flv_decoder
fourxm_decoder
fraps_decoder
gif_decoder
h261_decoder
h263_decoder
h263i_decoder
h264_decoder
h264_vdpau_decoder
huffyuv_decoder
idcin_decoder
indeo2_decoder
indeo3_decoder
interplay_video_decoder
jpegls_decoder
kmvc_decoder
loco_decoder
mdec_decoder
mimic_decoder
mjpeg_decoder
mjpegb_decoder
mmvideo_decoder
motionpixels_decoder
mpeg_xvmc_decoder
mpeg1video_decoder
mpeg2video_decoder
mpeg4_decoder
mpegvideo_decoder
mpeg_vdpau_decoder
mpeg1_vdpau_decoder
msmpeg4v1_decoder
msmpeg4v2_decoder
msmpeg4v3_decoder
msrle_decoder
msvideo1_decoder
mszh_decoder
nuv_decoder
pcx_decoder
png_decoder
ptx_decoder
qdraw_decoder
qpeg_decoder
qtrle_decoder
rawvideo_decoder
rl2_decoder
roq_decoder
rpza_decoder
rv10_decoder
rv20_decoder
rv30_decoder
rv40_decoder
sgi_decoder
smacker_decoder
smc_decoder
snow_decoder
sp5x_decoder
sunrast_decoder
svq1_decoder
svq3_decoder
targa_decoder
theora_decoder
thp_decoder
tiertexseqvideo_decoder
tiff_decoder
truemotion1_decoder
truemotion2_decoder
tscc_decoder
txd_decoder
ulti_decoder
vb_decoder
vc1_decoder
vc1_vdpau_decoder
vcr1_decoder
vmdvideo_decoder
vmnc_decoder
vp3_decoder
vp5_decoder
vp6_decoder
vp6a_decoder
vp6f_decoder
vqa_decoder
wmv1_decoder
wmv2_decoder
wmv3_decoder
wmv3_vdpau_decoder
wnv1_decoder
xan_wc3_decoder
xl_decoder
zlib_decoder
zmbv_decoder
aac_decoder
ac3_decoder
alac_decoder
ape_decoder
atrac3_decoder
cook_decoder
dca_decoder
dsicinaudio_decoder
eac3_decoder
flac_decoder
imc_decoder
mace3_decoder
mace6_decoder
mlp_decoder
mp1_decoder
mp2_decoder
mp3_decoder
mp3adu_decoder
mp3on4_decoder
mpc7_decoder
mpc8_decoder
nellymoser_decoder
qcelp_decoder
qdm2_decoder
ra_144_decoder
ra_288_decoder
shorten_decoder
smackaud_decoder
sonic_decoder
truespeech_decoder
tta_decoder
vmdaudio_decoder
vorbis_decoder
wavpack_decoder
wmav1_decoder
wmav2_decoder
ws_snd1_decoder
pcm_alaw_decoder
pcm_dvd_decoder
pcm_f32be_decoder
pcm_f32le_decoder
pcm_f64be_decoder
pcm_f64le_decoder
pcm_mulaw_decoder
pcm_s8_decoder
pcm_s16be_decoder
pcm_s16le_decoder
pcm_s16le_planar_decoder
pcm_s24be_decoder
pcm_s24daud_decoder
pcm_s24le_decoder
pcm_s32be_decoder
pcm_s32le_decoder
pcm_u8_decoder
pcm_u16be_decoder
pcm_u16le_decoder
pcm_u24be_decoder
pcm_u24le_decoder
pcm_u32be_decoder
pcm_u32le_decoder
pcm_zork_decoder
interplay_dpcm_decoder
roq_dpcm_decoder
sol_dpcm_decoder
xan_dpcm_decoder
adpcm_4xm_decoder
adpcm_adx_decoder
adpcm_ct_decoder
adpcm_ea_decoder
adpcm_ea_maxis_xa_decoder
adpcm_ea_r1_decoder
adpcm_ea_r2_decoder
adpcm_ea_r3_decoder
adpcm_ea_xas_decoder
adpcm_g726_decoder
adpcm_ima_amv_decoder
adpcm_ima_dk3_decoder
adpcm_ima_dk4_decoder
adpcm_ima_ea_eacs_decoder
adpcm_ima_ea_sead_decoder
adpcm_ima_iss_decoder
adpcm_ima_qt_decoder
adpcm_ima_smjpeg_decoder
adpcm_ima_wav_decoder
adpcm_ima_ws_decoder
adpcm_ms_decoder
adpcm_sbpro_2_decoder
adpcm_sbpro_3_decoder
adpcm_sbpro_4_decoder
adpcm_swf_decoder
adpcm_thp_decoder
adpcm_xa_decoder
adpcm_yamaha_decoder
dvbsub_decoder
dvdsub_decoder
xsub_decoder
libamr_nb_decoder
libamr_wb_decoder
libdirac_decoder
libfaad_decoder
libgsm_decoder
libgsm_ms_decoder
libopencore_amrnb_decoder
libopencore_amrwb_decoder
libopenjpeg_decoder
libschroedinger_decoder
libspeex_decoder'
DEFAULTS_PATH='/usr/share/gconf/ubuntu.default.path'
DEMUXER_LIST='aac_demuxer
ac3_demuxer
aiff_demuxer
amr_demuxer
apc_demuxer
ape_demuxer
asf_demuxer
ass_demuxer
au_demuxer
avi_demuxer
avisynth_demuxer
avs_demuxer
bethsoftvid_demuxer
bfi_demuxer
c93_demuxer
cavsvideo_demuxer
daud_demuxer
dirac_demuxer
dnxhd_demuxer
dsicin_demuxer
dts_demuxer
dv_demuxer
dxa_demuxer
ea_demuxer
ea_cdata_demuxer
eac3_demuxer
ffm_demuxer
flac_demuxer
flic_demuxer
flv_demuxer
fourxm_demuxer
gsm_demuxer
gxf_demuxer
h261_demuxer
h263_demuxer
h264_demuxer
idcin_demuxer
iff_demuxer
image2_demuxer
image2pipe_demuxer
ingenient_demuxer
ipmovie_demuxer
iss_demuxer
lmlm4_demuxer
m4v_demuxer
matroska_demuxer
mjpeg_demuxer
mlp_demuxer
mm_demuxer
mmf_demuxer
mov_demuxer
mp3_demuxer
mpc_demuxer
mpc8_demuxer
mpegps_demuxer
mpegts_demuxer
mpegtsraw_demuxer
mpegvideo_demuxer
msnwc_tcp_demuxer
mtv_demuxer
mvi_demuxer
mxf_demuxer
nc_demuxer
nsv_demuxer
nut_demuxer
nuv_demuxer
ogg_demuxer
oma_demuxer
pcm_alaw_demuxer
pcm_mulaw_demuxer
pcm_f64be_demuxer
pcm_f64le_demuxer
pcm_f32be_demuxer
pcm_f32le_demuxer
pcm_s32be_demuxer
pcm_s32le_demuxer
pcm_s24be_demuxer
pcm_s24le_demuxer
pcm_s16be_demuxer
pcm_s16le_demuxer
pcm_s8_demuxer
pcm_u32be_demuxer
pcm_u32le_demuxer
pcm_u24be_demuxer
pcm_u24le_demuxer
pcm_u16be_demuxer
pcm_u16le_demuxer
pcm_u8_demuxer
pva_demuxer
r3d_demuxer
rawvideo_demuxer
redir_demuxer
rl2_demuxer
rm_demuxer
roq_demuxer
rpl_demuxer
rtsp_demuxer
sdp_demuxer
segafilm_demuxer
shorten_demuxer
siff_demuxer
smacker_demuxer
sol_demuxer
str_demuxer
swf_demuxer
thp_demuxer
tiertexseq_demuxer
tta_demuxer
txd_demuxer
vc1_demuxer
vc1t_demuxer
vmd_demuxer
voc_demuxer
wav_demuxer
wc3_demuxer
wsaud_demuxer
wsvqa_demuxer
wv_demuxer
xa_demuxer
yuv4mpegpipe_demuxer
libnut_demuxer'
DEPEND_CMD='$(CC) $(CFLAGS) -MM $< | sed -e "/^\#.*/d" -e "s,^[[:space:]]*$(*F)\\.o,$(@D)/$(*F).o,"'
DESKTOP_SESSION='ubuntu'
DISPLAY=':0'
E1='0'
E2='2'
ENCODER_LIST='asv1_encoder
asv2_encoder
bmp_encoder
dnxhd_encoder
dvvideo_encoder
ffv1_encoder
ffvhuff_encoder
flashsv_encoder
flv_encoder
gif_encoder
h261_encoder
h263_encoder
h263p_encoder
huffyuv_encoder
jpegls_encoder
ljpeg_encoder
mjpeg_encoder
mpeg1video_encoder
mpeg2video_encoder
mpeg4_encoder
msmpeg4v1_encoder
msmpeg4v2_encoder
msmpeg4v3_encoder
pam_encoder
pbm_encoder
pgm_encoder
pgmyuv_encoder
png_encoder
ppm_encoder
qtrle_encoder
rawvideo_encoder
roq_encoder
rv10_encoder
rv20_encoder
sgi_encoder
snow_encoder
svq1_encoder
targa_encoder
tiff_encoder
wmv1_encoder
wmv2_encoder
zlib_encoder
zmbv_encoder
ac3_encoder
alac_encoder
flac_encoder
mp2_encoder
nellymoser_encoder
sonic_encoder
sonic_ls_encoder
vorbis_encoder
wmav1_encoder
wmav2_encoder
pcm_alaw_encoder
pcm_f32be_encoder
pcm_f32le_encoder
pcm_f64be_encoder
pcm_f64le_encoder
pcm_mulaw_encoder
pcm_s8_encoder
pcm_s16be_encoder
pcm_s16le_encoder
pcm_s24be_encoder
pcm_s24daud_encoder
pcm_s24le_encoder
pcm_s32be_encoder
pcm_s32le_encoder
pcm_u8_encoder
pcm_u16be_encoder
pcm_u16le_encoder
pcm_u24be_encoder
pcm_u24le_encoder
pcm_u32be_encoder
pcm_u32le_encoder
pcm_zork_encoder
roq_dpcm_encoder
adpcm_adx_encoder
adpcm_g726_encoder
adpcm_ima_qt_encoder
adpcm_ima_wav_encoder
adpcm_ms_encoder
adpcm_swf_encoder
adpcm_yamaha_encoder
dvbsub_encoder
dvdsub_encoder
libamr_nb_encoder
libamr_wb_encoder
libdirac_encoder
libfaac_encoder
libgsm_encoder
libgsm_ms_encoder
libmp3lame_encoder
libopencore_amrnb_encoder
libschroedinger_encoder
libtheora_encoder
libvorbis_encoder
libx264_encoder
libxvid_encoder'
EXTRA_OPTIMIZATION='-fno-caller-saves'
FFMPEG_CONFIGURATION='--enable-shared --enable-gpl --arch=mips --cc=mips-openwrt-linux-uclibc-gcc --enable-cross-compile --disable-muxers --disable-encoders --disable-filters --disable-vhook --extra-cflags=-fPIC'
FFSERVERLDFLAGS='-Wl,-E'
FILTER_LIST='crop_filter'
FULLNAME='$(NAME)$(BUILDSUF)'
FW_NAME='D7000v2'
FW_TYPE='WW'
GCC_HONOUR_COPTS='0'
GDMSESSION='ubuntu'
GDM_LANG='zh_CN'
GNOME_DESKTOP_SESSION_ID='this-is-deprecated'
GNOME_KEYRING_CONTROL='/run/user/1000/keyring-F88V8s'
GNOME_KEYRING_PID='1549'
GPG_AGENT_INFO='/run/user/1000/keyring-F88V8s/gpg:0:1'
GPLTOPDIR='/home/paldier/d7000/ap/gpl'
GTK_IM_MODULE='ibus'
GTK_MODULES='overlay-scrollbar:unity-gtk-module'
HAVE_LIST='
    
    altivec
    amd3dnow
    amd3dnowext
    armv5te
    armv6
    armv6t2
    armvfp
    iwmmxt
    mmi
    mmx
    mmx2
    neon
    ppc4xx
    sse
    ssse3
    vis

    
    beosthreads
    os2threads
    pthreads
    w32threads

    alsa_asoundlib_h
    altivec_h
    arpa_inet_h
    bswap
    closesocket
    cmov
    conio_h
    dcbzl
    dev_bktr_ioctl_bt848_h
    dev_bktr_ioctl_meteor_h
    dev_ic_bt8xx_h
    dev_video_meteor_ioctl_meteor_h
    dev_video_bktr_ioctl_bt848_h
    dlfcn_h
    dlopen
    dos_paths
    ebp_available
    ebx_available
    fast_64bit
    fast_cmov
    fast_unaligned
    fork
    freetype2
    gethrtime
    GetProcessTimes
    getrusage
    imlib2
    inet_aton
    inline_asm
    libdc1394_1
    libdc1394_2
    llrint
    lrint
    lrintf
    machine_ioctl_bt848_h
    machine_ioctl_meteor_h
    malloc_h
    memalign
    mkstemp
    pld
    posix_memalign
    ppc64
    round
    roundf
    sdl
    sdl_video_size
    setmode
    socklen_t
    soundcard_h
    poll_h
    sys_mman_h
    sys_resource_h
    sys_select_h
    sys_soundcard_h
    sys_videoio_h
    ten_operands
    termios_h
    threads
    truncf
    winsock2_h
    yasm
'
HOME='/home/paldier'
HOSTCC='gcc'
HOSTCC_NOCACHE='gcc'
IFS=' 	
'
IM_CONFIG_PHASE='1'
INDEV_LIST='alsa_demuxer
audio_beos_demuxer
bktr_demuxer
dv1394_demuxer
oss_demuxer
v4l2_demuxer
v4l_demuxer
vfwcap_demuxer
x11_grab_device_demuxer
libdc1394_demuxer'
INSTALL_DIR='/home/paldier/d7000/build_dir/target-mips_mips32_uClibc-0.9.33.2_grx350_1600_opensrc_71_sample/root-lantiq'
INSTANCE=''
JOB='dbus'
LANG='C'
LANGUAGE='zh_CN:zh'
LC_ALL='C'
LD='mips-openwrt-linux-uclibc-ld'
LESSCLOSE='/usr/bin/lesspipe %s %s'
LESSOPEN='| /usr/bin/lesspipe %s'
LIBNAME='$(LIBPREF)$(FULLNAME)$(LIBSUF)'
LIBPREF='lib'
LIBSUF='.a'
LIB_INSTALL_EXTRA_CMD='$(RANLIB) "$(LIBDIR)/$(LIBNAME)"'
LOGNAME='paldier'
LS_COLORS='rs=0:di=01;34:ln=01;36:mh=00:pi=40;33:so=01;35:do=01;35:bd=40;33;01:cd=40;33;01:or=40;31;01:su=37;41:sg=30;43:ca=30;41:tw=30;42:ow=34;42:st=37;44:ex=01;32:*.tar=01;31:*.tgz=01;31:*.arj=01;31:*.taz=01;31:*.lzh=01;31:*.lzma=01;31:*.tlz=01;31:*.txz=01;31:*.zip=01;31:*.z=01;31:*.Z=01;31:*.dz=01;31:*.gz=01;31:*.lz=01;31:*.xz=01;31:*.bz2=01;31:*.bz=01;31:*.tbz=01;31:*.tbz2=01;31:*.tz=01;31:*.deb=01;31:*.rpm=01;31:*.jar=01;31:*.war=01;31:*.ear=01;31:*.sar=01;31:*.rar=01;31:*.ace=01;31:*.zoo=01;31:*.cpio=01;31:*.7z=01;31:*.rz=01;31:*.jpg=01;35:*.jpeg=01;35:*.gif=01;35:*.bmp=01;35:*.pbm=01;35:*.pgm=01;35:*.ppm=01;35:*.tga=01;35:*.xbm=01;35:*.xpm=01;35:*.tif=01;35:*.tiff=01;35:*.png=01;35:*.svg=01;35:*.svgz=01;35:*.mng=01;35:*.pcx=01;35:*.mov=01;35:*.mpg=01;35:*.mpeg=01;35:*.m2v=01;35:*.mkv=01;35:*.webm=01;35:*.ogm=01;35:*.mp4=01;35:*.m4v=01;35:*.mp4v=01;35:*.vob=01;35:*.qt=01;35:*.nuv=01;35:*.wmv=01;35:*.asf=01;35:*.rm=01;35:*.rmvb=01;35:*.flc=01;35:*.avi=01;35:*.fli=01;35:*.flv=01;35:*.gl=01;35:*.dl=01;35:*.xcf=01;35:*.xwd=01;35:*.yuv=01;35:*.cgm=01;35:*.emf=01;35:*.axv=01;35:*.anx=01;35:*.ogv=01;35:*.ogx=01;35:*.aac=00;36:*.au=00;36:*.flac=00;36:*.mid=00;36:*.midi=00;36:*.mka=00;36:*.mp3=00;36:*.mpc=00;36:*.ogg=00;36:*.ra=00;36:*.wav=00;36:*.axa=00;36:*.oga=00;36:*.spx=00;36:*.xspf=00;36:'
M4='/home/paldier/d7000/staging_dir/host/bin/m4'
MAKEFLAGS='w -- V=s'
MAKELEVEL='3'
MAKEOVERRIDES='${-*-command-variables-*-}'
MANDATORY_PATH='/usr/share/gconf/ubuntu.mandatory.path'
MFLAGS='-w'
MUXER_LIST='ac3_muxer
adts_muxer
aiff_muxer
amr_muxer
asf_muxer
ass_muxer
asf_stream_muxer
au_muxer
avi_muxer
avm2_muxer
crc_muxer
daud_muxer
dirac_muxer
dnxhd_muxer
dts_muxer
dv_muxer
eac3_muxer
ffm_muxer
flac_muxer
flv_muxer
framecrc_muxer
gif_muxer
gxf_muxer
h261_muxer
h263_muxer
h264_muxer
image2_muxer
image2pipe_muxer
ipod_muxer
m4v_muxer
matroska_muxer
matroska_audio_muxer
mjpeg_muxer
mmf_muxer
mov_muxer
mp2_muxer
mp3_muxer
mp4_muxer
mpeg1system_muxer
mpeg1vcd_muxer
mpeg1video_muxer
mpeg2dvd_muxer
mpeg2svcd_muxer
mpeg2video_muxer
mpeg2vob_muxer
mpegts_muxer
mpjpeg_muxer
mxf_muxer
mxf_d10_muxer
null_muxer
nut_muxer
ogg_muxer
pcm_alaw_muxer
pcm_mulaw_muxer
pcm_f64be_muxer
pcm_f64le_muxer
pcm_f32be_muxer
pcm_f32le_muxer
pcm_s32be_muxer
pcm_s32le_muxer
pcm_s24be_muxer
pcm_s24le_muxer
pcm_s16be_muxer
pcm_s16le_muxer
pcm_s8_muxer
pcm_u32be_muxer
pcm_u32le_muxer
pcm_u24be_muxer
pcm_u24le_muxer
pcm_u16be_muxer
pcm_u16le_muxer
pcm_u8_muxer
psp_muxer
rawvideo_muxer
rm_muxer
roq_muxer
rtp_muxer
swf_muxer
tg2_muxer
tgp_muxer
vc1t_muxer
voc_muxer
wav_muxer
yuv4mpegpipe_muxer
libnut_muxer'
NM='mips-openwrt-linux-uclibc-nm'
NO_TRACE_MAKE='make V=ss'
OBJCOPY='mips-openwrt-linux-uclibc-objcopy'
OBJDUMP='mips-openwrt-linux-uclibc-objdump'
OLDPWD='/home/paldier/d7000/ap/gpl/minidlna'
OPTIND='1'
OUTDEV_LIST='alsa_muxer
audio_beos_muxer
oss_muxer'
PARSER_LIST='aac_parser
ac3_parser
cavsvideo_parser
dca_parser
dirac_parser
dnxhd_parser
dvbsub_parser
dvdsub_parser
h261_parser
h263_parser
h264_parser
mjpeg_parser
mlp_parser
mpeg4video_parser
mpegaudio_parser
mpegvideo_parser
pnm_parser
vc1_parser
vp3_parser'
PATH='/home/paldier/d7000/staging_dir/toolchain-mips_mips32_gcc-4.8-linaro_uClibc-0.9.33.2/bin:/home/paldier/d7000/staging_dir/host/bin:/home/paldier/d7000/staging_dir/toolchain-mips_mips32_gcc-4.8-linaro_uClibc-0.9.33.2/bin:/usr/local/sbin:/usr/local/bin:/usr/sbin:/usr/bin:/sbin:/bin:/usr/games:/usr/local/games:/opt/brcm/hndtools-mipsel-linux/bin:/opt/brcm/hndtools-mipsel-uclibc/bin:/opt/brcm-arm/bin:/opt/brcm/hndtools-mipsel-linux/bin:/opt/brcm/hndtools-mipsel-uclibc/bin:/opt/brcm-arm/bin'
PATHS_LIST='
    bindir
    datadir
    incdir
    libdir
    mandir
    prefix
    shlibdir
'
PKG_CONFIG='/home/paldier/d7000/staging_dir/host/bin/pkg-config'
PLATFORM='mips-openwrt'
PPID='28021'
PROFILE='D7000v2'
PROTOCOL_LIST='file_protocol
gopher_protocol
http_protocol
pipe_protocol
rtp_protocol
tcp_protocol
udp_protocol'
PS1='$ '
PS2='> '
PS4='+ '
PWD='/home/paldier/d7000/ap/gpl/minidlna/ffmpeg-0.5.1'
QT4_IM_MODULE='xim'
QT_IM_MODULE='ibus'
QT_QPA_PLATFORMTHEME='appmenu-qt5'
RANLIB='mips-openwrt-linux-uclibc-ranlib'
SELINUX_INIT='YES'
SESSION='ubuntu'
SESSIONTYPE='gnome-session'
SESSION_MANAGER='local/paldier-VirtualBox:@/tmp/.ICE-unix/1589,unix/paldier-VirtualBox:/tmp/.ICE-unix/1589'
SHELL='/usr/bin/env bash'
SHFLAGS='-shared -Wl,-soname,$$(@F)'
SHLVL='3'
SH_FUNC='. /home/paldier/d7000/include/shell.sh;'
SIZE='mips-openwrt-linux-uclibc-size'
SLIBNAME='$(SLIBPREF)$(FULLNAME)$(SLIBSUF)'
SLIBNAME_WITH_MAJOR='$(SLIBNAME).$(LIBMAJOR)'
SLIBNAME_WITH_VERSION='$(SLIBNAME).$(LIBVERSION)'
SLIBPREF='lib'
SLIBSUF='.so'
SRCBASE='/home/paldier/d7000'
SSH_AUTH_SOCK='/run/user/1000/keyring-F88V8s/ssh'
STAGING_DIR='/home/paldier/d7000/staging_dir/target-mips_mips32_uClibc-0.9.33.2_grx350_1600_opensrc_71_sample'
STRIP='mips-openwrt-linux-uclibc-strip'
TARGETDIR='/home/paldier/d7000/build_dir/target-mips_mips32_uClibc-0.9.33.2_grx350_1600_opensrc_71_sample/root-lantiq'
TARGET_CC_NOCACHE='mips-openwrt-linux-uclibc-gcc'
TARGET_CXX_NOCACHE='mips-openwrt-linux-uclibc-g++'
TERM='xterm'
TEXTDOMAIN='im-config'
TEXTDOMAINDIR='/usr/share/locale/'
THREADS_LIST='
    beosthreads
    os2threads
    pthreads
    w32threads
'
TMP_DIR='/home/paldier/d7000/tmp'
TOOLCHAIN='/home/paldier/d7000/staging_dir/toolchain-mips_mips32_gcc-4.8-linaro_uClibc-0.9.33.2'
TOPDIR='/home/paldier/d7000'
UPSTART_SESSION='unix:abstract=/com/ubuntu/upstart-session/1000/1364'
USER='paldier'
V='s'
VHOOKSHFLAGS='-shared -Wl,-soname,$$(@F)'
VTE_VERSION='3409'
WINDOWID='29430199'
XAUTHORITY='/home/paldier/.Xauthority'
XDG_CONFIG_DIRS='/etc/xdg/xdg-ubuntu:/usr/share/upstart/xdg:/etc/xdg'
XDG_CURRENT_DESKTOP='Unity'
XDG_DATA_DIRS='/usr/share/ubuntu:/usr/share/gnome:/usr/local/share/:/usr/share/'
XDG_GREETER_DATA_DIR='/var/lib/lightdm-data/paldier'
XDG_MENU_PREFIX='gnome-'
XDG_RUNTIME_DIR='/run/user/1000'
XDG_SEAT='seat0'
XDG_SEAT_PATH='/org/freedesktop/DisplayManager/Seat0'
XDG_SESSION_ID='c1'
XDG_SESSION_PATH='/org/freedesktop/DisplayManager/Session0'
XDG_VTNR='7'
XMODIFIERS='@im=ibus'
_='/usr/bin/make'
aac_decoder='yes'
aac_decoder_select='fft mdct'
aac_demuxer='yes'
aac_parser='yes'
aasc_decoder='yes'
ac3_decoder='yes'
ac3_decoder_select='fft mdct'
ac3_demuxer='yes'
ac3_demuxer_deps='ac3_parser'
ac3_encoder='no'
ac3_muxer='no'
ac3_parser='yes'
action='disable'
adpcm_4xm_decoder='yes'
adpcm_adx_decoder='yes'
adpcm_adx_encoder='no'
adpcm_ct_decoder='yes'
adpcm_ea_decoder='yes'
adpcm_ea_maxis_xa_decoder='yes'
adpcm_ea_r1_decoder='yes'
adpcm_ea_r2_decoder='yes'
adpcm_ea_r3_decoder='yes'
adpcm_ea_xas_decoder='yes'
adpcm_g726_decoder='yes'
adpcm_g726_encoder='no'
adpcm_ima_amv_decoder='yes'
adpcm_ima_dk3_decoder='yes'
adpcm_ima_dk4_decoder='yes'
adpcm_ima_ea_eacs_decoder='yes'
adpcm_ima_ea_sead_decoder='yes'
adpcm_ima_iss_decoder='yes'
adpcm_ima_qt_decoder='yes'
adpcm_ima_qt_encoder='no'
adpcm_ima_smjpeg_decoder='yes'
adpcm_ima_wav_decoder='yes'
adpcm_ima_wav_encoder='no'
adpcm_ima_ws_decoder='yes'
adpcm_ms_decoder='yes'
adpcm_ms_encoder='no'
adpcm_sbpro_2_decoder='yes'
adpcm_sbpro_3_decoder='yes'
adpcm_sbpro_4_decoder='yes'
adpcm_swf_decoder='yes'
adpcm_swf_encoder='no'
adpcm_thp_decoder='yes'
adpcm_xa_decoder='yes'
adpcm_yamaha_decoder='yes'
adpcm_yamaha_encoder='no'
adts_muxer='no'
aiff_demuxer='yes'
aiff_muxer='no'
alac_decoder='yes'
alac_encoder='no'
alsa_demuxer='yes'
alsa_demuxer_deps='alsa_asoundlib_h snd_pcm_htimestamp'
alsa_demuxer_extralibs='-lasound'
alsa_muxer='yes'
alsa_muxer_deps='alsa_asoundlib_h'
alsa_muxer_extralibs='-lasound'
altivec='yes'
altivec_deps='ppc'
amd3dnow='yes'
amd3dnow_deps='mmx'
amd3dnowext='yes'
amd3dnowext_deps='amd3dnow'
amr_demuxer='yes'
amr_muxer='no'
amv_decoder='yes'
apc_demuxer='yes'
ape_decoder='yes'
ape_demuxer='yes'
ar='ar'
arch='mips'
armv5te='yes'
armv5te_deps='arm'
armv6='yes'
armv6_deps='arm'
armv6t2='yes'
armv6t2_deps='arm'
armvfp='yes'
armvfp_deps='arm'
asf_demuxer='yes'
asf_muxer='no'
asf_stream_muxer='no'
ass_demuxer='yes'
ass_muxer='no'
asv1_decoder='yes'
asv1_encoder='no'
asv2_decoder='yes'
asv2_encoder='no'
atrac3_decoder='yes'
atrac3_decoder_select='fft mdct'
au_demuxer='yes'
au_muxer='no'
audio_beos_demuxer='yes'
audio_beos_demuxer_deps='audio_beos'
audio_beos_demuxer_extralibs='-lmedia -lbe'
audio_beos_muxer='yes'
audio_beos_muxer_deps='audio_beos'
audio_beos_muxer_extralibs='-lmedia -lbe'
avi_demuxer='yes'
avi_muxer='no'
avisynth_demuxer='yes'
avisynth_demuxer_deps='avisynth'
avm2_muxer='no'
avs_decoder='yes'
avs_demuxer='yes'
bethsoftvid_decoder='yes'
bethsoftvid_demuxer='yes'
bfi_decoder='yes'
bfi_demuxer='yes'
bindir_default='${prefix}/bin'
bktr_demuxer='yes'
bktr_demuxer_deps_any='dev_bktr_ioctl_bt848_h machine_ioctl_bt848_h dev_video_bktr_ioctl_bt848_h dev_ic_bt8xx_h'
bmp_decoder='yes'
bmp_encoder='no'
c93_decoder='yes'
c93_demuxer='yes'
cavs_decoder='yes'
cavs_decoder_select='golomb'
cavsvideo_demuxer='yes'
cavsvideo_parser='yes'
cc='mips-openwrt-linux-uclibc-gcc'
cc_default='gcc'
cinepak_decoder='yes'
cljr_decoder='yes'
cook_decoder='yes'
cook_decoder_select='fft mdct'
cpu='generic'
crc_muxer='no'
crop_filter='no'
cross_compile='yes'
cscd_decoder='yes'
cscd_decoder_suggest='zlib'
cyuv_decoder='yes'
datadir_default='${prefix}/share/ffmpeg'
daud_demuxer='yes'
daud_muxer='no'
dca_decoder='yes'
dca_decoder_select='fft mdct'
dca_parser='yes'
debug='yes'
dirac_demuxer='yes'
dirac_demuxer_deps='dirac_parser'
dirac_muxer='no'
dirac_parser='yes'
dnxhd_decoder='yes'
dnxhd_demuxer='yes'
dnxhd_encoder='no'
dnxhd_encoder_select='aandct'
dnxhd_muxer='no'
dnxhd_parser='yes'
dsicin_demuxer='yes'
dsicinaudio_decoder='yes'
dsicinvideo_decoder='yes'
dts_demuxer='yes'
dts_muxer='no'
dump_extradata_bsf='yes'
dv1394_demuxer='yes'
dv1394_demuxer_deps='dv1394 dv_demuxer'
dv_demuxer='yes'
dv_muxer='no'
dvbsub_decoder='yes'
dvbsub_encoder='no'
dvbsub_parser='yes'
dvdsub_decoder='yes'
dvdsub_encoder='no'
dvdsub_parser='yes'
dvvideo_decoder='yes'
dvvideo_encoder='no'
dxa_decoder='yes'
dxa_decoder_select='zlib'
dxa_demuxer='yes'
ea_cdata_demuxer='yes'
ea_demuxer='yes'
eac3_decoder='yes'
eac3_decoder_select='fft mdct'
eac3_demuxer='yes'
eac3_muxer='no'
eacmv_decoder='yes'
eatgq_decoder='yes'
eatgq_decoder_select='aandct'
eatgv_decoder='yes'
eatqi_decoder='yes'
eatqi_decoder_select='aandct'
eightbps_decoder='yes'
eightsvx_exp_decoder='yes'
eightsvx_fib_decoder='yes'
escape124_decoder='yes'
ffm_demuxer='yes'
ffm_muxer='no'
ffmpeg='yes'
ffplay='yes'
ffplay_deps='sdl'
ffserver='yes'
ffserver_deps='ffm_muxer rtp_protocol rtsp_demuxer'
ffserver_extralibs='$ldl'
ffv1_decoder='yes'
ffv1_decoder_select='golomb'
ffv1_encoder='no'
ffvhuff_decoder='yes'
ffvhuff_encoder='no'
file_protocol='yes'
flac_decoder='yes'
flac_decoder_select='golomb'
flac_demuxer='yes'
flac_encoder='no'
flac_encoder_select='golomb'
flac_muxer='no'
flashsv_decoder='yes'
flashsv_decoder_select='zlib'
flashsv_encoder='no'
flashsv_encoder_select='zlib'
flic_decoder='yes'
flic_demuxer='yes'
flv_decoder='yes'
flv_demuxer='yes'
flv_encoder='no'
flv_encoder_select='aandct'
flv_muxer='no'
fourxm_decoder='yes'
fourxm_demuxer='yes'
framecrc_muxer='no'
fraps_decoder='yes'
gif_decoder='yes'
gif_encoder='no'
gif_muxer='no'
gopher_protocol='yes'
gopher_protocol_deps='network'
gpl='yes'
gsm_demuxer='yes'
gxf_demuxer='yes'
gxf_muxer='no'
h261_decoder='yes'
h261_demuxer='yes'
h261_encoder='no'
h261_encoder_select='aandct'
h261_muxer='no'
h261_parser='yes'
h263_decoder='yes'
h263_demuxer='yes'
h263_encoder='no'
h263_encoder_select='aandct'
h263_muxer='no'
h263_parser='yes'
h263i_decoder='yes'
h263p_encoder='no'
h263p_encoder_select='aandct'
h264_decoder='yes'
h264_decoder_select='golomb'
h264_demuxer='yes'
h264_mp4toannexb_bsf='yes'
h264_muxer='no'
h264_parser='yes'
h264_vdpau_decoder='yes'
h264_vdpau_decoder_deps='vdpau'
host_cc_default='gcc'
host_cflags='-O3 -g -Wall'
host_libs='-lm'
http_protocol='yes'
http_protocol_deps='network'
huffyuv_decoder='yes'
huffyuv_encoder='no'
idcin_decoder='yes'
idcin_demuxer='yes'
iff_demuxer='yes'
image2_demuxer='yes'
image2_muxer='no'
image2pipe_demuxer='yes'
image2pipe_muxer='no'
imc_decoder='yes'
imc_decoder_select='fft mdct'
imx_dump_header_bsf='yes'
incdir_default='${prefix}/include'
indeo2_decoder='yes'
indeo3_decoder='yes'
ingenient_demuxer='yes'
interplay_dpcm_decoder='yes'
interplay_video_decoder='yes'
ipmovie_demuxer='yes'
ipod_muxer='no'
ipv6='yes'
iss_demuxer='yes'
iwmmxt='yes'
iwmmxt_deps='arm'
jpegls_decoder='yes'
jpegls_decoder_select='golomb'
jpegls_encoder='no'
jpegls_encoder_select='golomb'
kmvc_decoder='yes'
libamr_nb_decoder='yes'
libamr_nb_decoder_deps='libamr_nb'
libamr_nb_encoder='no'
libamr_nb_encoder_deps='libamr_nb'
libamr_wb_decoder='yes'
libamr_wb_decoder_deps='libamr_wb'
libamr_wb_encoder='no'
libamr_wb_encoder_deps='libamr_wb'
libdc1394_demuxer='yes'
libdc1394_demuxer_deps='libdc1394'
libdir_default='${prefix}/lib'
libdirac_decoder='yes'
libdirac_decoder_deps='libdirac !libschroedinger'
libdirac_encoder='no'
libdirac_encoder_deps='libdirac'
libfaac_encoder='no'
libfaac_encoder_deps='libfaac'
libfaad_decoder='yes'
libfaad_decoder_deps='libfaad'
libfaadbin_decoder_extralibs='$ldl'
libgsm_decoder='yes'
libgsm_decoder_deps='libgsm'
libgsm_encoder='no'
libgsm_encoder_deps='libgsm'
libgsm_ms_decoder='yes'
libgsm_ms_decoder_deps='libgsm'
libgsm_ms_encoder='no'
libgsm_ms_encoder_deps='libgsm'
libmp3lame_encoder='no'
libmp3lame_encoder_deps='libmp3lame'
libnut_demuxer='yes'
libnut_demuxer_deps='libnut'
libnut_muxer='no'
libnut_muxer_deps='libnut'
libopencore_amrnb_decoder='yes'
libopencore_amrnb_decoder_deps='libopencore_amrnb'
libopencore_amrnb_encoder='no'
libopencore_amrnb_encoder_deps='libopencore_amrnb'
libopencore_amrwb_decoder='yes'
libopencore_amrwb_decoder_deps='libopencore_amrwb'
libopenjpeg_decoder='yes'
libopenjpeg_decoder_deps='libopenjpeg'
libschroedinger_decoder='yes'
libschroedinger_decoder_deps='libschroedinger'
libschroedinger_encoder='no'
libschroedinger_encoder_deps='libschroedinger'
libspeex_decoder='yes'
libspeex_decoder_deps='libspeex'
libtheora_encoder='no'
libtheora_encoder_deps='libtheora'
libvorbis_encoder='no'
libvorbis_encoder_deps='libvorbis'
libx264_encoder='no'
libx264_encoder_deps='libx264'
libxvid_encoder='no'
libxvid_encoder_deps='libxvid'
ljpeg_encoder='no'
ljpeg_encoder_select='aandct'
lmlm4_demuxer='yes'
ln_s='ln -sf'
loco_decoder='yes'
loco_decoder_select='golomb'
logfile='config.err'
m4v_demuxer='yes'
m4v_muxer='no'
mace3_decoder='yes'
mace6_decoder='yes'
mandir_default='${prefix}/share/man'
matroska_audio_muxer='no'
matroska_demuxer='yes'
matroska_demuxer_suggest='zlib bzlib'
matroska_muxer='no'
mdec_decoder='yes'
mimic_decoder='yes'
mjpeg_decoder='yes'
mjpeg_demuxer='yes'
mjpeg_encoder='no'
mjpeg_encoder_select='aandct'
mjpeg_muxer='no'
mjpeg_parser='yes'
mjpega_dump_header_bsf='yes'
mjpegb_decoder='yes'
mlp_decoder='yes'
mlp_demuxer='yes'
mlp_parser='yes'
mm_demuxer='yes'
mmf_demuxer='yes'
mmf_muxer='no'
mmi='yes'
mmi_deps='mips'
mmvideo_decoder='yes'
mmx='yes'
mmx2='yes'
mmx2_deps='mmx'
mmx_deps='x86'
motionpixels_decoder='yes'
mov2textsub_bsf='yes'
mov_demuxer='yes'
mov_demuxer_suggest='zlib'
mov_muxer='no'
movie_filter_deps='avfilter_lavf'
mp1_decoder='yes'
mp2_decoder='yes'
mp2_encoder='no'
mp2_muxer='no'
mp3_decoder='yes'
mp3_demuxer='yes'
mp3_demuxer_deps='mpegaudio_parser'
mp3_header_compress_bsf='yes'
mp3_header_decompress_bsf='yes'
mp3_muxer='no'
mp3adu_decoder='yes'
mp3on4_decoder='yes'
mp4_muxer='no'
mpc7_decoder='yes'
mpc8_decoder='yes'
mpc8_demuxer='yes'
mpc_demuxer='yes'
mpeg1_vdpau_decoder='yes'
mpeg1_vdpau_decoder_deps='vdpau'
mpeg1system_muxer='no'
mpeg1vcd_muxer='no'
mpeg1video_decoder='yes'
mpeg1video_encoder='no'
mpeg1video_encoder_select='aandct'
mpeg1video_muxer='no'
mpeg2dvd_muxer='no'
mpeg2svcd_muxer='no'
mpeg2video_decoder='yes'
mpeg2video_encoder='no'
mpeg2video_encoder_select='aandct'
mpeg2video_muxer='no'
mpeg2vob_muxer='no'
mpeg4_decoder='yes'
mpeg4_encoder='no'
mpeg4_encoder_select='aandct'
mpeg4aac_decoder_deps='libfaad'
mpeg4video_parser='yes'
mpeg_vdpau_decoder='yes'
mpeg_vdpau_decoder_deps='vdpau'
mpeg_xvmc_decoder='yes'
mpeg_xvmc_decoder_deps='X11_extensions_XvMClib_h'
mpegaudio_hp='yes'
mpegaudio_parser='yes'
mpegps_demuxer='yes'
mpegts_demuxer='yes'
mpegts_muxer='no'
mpegtsraw_demuxer='yes'
mpegvideo_decoder='yes'
mpegvideo_demuxer='yes'
mpegvideo_parser='yes'
mpjpeg_muxer='no'
msmpeg4v1_decoder='yes'
msmpeg4v1_encoder='no'
msmpeg4v1_encoder_select='aandct'
msmpeg4v2_decoder='yes'
msmpeg4v2_encoder='no'
msmpeg4v2_encoder_select='aandct'
msmpeg4v3_decoder='yes'
msmpeg4v3_encoder='no'
msmpeg4v3_encoder_select='aandct'
msnwc_tcp_demuxer='yes'
msrle_decoder='yes'
msvideo1_decoder='yes'
mszh_decoder='yes'
mtv_demuxer='yes'
mvi_demuxer='yes'
mxf_d10_muxer='no'
mxf_demuxer='yes'
mxf_muxer='no'
nc_demuxer='yes'
nellymoser_decoder='yes'
nellymoser_decoder_select='fft mdct'
nellymoser_encoder='no'
nellymoser_encoder_select='fft mdct'
neon='yes'
neon_deps='arm'
network='yes'
nm_default='nm'
noise_bsf='yes'
nsv_demuxer='yes'
null_muxer='no'
nut_demuxer='yes'
nut_muxer='no'
nuv_decoder='yes'
nuv_demuxer='yes'
objformat='elf'
ogg_demuxer='yes'
ogg_muxer='no'
oldscaler='yes'
oldscaler_deps='!swscale'
oma_demuxer='yes'
op='='
opt='--extra-cflags=-fPIC'
optimizations='yes'
option='vhook'
optname='cc'
optval='-fPIC'
oss_demuxer='yes'
oss_demuxer_deps_any='soundcard_h sys_soundcard_h'
oss_muxer='yes'
oss_muxer_deps_any='soundcard_h sys_soundcard_h'
pam_encoder='no'
pbm_encoder='no'
pcm_alaw_decoder='yes'
pcm_alaw_demuxer='yes'
pcm_alaw_encoder='no'
pcm_alaw_muxer='no'
pcm_dvd_decoder='yes'
pcm_f32be_decoder='yes'
pcm_f32be_demuxer='yes'
pcm_f32be_encoder='no'
pcm_f32be_muxer='no'
pcm_f32le_decoder='yes'
pcm_f32le_demuxer='yes'
pcm_f32le_encoder='no'
pcm_f32le_muxer='no'
pcm_f64be_decoder='yes'
pcm_f64be_demuxer='yes'
pcm_f64be_encoder='no'
pcm_f64be_muxer='no'
pcm_f64le_decoder='yes'
pcm_f64le_demuxer='yes'
pcm_f64le_encoder='no'
pcm_f64le_muxer='no'
pcm_mulaw_decoder='yes'
pcm_mulaw_demuxer='yes'
pcm_mulaw_encoder='no'
pcm_mulaw_muxer='no'
pcm_s16be_decoder='yes'
pcm_s16be_demuxer='yes'
pcm_s16be_encoder='no'
pcm_s16be_muxer='no'
pcm_s16le_decoder='yes'
pcm_s16le_demuxer='yes'
pcm_s16le_encoder='no'
pcm_s16le_muxer='no'
pcm_s16le_planar_decoder='yes'
pcm_s24be_decoder='yes'
pcm_s24be_demuxer='yes'
pcm_s24be_encoder='no'
pcm_s24be_muxer='no'
pcm_s24daud_decoder='yes'
pcm_s24daud_encoder='no'
pcm_s24le_decoder='yes'
pcm_s24le_demuxer='yes'
pcm_s24le_encoder='no'
pcm_s24le_muxer='no'
pcm_s32be_decoder='yes'
pcm_s32be_demuxer='yes'
pcm_s32be_encoder='no'
pcm_s32be_muxer='no'
pcm_s32le_decoder='yes'
pcm_s32le_demuxer='yes'
pcm_s32le_encoder='no'
pcm_s32le_muxer='no'
pcm_s8_decoder='yes'
pcm_s8_demuxer='yes'
pcm_s8_encoder='no'
pcm_s8_muxer='no'
pcm_u16be_decoder='yes'
pcm_u16be_demuxer='yes'
pcm_u16be_encoder='no'
pcm_u16be_muxer='no'
pcm_u16le_decoder='yes'
pcm_u16le_demuxer='yes'
pcm_u16le_encoder='no'
pcm_u16le_muxer='no'
pcm_u24be_decoder='yes'
pcm_u24be_demuxer='yes'
pcm_u24be_encoder='no'
pcm_u24be_muxer='no'
pcm_u24le_decoder='yes'
pcm_u24le_demuxer='yes'
pcm_u24le_encoder='no'
pcm_u24le_muxer='no'
pcm_u32be_decoder='yes'
pcm_u32be_demuxer='yes'
pcm_u32be_encoder='no'
pcm_u32be_muxer='no'
pcm_u32le_decoder='yes'
pcm_u32le_demuxer='yes'
pcm_u32le_encoder='no'
pcm_u32le_muxer='no'
pcm_u8_decoder='yes'
pcm_u8_demuxer='yes'
pcm_u8_encoder='no'
pcm_u8_muxer='no'
pcm_zork_decoder='yes'
pcm_zork_encoder='no'
pcx_decoder='yes'
pgm_encoder='no'
pgmyuv_encoder='no'
pipe_protocol='yes'
png_decoder='yes'
png_decoder_select='zlib'
png_encoder='no'
png_encoder_select='zlib'
pnm_parser='yes'
ppc4xx='yes'
ppc4xx_deps='ppc'
ppm_encoder='no'
prefix_default='/usr/local'
protocols='yes'
psp_muxer='no'
ptx_decoder='yes'
pva_demuxer='yes'
qcelp_decoder='yes'
qdm2_decoder='yes'
qdm2_decoder_select='fft mdct rdft'
qdraw_decoder='yes'
qpeg_decoder='yes'
qtrle_decoder='yes'
qtrle_encoder='no'
r3d_demuxer='yes'
ra_144_decoder='yes'
ra_288_decoder='yes'
ranlib='ranlib'
rawvideo_decoder='yes'
rawvideo_demuxer='yes'
rawvideo_encoder='no'
rawvideo_muxer='no'
redir_demuxer='yes'
redir_demuxer_deps='network'
remove_extradata_bsf='yes'
rl2_decoder='yes'
rl2_demuxer='yes'
rm_demuxer='yes'
rm_muxer='no'
roq_decoder='yes'
roq_demuxer='yes'
roq_dpcm_decoder='yes'
roq_dpcm_encoder='no'
roq_encoder='no'
roq_muxer='no'
rpl_demuxer='yes'
rpza_decoder='yes'
rtp_muxer='no'
rtp_muxer_deps='network rtp_protocol'
rtp_protocol='yes'
rtp_protocol_deps='udp_protocol'
rtsp_demuxer='yes'
rtsp_demuxer_deps='sdp_demuxer'
rv10_decoder='yes'
rv10_encoder='no'
rv10_encoder_select='aandct'
rv20_decoder='yes'
rv20_encoder='no'
rv20_encoder_select='aandct'
rv30_decoder='yes'
rv30_decoder_select='golomb'
rv40_decoder='yes'
rv40_decoder_select='golomb'
sdp_demuxer='yes'
sdp_demuxer_deps='rtp_protocol mpegts_demuxer'
segafilm_demuxer='yes'
sgi_decoder='yes'
sgi_encoder='no'
shared='yes'
shlibdir_default='${prefix}/lib'
shorten_decoder='yes'
shorten_decoder_select='golomb'
shorten_demuxer='yes'
siff_demuxer='yes'
smackaud_decoder='yes'
smacker_decoder='yes'
smacker_demuxer='yes'
smc_decoder='yes'
snow_decoder='yes'
snow_encoder='no'
sol_demuxer='yes'
sol_dpcm_decoder='yes'
sonic_decoder='yes'
sonic_decoder_select='golomb'
sonic_encoder='no'
sonic_encoder_select='golomb'
sonic_ls_encoder='no'
sonic_ls_encoder_select='golomb'
source_path='/home/paldier/d7000/ap/gpl/minidlna/ffmpeg-0.5.1'
source_path_used='no'
sp5x_decoder='yes'
sse='yes'
sse_deps='mmx'
ssse3='yes'
ssse3_deps='sse'
static='yes'
str_demuxer='yes'
strip='strip'
stripping='yes'
sunrast_decoder='yes'
svq1_decoder='yes'
svq1_encoder='no'
svq3_decoder='yes'
svq3_decoder_select='golomb'
svq3_decoder_suggest='zlib'
swf_demuxer='yes'
swf_muxer='no'
targa_decoder='yes'
targa_encoder='no'
target_os='linux'
target_path='.'
tcp_protocol='yes'
tcp_protocol_deps='network'
text2movsub_bsf='yes'
tg2_muxer='no'
tgp_muxer='no'
theora_decoder='yes'
thp_decoder='yes'
thp_demuxer='yes'
tiertexseq_demuxer='yes'
tiertexseqvideo_decoder='yes'
tiff_decoder='yes'
tiff_decoder_suggest='zlib'
tiff_encoder='no'
tiff_encoder_suggest='zlib'
truemotion1_decoder='yes'
truemotion2_decoder='yes'
truespeech_decoder='yes'
tscc_decoder='yes'
tscc_decoder_select='zlib'
tta_decoder='yes'
tta_demuxer='yes'
txd_decoder='yes'
txd_demuxer='yes'
udp_protocol='yes'
udp_protocol_deps='network'
ulti_decoder='yes'
v4l2_demuxer='yes'
v4l2_demuxer_deps_any='linux_videodev2_h sys_videoio_h'
v4l_demuxer='yes'
v4l_demuxer_deps='linux_videodev_h'
value='no'
var='CFLAGS'
vb_decoder='yes'
vc1_decoder='yes'
vc1_demuxer='yes'
vc1_parser='yes'
vc1_vdpau_decoder='yes'
vc1_vdpau_decoder_deps='vdpau'
vc1t_demuxer='yes'
vc1t_muxer='no'
vcr1_decoder='yes'
vdpau_deps='vdpau_vdpau_h vdpau_vdpau_x11_h'
vfwcap_demuxer='yes'
vfwcap_demuxer_deps='capCreateCaptureWindow'
vfwcap_demuxer_extralibs='-lvfw32'
vhook='no'
vhook_extralibs='$ldl'
vis='yes'
vis_deps='sparc'
vmd_demuxer='yes'
vmdaudio_decoder='yes'
vmdvideo_decoder='yes'
vmnc_decoder='yes'
voc_demuxer='yes'
voc_muxer='no'
vorbis_decoder='yes'
vorbis_decoder_select='fft mdct'
vorbis_encoder='no'
vorbis_encoder_select='fft mdct'
vp3_decoder='yes'
vp3_parser='yes'
vp5_decoder='yes'
vp6_decoder='yes'
vp6a_decoder='yes'
vp6f_decoder='yes'
vqa_decoder='yes'
wav_demuxer='yes'
wav_muxer='no'
wavpack_decoder='yes'
wc3_demuxer='yes'
wmav1_decoder='yes'
wmav1_decoder_select='fft mdct'
wmav1_encoder='no'
wmav1_encoder_select='fft mdct'
wmav2_decoder='yes'
wmav2_decoder_select='fft mdct'
wmav2_encoder='no'
wmav2_encoder_select='fft mdct'
wmv1_decoder='yes'
wmv1_encoder='no'
wmv1_encoder_select='aandct'
wmv2_decoder='yes'
wmv2_encoder='no'
wmv2_encoder_select='aandct'
wmv3_decoder='yes'
wmv3_vdpau_decoder='yes'
wmv3_vdpau_decoder_deps='vdpau'
wnv1_decoder='yes'
ws_snd1_decoder='yes'
wsaud_demuxer='yes'
wsvqa_demuxer='yes'
wv_demuxer='yes'
x11_grab_device_demuxer='yes'
x11_grab_device_demuxer_deps='x11grab XShmCreateImage'
x11_grab_device_demuxer_extralibs='-lX11 -lXext'
xa_demuxer='yes'
xan_dpcm_decoder='yes'
xan_wc3_decoder='yes'
xl_decoder='yes'
xsub_decoder='yes'
yasmexe='yasm'
yuv4mpegpipe_demuxer='yes'
yuv4mpegpipe_muxer='no'
zlib_decoder='yes'
zlib_decoder_select='zlib'
zlib_encoder='no'
zlib_encoder_select='zlib'
zmbv_decoder='yes'
zmbv_decoder_select='zlib'
zmbv_encoder='no'
zmbv_encoder_select='zlib'
check_ld
check_cc
BEGIN /tmp/ffmpeg-conf--28022-.c
    1	int main(void){ return 0; }
END /tmp/ffmpeg-conf--28022-.c
mips-openwrt-linux-uclibc-gcc -Os -DXAGENT_CLOUD_SUPPORT -DD7000v2 -DCONFIG_INTEL_SDK -DOPENDNS_PARENTAL_CONTROL -Os -D_ISOC99_SOURCE -D_POSIX_C_SOURCE=200112 -fPIC -c -o /tmp/ffmpeg-conf--28022-.o /tmp/ffmpeg-conf--28022-.c
cc1: note: someone does not honour COPTS correctly, passed 0 times
mips-openwrt-linux-uclibc-gcc -o /tmp/ffmpeg-conf--28022- /tmp/ffmpeg-conf--28022-.o
check_cflags -std=c99
check_cc -std=c99
BEGIN /tmp/ffmpeg-conf--28022-.c
    1	int x;
END /tmp/ffmpeg-conf--28022-.c
mips-openwrt-linux-uclibc-gcc -Os -DXAGENT_CLOUD_SUPPORT -DD7000v2 -DCONFIG_INTEL_SDK -DOPENDNS_PARENTAL_CONTROL -Os -D_ISOC99_SOURCE -D_POSIX_C_SOURCE=200112 -fPIC -std=c99 -c -o /tmp/ffmpeg-conf--28022-.o /tmp/ffmpeg-conf--28022-.c
cc1: note: someone does not honour COPTS correctly, passed 0 times
check_cflags -fomit-frame-pointer
check_cc -fomit-frame-pointer
BEGIN /tmp/ffmpeg-conf--28022-.c
    1	int x;
END /tmp/ffmpeg-conf--28022-.c
mips-openwrt-linux-uclibc-gcc -Os -DXAGENT_CLOUD_SUPPORT -DD7000v2 -DCONFIG_INTEL_SDK -DOPENDNS_PARENTAL_CONTROL -Os -D_ISOC99_SOURCE -D_POSIX_C_SOURCE=200112 -fPIC -std=c99 -fomit-frame-pointer -c -o /tmp/ffmpeg-conf--28022-.o /tmp/ffmpeg-conf--28022-.c
cc1: note: someone does not honour COPTS correctly, passed 0 times
check_cc
BEGIN /tmp/ffmpeg-conf--28022-.c
    1	int ff_extern;
END /tmp/ffmpeg-conf--28022-.c
mips-openwrt-linux-uclibc-gcc -Os -DXAGENT_CLOUD_SUPPORT -DD7000v2 -DCONFIG_INTEL_SDK -DOPENDNS_PARENTAL_CONTROL -Os -D_ISOC99_SOURCE -D_POSIX_C_SOURCE=200112 -fPIC -std=c99 -fomit-frame-pointer -c -o /tmp/ffmpeg-conf--28022-.o /tmp/ffmpeg-conf--28022-.c
cc1: note: someone does not honour COPTS correctly, passed 0 times
check_asm inline_asm ""
check_cc
BEGIN /tmp/ffmpeg-conf--28022-.c
    1	void foo(void){ __asm__ volatile(""); }
END /tmp/ffmpeg-conf--28022-.c
mips-openwrt-linux-uclibc-gcc -Os -DXAGENT_CLOUD_SUPPORT -DD7000v2 -DCONFIG_INTEL_SDK -DOPENDNS_PARENTAL_CONTROL -Os -D_ISOC99_SOURCE -D_POSIX_C_SOURCE=200112 -fPIC -std=c99 -fomit-frame-pointer -c -o /tmp/ffmpeg-conf--28022-.o /tmp/ffmpeg-conf--28022-.c
cc1: note: someone does not honour COPTS correctly, passed 0 times
check_asm mmi "lq $2, 0($2)"
check_cc
BEGIN /tmp/ffmpeg-conf--28022-.c
    1	void foo(void){ __asm__ volatile("lq $2, 0($2)"); }
END /tmp/ffmpeg-conf--28022-.c
mips-openwrt-linux-uclibc-gcc -Os -DXAGENT_CLOUD_SUPPORT -DD7000v2 -DCONFIG_INTEL_SDK -DOPENDNS_PARENTAL_CONTROL -Os -D_ISOC99_SOURCE -D_POSIX_C_SOURCE=200112 -fPIC -std=c99 -fomit-frame-pointer -c -o /tmp/ffmpeg-conf--28022-.o /tmp/ffmpeg-conf--28022-.c
cc1: note: someone does not honour COPTS correctly, passed 0 times
/tmp/cc9Fn5s6.s: Assembler messages:
/tmp/cc9Fn5s6.s:18: Error: opcode not supported on this processor: mips1 (mips1) `lq $2,0($2)'
check_cc
BEGIN /tmp/ffmpeg-conf--28022-.c
    1	unsigned int endian = 'B' << 24 | 'I' << 16 | 'G' << 8 | 'E';
END /tmp/ffmpeg-conf--28022-.c
mips-openwrt-linux-uclibc-gcc -Os -DXAGENT_CLOUD_SUPPORT -DD7000v2 -DCONFIG_INTEL_SDK -DOPENDNS_PARENTAL_CONTROL -Os -D_ISOC99_SOURCE -D_POSIX_C_SOURCE=200112 -fPIC -std=c99 -fomit-frame-pointer -c -o /tmp/ffmpeg-conf--28022-.o /tmp/ffmpeg-conf--28022-.c
cc1: note: someone does not honour COPTS correctly, passed 0 times
check_func dlopen
check_ld
check_cc
BEGIN /tmp/ffmpeg-conf--28022-.c
    1	extern int dlopen();
    2	int main(void){ dlopen(); }
END /tmp/ffmpeg-conf--28022-.c
mips-openwrt-linux-uclibc-gcc -Os -DXAGENT_CLOUD_SUPPORT -DD7000v2 -DCONFIG_INTEL_SDK -DOPENDNS_PARENTAL_CONTROL -Os -D_ISOC99_SOURCE -D_POSIX_C_SOURCE=200112 -fPIC -std=c99 -fomit-frame-pointer -c -o /tmp/ffmpeg-conf--28022-.o /tmp/ffmpeg-conf--28022-.c
cc1: note: someone does not honour COPTS correctly, passed 0 times
mips-openwrt-linux-uclibc-gcc -o /tmp/ffmpeg-conf--28022- /tmp/ffmpeg-conf--28022-.o
/tmp/ffmpeg-conf--28022-.o: In function `main':
ffmpeg-conf--28022-.c:(.text.startup+0x10): undefined reference to `dlopen'
collect2: error: ld returned 1 exit status
check_func dlopen -ldl
check_ld -ldl
check_cc
BEGIN /tmp/ffmpeg-conf--28022-.c
    1	extern int dlopen();
    2	int main(void){ dlopen(); }
END /tmp/ffmpeg-conf--28022-.c
mips-openwrt-linux-uclibc-gcc -Os -DXAGENT_CLOUD_SUPPORT -DD7000v2 -DCONFIG_INTEL_SDK -DOPENDNS_PARENTAL_CONTROL -Os -D_ISOC99_SOURCE -D_POSIX_C_SOURCE=200112 -fPIC -std=c99 -fomit-frame-pointer -c -o /tmp/ffmpeg-conf--28022-.o /tmp/ffmpeg-conf--28022-.c
cc1: note: someone does not honour COPTS correctly, passed 0 times
mips-openwrt-linux-uclibc-gcc -o /tmp/ffmpeg-conf--28022- /tmp/ffmpeg-conf--28022-.o -ldl
check_func nanosleep
check_ld
check_cc
BEGIN /tmp/ffmpeg-conf--28022-.c
    1	extern int nanosleep();
    2	int main(void){ nanosleep(); }
END /tmp/ffmpeg-conf--28022-.c
mips-openwrt-linux-uclibc-gcc -Os -DXAGENT_CLOUD_SUPPORT -DD7000v2 -DCONFIG_INTEL_SDK -DOPENDNS_PARENTAL_CONTROL -Os -D_ISOC99_SOURCE -D_POSIX_C_SOURCE=200112 -fPIC -std=c99 -fomit-frame-pointer -c -o /tmp/ffmpeg-conf--28022-.o /tmp/ffmpeg-conf--28022-.c
cc1: note: someone does not honour COPTS correctly, passed 0 times
mips-openwrt-linux-uclibc-gcc -o /tmp/ffmpeg-conf--28022- /tmp/ffmpeg-conf--28022-.o
check_func fork
check_ld
check_cc
BEGIN /tmp/ffmpeg-conf--28022-.c
    1	extern int fork();
    2	int main(void){ fork(); }
END /tmp/ffmpeg-conf--28022-.c
mips-openwrt-linux-uclibc-gcc -Os -DXAGENT_CLOUD_SUPPORT -DD7000v2 -DCONFIG_INTEL_SDK -DOPENDNS_PARENTAL_CONTROL -Os -D_ISOC99_SOURCE -D_POSIX_C_SOURCE=200112 -fPIC -std=c99 -fomit-frame-pointer -c -o /tmp/ffmpeg-conf--28022-.o /tmp/ffmpeg-conf--28022-.c
cc1: note: someone does not honour COPTS correctly, passed 0 times
mips-openwrt-linux-uclibc-gcc -o /tmp/ffmpeg-conf--28022- /tmp/ffmpeg-conf--28022-.o
check_func gethrtime
check_ld
check_cc
BEGIN /tmp/ffmpeg-conf--28022-.c
    1	extern int gethrtime();
    2	int main(void){ gethrtime(); }
END /tmp/ffmpeg-conf--28022-.c
mips-openwrt-linux-uclibc-gcc -Os -DXAGENT_CLOUD_SUPPORT -DD7000v2 -DCONFIG_INTEL_SDK -DOPENDNS_PARENTAL_CONTROL -Os -D_ISOC99_SOURCE -D_POSIX_C_SOURCE=200112 -fPIC -std=c99 -fomit-frame-pointer -c -o /tmp/ffmpeg-conf--28022-.o /tmp/ffmpeg-conf--28022-.c
cc1: note: someone does not honour COPTS correctly, passed 0 times
mips-openwrt-linux-uclibc-gcc -o /tmp/ffmpeg-conf--28022- /tmp/ffmpeg-conf--28022-.o
/tmp/ffmpeg-conf--28022-.o: In function `main':
ffmpeg-conf--28022-.c:(.text.startup+0x10): undefined reference to `gethrtime'
collect2: error: ld returned 1 exit status
check_func getrusage
check_ld
check_cc
BEGIN /tmp/ffmpeg-conf--28022-.c
    1	extern int getrusage();
    2	int main(void){ getrusage(); }
END /tmp/ffmpeg-conf--28022-.c
mips-openwrt-linux-uclibc-gcc -Os -DXAGENT_CLOUD_SUPPORT -DD7000v2 -DCONFIG_INTEL_SDK -DOPENDNS_PARENTAL_CONTROL -Os -D_ISOC99_SOURCE -D_POSIX_C_SOURCE=200112 -fPIC -std=c99 -fomit-frame-pointer -c -o /tmp/ffmpeg-conf--28022-.o /tmp/ffmpeg-conf--28022-.c
cc1: note: someone does not honour COPTS correctly, passed 0 times
mips-openwrt-linux-uclibc-gcc -o /tmp/ffmpeg-conf--28022- /tmp/ffmpeg-conf--28022-.o
check_func inet_aton
check_ld
check_cc
BEGIN /tmp/ffmpeg-conf--28022-.c
    1	extern int inet_aton();
    2	int main(void){ inet_aton(); }
END /tmp/ffmpeg-conf--28022-.c
mips-openwrt-linux-uclibc-gcc -Os -DXAGENT_CLOUD_SUPPORT -DD7000v2 -DCONFIG_INTEL_SDK -DOPENDNS_PARENTAL_CONTROL -Os -D_ISOC99_SOURCE -D_POSIX_C_SOURCE=200112 -fPIC -std=c99 -fomit-frame-pointer -c -o /tmp/ffmpeg-conf--28022-.o /tmp/ffmpeg-conf--28022-.c
cc1: note: someone does not honour COPTS correctly, passed 0 times
mips-openwrt-linux-uclibc-gcc -o /tmp/ffmpeg-conf--28022- /tmp/ffmpeg-conf--28022-.o
check_func memalign
check_ld
check_cc
BEGIN /tmp/ffmpeg-conf--28022-.c
    1	extern int memalign();
    2	int main(void){ memalign(); }
END /tmp/ffmpeg-conf--28022-.c
mips-openwrt-linux-uclibc-gcc -Os -DXAGENT_CLOUD_SUPPORT -DD7000v2 -DCONFIG_INTEL_SDK -DOPENDNS_PARENTAL_CONTROL -Os -D_ISOC99_SOURCE -D_POSIX_C_SOURCE=200112 -fPIC -std=c99 -fomit-frame-pointer -c -o /tmp/ffmpeg-conf--28022-.o /tmp/ffmpeg-conf--28022-.c
cc1: note: someone does not honour COPTS correctly, passed 0 times
mips-openwrt-linux-uclibc-gcc -o /tmp/ffmpeg-conf--28022- /tmp/ffmpeg-conf--28022-.o
check_func mkstemp
check_ld
check_cc
BEGIN /tmp/ffmpeg-conf--28022-.c
    1	extern int mkstemp();
    2	int main(void){ mkstemp(); }
END /tmp/ffmpeg-conf--28022-.c
mips-openwrt-linux-uclibc-gcc -Os -DXAGENT_CLOUD_SUPPORT -DD7000v2 -DCONFIG_INTEL_SDK -DOPENDNS_PARENTAL_CONTROL -Os -D_ISOC99_SOURCE -D_POSIX_C_SOURCE=200112 -fPIC -std=c99 -fomit-frame-pointer -c -o /tmp/ffmpeg-conf--28022-.o /tmp/ffmpeg-conf--28022-.c
cc1: note: someone does not honour COPTS correctly, passed 0 times
mips-openwrt-linux-uclibc-gcc -o /tmp/ffmpeg-conf--28022- /tmp/ffmpeg-conf--28022-.o
check_func posix_memalign
check_ld
check_cc
BEGIN /tmp/ffmpeg-conf--28022-.c
    1	extern int posix_memalign();
    2	int main(void){ posix_memalign(); }
END /tmp/ffmpeg-conf--28022-.c
mips-openwrt-linux-uclibc-gcc -Os -DXAGENT_CLOUD_SUPPORT -DD7000v2 -DCONFIG_INTEL_SDK -DOPENDNS_PARENTAL_CONTROL -Os -D_ISOC99_SOURCE -D_POSIX_C_SOURCE=200112 -fPIC -std=c99 -fomit-frame-pointer -c -o /tmp/ffmpeg-conf--28022-.o /tmp/ffmpeg-conf--28022-.c
cc1: note: someone does not honour COPTS correctly, passed 0 times
mips-openwrt-linux-uclibc-gcc -o /tmp/ffmpeg-conf--28022- /tmp/ffmpeg-conf--28022-.o
check_func_headers io.h setmode
check_ld
check_cc
BEGIN /tmp/ffmpeg-conf--28022-.c
    1	
    2	#include <io.h>
    3	int main(int argc, char **argv){
    4	    (void) setmode;
    5	    return 0;
    6	}
END /tmp/ffmpeg-conf--28022-.c
mips-openwrt-linux-uclibc-gcc -Os -DXAGENT_CLOUD_SUPPORT -DD7000v2 -DCONFIG_INTEL_SDK -DOPENDNS_PARENTAL_CONTROL -Os -D_ISOC99_SOURCE -D_POSIX_C_SOURCE=200112 -fPIC -std=c99 -fomit-frame-pointer -c -o /tmp/ffmpeg-conf--28022-.o /tmp/ffmpeg-conf--28022-.c
cc1: note: someone does not honour COPTS correctly, passed 0 times
/tmp/ffmpeg-conf--28022-.c:2:16: fatal error: io.h: No such file or directory
 #include <io.h>
                ^
compilation terminated.
check_func_headers windows.h GetProcessTimes
check_ld
check_cc
BEGIN /tmp/ffmpeg-conf--28022-.c
    1	
    2	#include <windows.h>
    3	int main(int argc, char **argv){
    4	    (void) GetProcessTimes;
    5	    return 0;
    6	}
END /tmp/ffmpeg-conf--28022-.c
mips-openwrt-linux-uclibc-gcc -Os -DXAGENT_CLOUD_SUPPORT -DD7000v2 -DCONFIG_INTEL_SDK -DOPENDNS_PARENTAL_CONTROL -Os -D_ISOC99_SOURCE -D_POSIX_C_SOURCE=200112 -fPIC -std=c99 -fomit-frame-pointer -c -o /tmp/ffmpeg-conf--28022-.o /tmp/ffmpeg-conf--28022-.c
cc1: note: someone does not honour COPTS correctly, passed 0 times
/tmp/ffmpeg-conf--28022-.c:2:21: fatal error: windows.h: No such file or directory
 #include <windows.h>
                     ^
compilation terminated.
check_header conio.h
check_cpp
BEGIN /tmp/ffmpeg-conf--28022-.c
    1	#include <conio.h>
    2	int x;
END /tmp/ffmpeg-conf--28022-.c
mips-openwrt-linux-uclibc-gcc -Os -DXAGENT_CLOUD_SUPPORT -DD7000v2 -DCONFIG_INTEL_SDK -DOPENDNS_PARENTAL_CONTROL -Os -D_ISOC99_SOURCE -D_POSIX_C_SOURCE=200112 -fPIC -std=c99 -fomit-frame-pointer -E -o /tmp/ffmpeg-conf--28022-.o /tmp/ffmpeg-conf--28022-.c
/tmp/ffmpeg-conf--28022-.c:1:19: fatal error: conio.h: No such file or directory
 #include <conio.h>
                   ^
compilation terminated.
check_header dlfcn.h
check_cpp
BEGIN /tmp/ffmpeg-conf--28022-.c
    1	#include <dlfcn.h>
    2	int x;
END /tmp/ffmpeg-conf--28022-.c
mips-openwrt-linux-uclibc-gcc -Os -DXAGENT_CLOUD_SUPPORT -DD7000v2 -DCONFIG_INTEL_SDK -DOPENDNS_PARENTAL_CONTROL -Os -D_ISOC99_SOURCE -D_POSIX_C_SOURCE=200112 -fPIC -std=c99 -fomit-frame-pointer -E -o /tmp/ffmpeg-conf--28022-.o /tmp/ffmpeg-conf--28022-.c
check_header malloc.h
check_cpp
BEGIN /tmp/ffmpeg-conf--28022-.c
    1	#include <malloc.h>
    2	int x;
END /tmp/ffmpeg-conf--28022-.c
mips-openwrt-linux-uclibc-gcc -Os -DXAGENT_CLOUD_SUPPORT -DD7000v2 -DCONFIG_INTEL_SDK -DOPENDNS_PARENTAL_CONTROL -Os -D_ISOC99_SOURCE -D_POSIX_C_SOURCE=200112 -fPIC -std=c99 -fomit-frame-pointer -E -o /tmp/ffmpeg-conf--28022-.o /tmp/ffmpeg-conf--28022-.c
check_header poll.h
check_cpp
BEGIN /tmp/ffmpeg-conf--28022-.c
    1	#include <poll.h>
    2	int x;
END /tmp/ffmpeg-conf--28022-.c
mips-openwrt-linux-uclibc-gcc -Os -DXAGENT_CLOUD_SUPPORT -DD7000v2 -DCONFIG_INTEL_SDK -DOPENDNS_PARENTAL_CONTROL -Os -D_ISOC99_SOURCE -D_POSIX_C_SOURCE=200112 -fPIC -std=c99 -fomit-frame-pointer -E -o /tmp/ffmpeg-conf--28022-.o /tmp/ffmpeg-conf--28022-.c
check_header sys/mman.h
check_cpp
BEGIN /tmp/ffmpeg-conf--28022-.c
    1	#include <sys/mman.h>
    2	int x;
END /tmp/ffmpeg-conf--28022-.c
mips-openwrt-linux-uclibc-gcc -Os -DXAGENT_CLOUD_SUPPORT -DD7000v2 -DCONFIG_INTEL_SDK -DOPENDNS_PARENTAL_CONTROL -Os -D_ISOC99_SOURCE -D_POSIX_C_SOURCE=200112 -fPIC -std=c99 -fomit-frame-pointer -E -o /tmp/ffmpeg-conf--28022-.o /tmp/ffmpeg-conf--28022-.c
check_header sys/resource.h
check_cpp
BEGIN /tmp/ffmpeg-conf--28022-.c
    1	#include <sys/resource.h>
    2	int x;
END /tmp/ffmpeg-conf--28022-.c
mips-openwrt-linux-uclibc-gcc -Os -DXAGENT_CLOUD_SUPPORT -DD7000v2 -DCONFIG_INTEL_SDK -DOPENDNS_PARENTAL_CONTROL -Os -D_ISOC99_SOURCE -D_POSIX_C_SOURCE=200112 -fPIC -std=c99 -fomit-frame-pointer -E -o /tmp/ffmpeg-conf--28022-.o /tmp/ffmpeg-conf--28022-.c
check_header sys/select.h
check_cpp
BEGIN /tmp/ffmpeg-conf--28022-.c
    1	#include <sys/select.h>
    2	int x;
END /tmp/ffmpeg-conf--28022-.c
mips-openwrt-linux-uclibc-gcc -Os -DXAGENT_CLOUD_SUPPORT -DD7000v2 -DCONFIG_INTEL_SDK -DOPENDNS_PARENTAL_CONTROL -Os -D_ISOC99_SOURCE -D_POSIX_C_SOURCE=200112 -fPIC -std=c99 -fomit-frame-pointer -E -o /tmp/ffmpeg-conf--28022-.o /tmp/ffmpeg-conf--28022-.c
check_header termios.h
check_cpp
BEGIN /tmp/ffmpeg-conf--28022-.c
    1	#include <termios.h>
    2	int x;
END /tmp/ffmpeg-conf--28022-.c
mips-openwrt-linux-uclibc-gcc -Os -DXAGENT_CLOUD_SUPPORT -DD7000v2 -DCONFIG_INTEL_SDK -DOPENDNS_PARENTAL_CONTROL -Os -D_ISOC99_SOURCE -D_POSIX_C_SOURCE=200112 -fPIC -std=c99 -fomit-frame-pointer -E -o /tmp/ffmpeg-conf--28022-.o /tmp/ffmpeg-conf--28022-.c
check_header vdpau/vdpau.h
check_cpp
BEGIN /tmp/ffmpeg-conf--28022-.c
    1	#include <vdpau/vdpau.h>
    2	int x;
END /tmp/ffmpeg-conf--28022-.c
mips-openwrt-linux-uclibc-gcc -Os -DXAGENT_CLOUD_SUPPORT -DD7000v2 -DCONFIG_INTEL_SDK -DOPENDNS_PARENTAL_CONTROL -Os -D_ISOC99_SOURCE -D_POSIX_C_SOURCE=200112 -fPIC -std=c99 -fomit-frame-pointer -E -o /tmp/ffmpeg-conf--28022-.o /tmp/ffmpeg-conf--28022-.c
/tmp/ffmpeg-conf--28022-.c:1:25: fatal error: vdpau/vdpau.h: No such file or directory
 #include <vdpau/vdpau.h>
                         ^
compilation terminated.
check_header vdpau/vdpau_x11.h
check_cpp
BEGIN /tmp/ffmpeg-conf--28022-.c
    1	#include <vdpau/vdpau_x11.h>
    2	int x;
END /tmp/ffmpeg-conf--28022-.c
mips-openwrt-linux-uclibc-gcc -Os -DXAGENT_CLOUD_SUPPORT -DD7000v2 -DCONFIG_INTEL_SDK -DOPENDNS_PARENTAL_CONTROL -Os -D_ISOC99_SOURCE -D_POSIX_C_SOURCE=200112 -fPIC -std=c99 -fomit-frame-pointer -E -o /tmp/ffmpeg-conf--28022-.o /tmp/ffmpeg-conf--28022-.c
/tmp/ffmpeg-conf--28022-.c:1:29: fatal error: vdpau/vdpau_x11.h: No such file or directory
 #include <vdpau/vdpau_x11.h>
                             ^
compilation terminated.
check_header X11/extensions/XvMClib.h
check_cpp
BEGIN /tmp/ffmpeg-conf--28022-.c
    1	#include <X11/extensions/XvMClib.h>
    2	int x;
END /tmp/ffmpeg-conf--28022-.c
mips-openwrt-linux-uclibc-gcc -Os -DXAGENT_CLOUD_SUPPORT -DD7000v2 -DCONFIG_INTEL_SDK -DOPENDNS_PARENTAL_CONTROL -Os -D_ISOC99_SOURCE -D_POSIX_C_SOURCE=200112 -fPIC -std=c99 -fomit-frame-pointer -E -o /tmp/ffmpeg-conf--28022-.o /tmp/ffmpeg-conf--28022-.c
/tmp/ffmpeg-conf--28022-.c:1:36: fatal error: X11/extensions/XvMClib.h: No such file or directory
 #include <X11/extensions/XvMClib.h>
                                    ^
compilation terminated.
check_lib zlib.h zlibVersion -lz
check_header zlib.h
check_cpp
BEGIN /tmp/ffmpeg-conf--28022-.c
    1	#include <zlib.h>
    2	int x;
END /tmp/ffmpeg-conf--28022-.c
mips-openwrt-linux-uclibc-gcc -Os -DXAGENT_CLOUD_SUPPORT -DD7000v2 -DCONFIG_INTEL_SDK -DOPENDNS_PARENTAL_CONTROL -Os -D_ISOC99_SOURCE -D_POSIX_C_SOURCE=200112 -fPIC -std=c99 -fomit-frame-pointer -E -o /tmp/ffmpeg-conf--28022-.o /tmp/ffmpeg-conf--28022-.c
check_func zlibVersion
check_ld
check_cc
BEGIN /tmp/ffmpeg-conf--28022-.c
    1	extern int zlibVersion();
    2	int main(void){ zlibVersion(); }
END /tmp/ffmpeg-conf--28022-.c
mips-openwrt-linux-uclibc-gcc -Os -DXAGENT_CLOUD_SUPPORT -DD7000v2 -DCONFIG_INTEL_SDK -DOPENDNS_PARENTAL_CONTROL -Os -D_ISOC99_SOURCE -D_POSIX_C_SOURCE=200112 -fPIC -std=c99 -fomit-frame-pointer -c -o /tmp/ffmpeg-conf--28022-.o /tmp/ffmpeg-conf--28022-.c
cc1: note: someone does not honour COPTS correctly, passed 0 times
mips-openwrt-linux-uclibc-gcc -o /tmp/ffmpeg-conf--28022- /tmp/ffmpeg-conf--28022-.o -lz
check_lib2 bzlib.h BZ2_bzlibVersion -lbz2
check_func_headers bzlib.h BZ2_bzlibVersion
check_ld
check_cc
BEGIN /tmp/ffmpeg-conf--28022-.c
    1	
    2	#include <bzlib.h>
    3	int main(int argc, char **argv){
    4	    (void) BZ2_bzlibVersion;
    5	    return 0;
    6	}
END /tmp/ffmpeg-conf--28022-.c
mips-openwrt-linux-uclibc-gcc -Os -DXAGENT_CLOUD_SUPPORT -DD7000v2 -DCONFIG_INTEL_SDK -DOPENDNS_PARENTAL_CONTROL -Os -D_ISOC99_SOURCE -D_POSIX_C_SOURCE=200112 -fPIC -std=c99 -fomit-frame-pointer -c -o /tmp/ffmpeg-conf--28022-.o /tmp/ffmpeg-conf--28022-.c
cc1: note: someone does not honour COPTS correctly, passed 0 times
/tmp/ffmpeg-conf--28022-.c:2:19: fatal error: bzlib.h: No such file or directory
 #include <bzlib.h>
                   ^
compilation terminated.
check_lib math.h sin -lm
check_header math.h
check_cpp
BEGIN /tmp/ffmpeg-conf--28022-.c
    1	#include <math.h>
    2	int x;
END /tmp/ffmpeg-conf--28022-.c
mips-openwrt-linux-uclibc-gcc -Os -DXAGENT_CLOUD_SUPPORT -DD7000v2 -DCONFIG_INTEL_SDK -DOPENDNS_PARENTAL_CONTROL -Os -D_ISOC99_SOURCE -D_POSIX_C_SOURCE=200112 -fPIC -std=c99 -fomit-frame-pointer -E -o /tmp/ffmpeg-conf--28022-.o /tmp/ffmpeg-conf--28022-.c
check_func sin
check_ld
check_cc
BEGIN /tmp/ffmpeg-conf--28022-.c
    1	extern int sin();
    2	int main(void){ sin(); }
END /tmp/ffmpeg-conf--28022-.c
mips-openwrt-linux-uclibc-gcc -Os -DXAGENT_CLOUD_SUPPORT -DD7000v2 -DCONFIG_INTEL_SDK -DOPENDNS_PARENTAL_CONTROL -Os -D_ISOC99_SOURCE -D_POSIX_C_SOURCE=200112 -fPIC -std=c99 -fomit-frame-pointer -c -o /tmp/ffmpeg-conf--28022-.o /tmp/ffmpeg-conf--28022-.c
cc1: note: someone does not honour COPTS correctly, passed 0 times
/tmp/ffmpeg-conf--28022-.c:1:12: warning: conflicting types for built-in function 'sin' [enabled by default]
 extern int sin();
            ^
mips-openwrt-linux-uclibc-gcc -o /tmp/ffmpeg-conf--28022- /tmp/ffmpeg-conf--28022-.o -lz -lm
check_ld
check_cc
BEGIN /tmp/ffmpeg-conf--28022-.c
    1	#include <math.h>
    2	int main(void) { return (llrint(3.999f) > 0)?0:1; }
END /tmp/ffmpeg-conf--28022-.c
mips-openwrt-linux-uclibc-gcc -Os -DXAGENT_CLOUD_SUPPORT -DD7000v2 -DCONFIG_INTEL_SDK -DOPENDNS_PARENTAL_CONTROL -Os -D_ISOC99_SOURCE -D_POSIX_C_SOURCE=200112 -fPIC -std=c99 -fomit-frame-pointer -c -o /tmp/ffmpeg-conf--28022-.o /tmp/ffmpeg-conf--28022-.c
cc1: note: someone does not honour COPTS correctly, passed 0 times
mips-openwrt-linux-uclibc-gcc -o /tmp/ffmpeg-conf--28022- /tmp/ffmpeg-conf--28022-.o -lz -lm
check_ld
check_cc
BEGIN /tmp/ffmpeg-conf--28022-.c
    1	#include <math.h>
    2	int main(void) { return (lrint(3.999f) > 0)?0:1; }
END /tmp/ffmpeg-conf--28022-.c
mips-openwrt-linux-uclibc-gcc -Os -DXAGENT_CLOUD_SUPPORT -DD7000v2 -DCONFIG_INTEL_SDK -DOPENDNS_PARENTAL_CONTROL -Os -D_ISOC99_SOURCE -D_POSIX_C_SOURCE=200112 -fPIC -std=c99 -fomit-frame-pointer -c -o /tmp/ffmpeg-conf--28022-.o /tmp/ffmpeg-conf--28022-.c
cc1: note: someone does not honour COPTS correctly, passed 0 times
mips-openwrt-linux-uclibc-gcc -o /tmp/ffmpeg-conf--28022- /tmp/ffmpeg-conf--28022-.o -lz -lm
check_ld
check_cc
BEGIN /tmp/ffmpeg-conf--28022-.c
    1	#include <math.h>
    2	int main(void) { return (lrintf(3.999f) > 0)?0:1; }
END /tmp/ffmpeg-conf--28022-.c
mips-openwrt-linux-uclibc-gcc -Os -DXAGENT_CLOUD_SUPPORT -DD7000v2 -DCONFIG_INTEL_SDK -DOPENDNS_PARENTAL_CONTROL -Os -D_ISOC99_SOURCE -D_POSIX_C_SOURCE=200112 -fPIC -std=c99 -fomit-frame-pointer -c -o /tmp/ffmpeg-conf--28022-.o /tmp/ffmpeg-conf--28022-.c
cc1: note: someone does not honour COPTS correctly, passed 0 times
mips-openwrt-linux-uclibc-gcc -o /tmp/ffmpeg-conf--28022- /tmp/ffmpeg-conf--28022-.o -lz -lm
check_ld
check_cc
BEGIN /tmp/ffmpeg-conf--28022-.c
    1	#include <math.h>
    2	int main(void) { return (round(3.999f) > 0)?0:1; }
END /tmp/ffmpeg-conf--28022-.c
mips-openwrt-linux-uclibc-gcc -Os -DXAGENT_CLOUD_SUPPORT -DD7000v2 -DCONFIG_INTEL_SDK -DOPENDNS_PARENTAL_CONTROL -Os -D_ISOC99_SOURCE -D_POSIX_C_SOURCE=200112 -fPIC -std=c99 -fomit-frame-pointer -c -o /tmp/ffmpeg-conf--28022-.o /tmp/ffmpeg-conf--28022-.c
cc1: note: someone does not honour COPTS correctly, passed 0 times
mips-openwrt-linux-uclibc-gcc -o /tmp/ffmpeg-conf--28022- /tmp/ffmpeg-conf--28022-.o -lz -lm
check_ld
check_cc
BEGIN /tmp/ffmpeg-conf--28022-.c
    1	#include <math.h>
    2	int main(void) { return (roundf(3.999f) > 0)?0:1; }
END /tmp/ffmpeg-conf--28022-.c
mips-openwrt-linux-uclibc-gcc -Os -DXAGENT_CLOUD_SUPPORT -DD7000v2 -DCONFIG_INTEL_SDK -DOPENDNS_PARENTAL_CONTROL -Os -D_ISOC99_SOURCE -D_POSIX_C_SOURCE=200112 -fPIC -std=c99 -fomit-frame-pointer -c -o /tmp/ffmpeg-conf--28022-.o /tmp/ffmpeg-conf--28022-.c
cc1: note: someone does not honour COPTS correctly, passed 0 times
mips-openwrt-linux-uclibc-gcc -o /tmp/ffmpeg-conf--28022- /tmp/ffmpeg-conf--28022-.o -lz -lm
check_ld
check_cc
BEGIN /tmp/ffmpeg-conf--28022-.c
    1	#include <math.h>
    2	int main(void) { return (truncf(3.999f) > 0)?0:1; }
END /tmp/ffmpeg-conf--28022-.c
mips-openwrt-linux-uclibc-gcc -Os -DXAGENT_CLOUD_SUPPORT -DD7000v2 -DCONFIG_INTEL_SDK -DOPENDNS_PARENTAL_CONTROL -Os -D_ISOC99_SOURCE -D_POSIX_C_SOURCE=200112 -fPIC -std=c99 -fomit-frame-pointer -c -o /tmp/ffmpeg-conf--28022-.o /tmp/ffmpeg-conf--28022-.c
cc1: note: someone does not honour COPTS correctly, passed 0 times
mips-openwrt-linux-uclibc-gcc -o /tmp/ffmpeg-conf--28022- /tmp/ffmpeg-conf--28022-.o -lz -lm
check_cc
BEGIN /tmp/ffmpeg-conf--28022-.c
    1	void foo(char * restrict p);
END /tmp/ffmpeg-conf--28022-.c
mips-openwrt-linux-uclibc-gcc -Os -DXAGENT_CLOUD_SUPPORT -DD7000v2 -DCONFIG_INTEL_SDK -DOPENDNS_PARENTAL_CONTROL -Os -D_ISOC99_SOURCE -D_POSIX_C_SOURCE=200112 -fPIC -std=c99 -fomit-frame-pointer -c -o /tmp/ffmpeg-conf--28022-.o /tmp/ffmpeg-conf--28022-.c
cc1: note: someone does not honour COPTS correctly, passed 0 times
imlib2-config --version
./configure: 517: ./configure: imlib2-config: not found
freetype-config --version
./configure: 517: ./configure: freetype-config: not found
check_type sys/types.h sys/socket.h socklen_t
check_cc
BEGIN /tmp/ffmpeg-conf--28022-.c
    1	
    2	#include <sys/types.h>
    3	#include <sys/socket.h>
    4	socklen_t v;
END /tmp/ffmpeg-conf--28022-.c
mips-openwrt-linux-uclibc-gcc -Os -DXAGENT_CLOUD_SUPPORT -DD7000v2 -DCONFIG_INTEL_SDK -DOPENDNS_PARENTAL_CONTROL -Os -D_ISOC99_SOURCE -D_POSIX_C_SOURCE=200112 -fPIC -std=c99 -fomit-frame-pointer -c -o /tmp/ffmpeg-conf--28022-.o /tmp/ffmpeg-conf--28022-.c
cc1: note: someone does not honour COPTS correctly, passed 0 times
check_header arpa/inet.h
check_cpp
BEGIN /tmp/ffmpeg-conf--28022-.c
    1	#include <arpa/inet.h>
    2	int x;
END /tmp/ffmpeg-conf--28022-.c
mips-openwrt-linux-uclibc-gcc -Os -DXAGENT_CLOUD_SUPPORT -DD7000v2 -DCONFIG_INTEL_SDK -DOPENDNS_PARENTAL_CONTROL -Os -D_ISOC99_SOURCE -D_POSIX_C_SOURCE=200112 -fPIC -std=c99 -fomit-frame-pointer -E -o /tmp/ffmpeg-conf--28022-.o /tmp/ffmpeg-conf--28022-.c
check_func closesocket
check_ld
check_cc
BEGIN /tmp/ffmpeg-conf--28022-.c
    1	extern int closesocket();
    2	int main(void){ closesocket(); }
END /tmp/ffmpeg-conf--28022-.c
mips-openwrt-linux-uclibc-gcc -Os -DXAGENT_CLOUD_SUPPORT -DD7000v2 -DCONFIG_INTEL_SDK -DOPENDNS_PARENTAL_CONTROL -Os -D_ISOC99_SOURCE -D_POSIX_C_SOURCE=200112 -fPIC -std=c99 -fomit-frame-pointer -c -o /tmp/ffmpeg-conf--28022-.o /tmp/ffmpeg-conf--28022-.c
cc1: note: someone does not honour COPTS correctly, passed 0 times
mips-openwrt-linux-uclibc-gcc -o /tmp/ffmpeg-conf--28022- /tmp/ffmpeg-conf--28022-.o -lz -lm
/tmp/ffmpeg-conf--28022-.o: In function `main':
ffmpeg-conf--28022-.c:(.text.startup+0x10): undefined reference to `closesocket'
collect2: error: ld returned 1 exit status
check_ld
check_cc
BEGIN /tmp/ffmpeg-conf--28022-.c
    1	#include <sys/types.h>
    2	#include <sys/socket.h>
    3	#include <netinet/in.h>
    4	#include <netdb.h>
    5	int main(void) {
    6	    struct sockaddr_storage saddr;
    7	    struct ipv6_mreq mreq6;
    8	    getaddrinfo(0,0,0,0);
    9	    getnameinfo(0,0,0,0,0,0,0);
   10	    IN6_IS_ADDR_MULTICAST((const struct in6_addr *)0);
   11	}
END /tmp/ffmpeg-conf--28022-.c
mips-openwrt-linux-uclibc-gcc -Os -DXAGENT_CLOUD_SUPPORT -DD7000v2 -DCONFIG_INTEL_SDK -DOPENDNS_PARENTAL_CONTROL -Os -D_ISOC99_SOURCE -D_POSIX_C_SOURCE=200112 -fPIC -std=c99 -fomit-frame-pointer -c -o /tmp/ffmpeg-conf--28022-.o /tmp/ffmpeg-conf--28022-.c
cc1: note: someone does not honour COPTS correctly, passed 0 times
mips-openwrt-linux-uclibc-gcc -o /tmp/ffmpeg-conf--28022- /tmp/ffmpeg-conf--28022-.o -lz -lm
check_header linux/videodev.h
check_cpp
BEGIN /tmp/ffmpeg-conf--28022-.c
    1	#include <linux/videodev.h>
    2	int x;
END /tmp/ffmpeg-conf--28022-.c
mips-openwrt-linux-uclibc-gcc -Os -DXAGENT_CLOUD_SUPPORT -DD7000v2 -DCONFIG_INTEL_SDK -DOPENDNS_PARENTAL_CONTROL -Os -D_ISOC99_SOURCE -D_POSIX_C_SOURCE=200112 -fPIC -std=c99 -fomit-frame-pointer -E -o /tmp/ffmpeg-conf--28022-.o /tmp/ffmpeg-conf--28022-.c
/tmp/ffmpeg-conf--28022-.c:1:28: fatal error: linux/videodev.h: No such file or directory
 #include <linux/videodev.h>
                            ^
compilation terminated.
check_header linux/videodev2.h
check_cpp
BEGIN /tmp/ffmpeg-conf--28022-.c
    1	#include <linux/videodev2.h>
    2	int x;
END /tmp/ffmpeg-conf--28022-.c
mips-openwrt-linux-uclibc-gcc -Os -DXAGENT_CLOUD_SUPPORT -DD7000v2 -DCONFIG_INTEL_SDK -DOPENDNS_PARENTAL_CONTROL -Os -D_ISOC99_SOURCE -D_POSIX_C_SOURCE=200112 -fPIC -std=c99 -fomit-frame-pointer -E -o /tmp/ffmpeg-conf--28022-.o /tmp/ffmpeg-conf--28022-.c
check_header sys/videoio.h
check_cpp
BEGIN /tmp/ffmpeg-conf--28022-.c
    1	#include <sys/videoio.h>
    2	int x;
END /tmp/ffmpeg-conf--28022-.c
mips-openwrt-linux-uclibc-gcc -Os -DXAGENT_CLOUD_SUPPORT -DD7000v2 -DCONFIG_INTEL_SDK -DOPENDNS_PARENTAL_CONTROL -Os -D_ISOC99_SOURCE -D_POSIX_C_SOURCE=200112 -fPIC -std=c99 -fomit-frame-pointer -E -o /tmp/ffmpeg-conf--28022-.o /tmp/ffmpeg-conf--28022-.c
/tmp/ffmpeg-conf--28022-.c:1:25: fatal error: sys/videoio.h: No such file or directory
 #include <sys/videoio.h>
                         ^
compilation terminated.
check_func_headers windows.h vfw.h capCreateCaptureWindow -lvfw32
check_ld -lvfw32
check_cc
BEGIN /tmp/ffmpeg-conf--28022-.c
    1	
    2	#include <windows.h>
    3	#include <vfw.h>
    4	int main(int argc, char **argv){
    5	    (void) capCreateCaptureWindow;
    6	    return 0;
    7	}
END /tmp/ffmpeg-conf--28022-.c
mips-openwrt-linux-uclibc-gcc -Os -DXAGENT_CLOUD_SUPPORT -DD7000v2 -DCONFIG_INTEL_SDK -DOPENDNS_PARENTAL_CONTROL -Os -D_ISOC99_SOURCE -D_POSIX_C_SOURCE=200112 -fPIC -std=c99 -fomit-frame-pointer -c -o /tmp/ffmpeg-conf--28022-.o /tmp/ffmpeg-conf--28022-.c
cc1: note: someone does not honour COPTS correctly, passed 0 times
/tmp/ffmpeg-conf--28022-.c:2:21: fatal error: windows.h: No such file or directory
 #include <windows.h>
                     ^
compilation terminated.
check_header dev/bktr/ioctl_meteor.h
check_cpp
BEGIN /tmp/ffmpeg-conf--28022-.c
    1	#include <dev/bktr/ioctl_meteor.h>
    2	int x;
END /tmp/ffmpeg-conf--28022-.c
mips-openwrt-linux-uclibc-gcc -Os -DXAGENT_CLOUD_SUPPORT -DD7000v2 -DCONFIG_INTEL_SDK -DOPENDNS_PARENTAL_CONTROL -Os -D_ISOC99_SOURCE -D_POSIX_C_SOURCE=200112 -fPIC -std=c99 -fomit-frame-pointer -E -o /tmp/ffmpeg-conf--28022-.o /tmp/ffmpeg-conf--28022-.c
/tmp/ffmpeg-conf--28022-.c:1:35: fatal error: dev/bktr/ioctl_meteor.h: No such file or directory
 #include <dev/bktr/ioctl_meteor.h>
                                   ^
compilation terminated.
check_header machine/ioctl_meteor.h
check_cpp
BEGIN /tmp/ffmpeg-conf--28022-.c
    1	#include <machine/ioctl_meteor.h>
    2	int x;
END /tmp/ffmpeg-conf--28022-.c
mips-openwrt-linux-uclibc-gcc -Os -DXAGENT_CLOUD_SUPPORT -DD7000v2 -DCONFIG_INTEL_SDK -DOPENDNS_PARENTAL_CONTROL -Os -D_ISOC99_SOURCE -D_POSIX_C_SOURCE=200112 -fPIC -std=c99 -fomit-frame-pointer -E -o /tmp/ffmpeg-conf--28022-.o /tmp/ffmpeg-conf--28022-.c
/tmp/ffmpeg-conf--28022-.c:1:34: fatal error: machine/ioctl_meteor.h: No such file or directory
 #include <machine/ioctl_meteor.h>
                                  ^
compilation terminated.
check_header dev/video/meteor/ioctl_meteor.h
check_cpp
BEGIN /tmp/ffmpeg-conf--28022-.c
    1	#include <dev/video/meteor/ioctl_meteor.h>
    2	int x;
END /tmp/ffmpeg-conf--28022-.c
mips-openwrt-linux-uclibc-gcc -Os -DXAGENT_CLOUD_SUPPORT -DD7000v2 -DCONFIG_INTEL_SDK -DOPENDNS_PARENTAL_CONTROL -Os -D_ISOC99_SOURCE -D_POSIX_C_SOURCE=200112 -fPIC -std=c99 -fomit-frame-pointer -E -o /tmp/ffmpeg-conf--28022-.o /tmp/ffmpeg-conf--28022-.c
/tmp/ffmpeg-conf--28022-.c:1:43: fatal error: dev/video/meteor/ioctl_meteor.h: No such file or directory
 #include <dev/video/meteor/ioctl_meteor.h>
                                           ^
compilation terminated.
check_header dev/ic/bt8xx.h
check_cpp
BEGIN /tmp/ffmpeg-conf--28022-.c
    1	#include <dev/ic/bt8xx.h>
    2	int x;
END /tmp/ffmpeg-conf--28022-.c
mips-openwrt-linux-uclibc-gcc -Os -DXAGENT_CLOUD_SUPPORT -DD7000v2 -DCONFIG_INTEL_SDK -DOPENDNS_PARENTAL_CONTROL -Os -D_ISOC99_SOURCE -D_POSIX_C_SOURCE=200112 -fPIC -std=c99 -fomit-frame-pointer -E -o /tmp/ffmpeg-conf--28022-.o /tmp/ffmpeg-conf--28022-.c
/tmp/ffmpeg-conf--28022-.c:1:26: fatal error: dev/ic/bt8xx.h: No such file or directory
 #include <dev/ic/bt8xx.h>
                          ^
compilation terminated.
check_header sys/soundcard.h
check_cpp
BEGIN /tmp/ffmpeg-conf--28022-.c
    1	#include <sys/soundcard.h>
    2	int x;
END /tmp/ffmpeg-conf--28022-.c
mips-openwrt-linux-uclibc-gcc -Os -DXAGENT_CLOUD_SUPPORT -DD7000v2 -DCONFIG_INTEL_SDK -DOPENDNS_PARENTAL_CONTROL -Os -D_ISOC99_SOURCE -D_POSIX_C_SOURCE=200112 -fPIC -std=c99 -fomit-frame-pointer -E -o /tmp/ffmpeg-conf--28022-.o /tmp/ffmpeg-conf--28022-.c
check_header soundcard.h
check_cpp
BEGIN /tmp/ffmpeg-conf--28022-.c
    1	#include <soundcard.h>
    2	int x;
END /tmp/ffmpeg-conf--28022-.c
mips-openwrt-linux-uclibc-gcc -Os -DXAGENT_CLOUD_SUPPORT -DD7000v2 -DCONFIG_INTEL_SDK -DOPENDNS_PARENTAL_CONTROL -Os -D_ISOC99_SOURCE -D_POSIX_C_SOURCE=200112 -fPIC -std=c99 -fomit-frame-pointer -E -o /tmp/ffmpeg-conf--28022-.o /tmp/ffmpeg-conf--28022-.c
/tmp/ffmpeg-conf--28022-.c:1:23: fatal error: soundcard.h: No such file or directory
 #include <soundcard.h>
                       ^
compilation terminated.
check_lib2 alsa/asoundlib.h snd_pcm_htimestamp -lasound
check_func_headers alsa/asoundlib.h snd_pcm_htimestamp
check_ld
check_cc
BEGIN /tmp/ffmpeg-conf--28022-.c
    1	
    2	#include <alsa/asoundlib.h>
    3	int main(int argc, char **argv){
    4	    (void) snd_pcm_htimestamp;
    5	    return 0;
    6	}
END /tmp/ffmpeg-conf--28022-.c
mips-openwrt-linux-uclibc-gcc -Os -DXAGENT_CLOUD_SUPPORT -DD7000v2 -DCONFIG_INTEL_SDK -DOPENDNS_PARENTAL_CONTROL -Os -D_ISOC99_SOURCE -D_POSIX_C_SOURCE=200112 -fPIC -std=c99 -fomit-frame-pointer -c -o /tmp/ffmpeg-conf--28022-.o /tmp/ffmpeg-conf--28022-.c
cc1: note: someone does not honour COPTS correctly, passed 0 times
/tmp/ffmpeg-conf--28022-.c:2:28: fatal error: alsa/asoundlib.h: No such file or directory
 #include <alsa/asoundlib.h>
                            ^
compilation terminated.
check_cflags -Wdeclaration-after-statement
check_cc -Wdeclaration-after-statement
BEGIN /tmp/ffmpeg-conf--28022-.c
    1	int x;
END /tmp/ffmpeg-conf--28022-.c
mips-openwrt-linux-uclibc-gcc -Os -DXAGENT_CLOUD_SUPPORT -DD7000v2 -DCONFIG_INTEL_SDK -DOPENDNS_PARENTAL_CONTROL -Os -D_ISOC99_SOURCE -D_POSIX_C_SOURCE=200112 -fPIC -std=c99 -fomit-frame-pointer -g -Wdeclaration-after-statement -c -o /tmp/ffmpeg-conf--28022-.o /tmp/ffmpeg-conf--28022-.c
cc1: note: someone does not honour COPTS correctly, passed 0 times
check_cflags -Wall
check_cc -Wall
BEGIN /tmp/ffmpeg-conf--28022-.c
    1	int x;
END /tmp/ffmpeg-conf--28022-.c
mips-openwrt-linux-uclibc-gcc -Os -DXAGENT_CLOUD_SUPPORT -DD7000v2 -DCONFIG_INTEL_SDK -DOPENDNS_PARENTAL_CONTROL -Os -D_ISOC99_SOURCE -D_POSIX_C_SOURCE=200112 -fPIC -std=c99 -fomit-frame-pointer -g -Wdeclaration-after-statement -Wall -c -o /tmp/ffmpeg-conf--28022-.o /tmp/ffmpeg-conf--28022-.c
cc1: note: someone does not honour COPTS correctly, passed 0 times
check_cflags -Wno-switch
check_cc -Wno-switch
BEGIN /tmp/ffmpeg-conf--28022-.c
    1	int x;
END /tmp/ffmpeg-conf--28022-.c
mips-openwrt-linux-uclibc-gcc -Os -DXAGENT_CLOUD_SUPPORT -DD7000v2 -DCONFIG_INTEL_SDK -DOPENDNS_PARENTAL_CONTROL -Os -D_ISOC99_SOURCE -D_POSIX_C_SOURCE=200112 -fPIC -std=c99 -fomit-frame-pointer -g -Wdeclaration-after-statement -Wall -Wno-switch -c -o /tmp/ffmpeg-conf--28022-.o /tmp/ffmpeg-conf--28022-.c
cc1: note: someone does not honour COPTS correctly, passed 0 times
check_cflags -Wdisabled-optimization
check_cc -Wdisabled-optimization
BEGIN /tmp/ffmpeg-conf--28022-.c
    1	int x;
END /tmp/ffmpeg-conf--28022-.c
mips-openwrt-linux-uclibc-gcc -Os -DXAGENT_CLOUD_SUPPORT -DD7000v2 -DCONFIG_INTEL_SDK -DOPENDNS_PARENTAL_CONTROL -Os -D_ISOC99_SOURCE -D_POSIX_C_SOURCE=200112 -fPIC -std=c99 -fomit-frame-pointer -g -Wdeclaration-after-statement -Wall -Wno-switch -Wdisabled-optimization -c -o /tmp/ffmpeg-conf--28022-.o /tmp/ffmpeg-conf--28022-.c
cc1: note: someone does not honour COPTS correctly, passed 0 times
check_cflags -Wpointer-arith
check_cc -Wpointer-arith
BEGIN /tmp/ffmpeg-conf--28022-.c
    1	int x;
END /tmp/ffmpeg-conf--28022-.c
mips-openwrt-linux-uclibc-gcc -Os -DXAGENT_CLOUD_SUPPORT -DD7000v2 -DCONFIG_INTEL_SDK -DOPENDNS_PARENTAL_CONTROL -Os -D_ISOC99_SOURCE -D_POSIX_C_SOURCE=200112 -fPIC -std=c99 -fomit-frame-pointer -g -Wdeclaration-after-statement -Wall -Wno-switch -Wdisabled-optimization -Wpointer-arith -c -o /tmp/ffmpeg-conf--28022-.o /tmp/ffmpeg-conf--28022-.c
cc1: note: someone does not honour COPTS correctly, passed 0 times
check_cflags -Wredundant-decls
check_cc -Wredundant-decls
BEGIN /tmp/ffmpeg-conf--28022-.c
    1	int x;
END /tmp/ffmpeg-conf--28022-.c
mips-openwrt-linux-uclibc-gcc -Os -DXAGENT_CLOUD_SUPPORT -DD7000v2 -DCONFIG_INTEL_SDK -DOPENDNS_PARENTAL_CONTROL -Os -D_ISOC99_SOURCE -D_POSIX_C_SOURCE=200112 -fPIC -std=c99 -fomit-frame-pointer -g -Wdeclaration-after-statement -Wall -Wno-switch -Wdisabled-optimization -Wpointer-arith -Wredundant-decls -c -o /tmp/ffmpeg-conf--28022-.o /tmp/ffmpeg-conf--28022-.c
cc1: note: someone does not honour COPTS correctly, passed 0 times
check_cflags -Wno-pointer-sign
check_cc -Wno-pointer-sign
BEGIN /tmp/ffmpeg-conf--28022-.c
    1	int x;
END /tmp/ffmpeg-conf--28022-.c
mips-openwrt-linux-uclibc-gcc -Os -DXAGENT_CLOUD_SUPPORT -DD7000v2 -DCONFIG_INTEL_SDK -DOPENDNS_PARENTAL_CONTROL -Os -D_ISOC99_SOURCE -D_POSIX_C_SOURCE=200112 -fPIC -std=c99 -fomit-frame-pointer -g -Wdeclaration-after-statement -Wall -Wno-switch -Wdisabled-optimization -Wpointer-arith -Wredundant-decls -Wno-pointer-sign -c -o /tmp/ffmpeg-conf--28022-.o /tmp/ffmpeg-conf--28022-.c
cc1: note: someone does not honour COPTS correctly, passed 0 times
check_cflags -Wcast-qual
check_cc -Wcast-qual
BEGIN /tmp/ffmpeg-conf--28022-.c
    1	int x;
END /tmp/ffmpeg-conf--28022-.c
mips-openwrt-linux-uclibc-gcc -Os -DXAGENT_CLOUD_SUPPORT -DD7000v2 -DCONFIG_INTEL_SDK -DOPENDNS_PARENTAL_CONTROL -Os -D_ISOC99_SOURCE -D_POSIX_C_SOURCE=200112 -fPIC -std=c99 -fomit-frame-pointer -g -Wdeclaration-after-statement -Wall -Wno-switch -Wdisabled-optimization -Wpointer-arith -Wredundant-decls -Wno-pointer-sign -Wcast-qual -c -o /tmp/ffmpeg-conf--28022-.o /tmp/ffmpeg-conf--28022-.c
cc1: note: someone does not honour COPTS correctly, passed 0 times
check_cflags -Wwrite-strings
check_cc -Wwrite-strings
BEGIN /tmp/ffmpeg-conf--28022-.c
    1	int x;
END /tmp/ffmpeg-conf--28022-.c
mips-openwrt-linux-uclibc-gcc -Os -DXAGENT_CLOUD_SUPPORT -DD7000v2 -DCONFIG_INTEL_SDK -DOPENDNS_PARENTAL_CONTROL -Os -D_ISOC99_SOURCE -D_POSIX_C_SOURCE=200112 -fPIC -std=c99 -fomit-frame-pointer -g -Wdeclaration-after-statement -Wall -Wno-switch -Wdisabled-optimization -Wpointer-arith -Wredundant-decls -Wno-pointer-sign -Wcast-qual -Wwrite-strings -c -o /tmp/ffmpeg-conf--28022-.o /tmp/ffmpeg-conf--28022-.c
cc1: note: someone does not honour COPTS correctly, passed 0 times
check_cflags -Wtype-limits
check_cc -Wtype-limits
BEGIN /tmp/ffmpeg-conf--28022-.c
    1	int x;
END /tmp/ffmpeg-conf--28022-.c
mips-openwrt-linux-uclibc-gcc -Os -DXAGENT_CLOUD_SUPPORT -DD7000v2 -DCONFIG_INTEL_SDK -DOPENDNS_PARENTAL_CONTROL -Os -D_ISOC99_SOURCE -D_POSIX_C_SOURCE=200112 -fPIC -std=c99 -fomit-frame-pointer -g -Wdeclaration-after-statement -Wall -Wno-switch -Wdisabled-optimization -Wpointer-arith -Wredundant-decls -Wno-pointer-sign -Wcast-qual -Wwrite-strings -Wtype-limits -c -o /tmp/ffmpeg-conf--28022-.o /tmp/ffmpeg-conf--28022-.c
cc1: note: someone does not honour COPTS correctly, passed 0 times
check_cflags -Wundef
check_cc -Wundef
BEGIN /tmp/ffmpeg-conf--28022-.c
    1	int x;
END /tmp/ffmpeg-conf--28022-.c
mips-openwrt-linux-uclibc-gcc -Os -DXAGENT_CLOUD_SUPPORT -DD7000v2 -DCONFIG_INTEL_SDK -DOPENDNS_PARENTAL_CONTROL -Os -D_ISOC99_SOURCE -D_POSIX_C_SOURCE=200112 -fPIC -std=c99 -fomit-frame-pointer -g -Wdeclaration-after-statement -Wall -Wno-switch -Wdisabled-optimization -Wpointer-arith -Wredundant-decls -Wno-pointer-sign -Wcast-qual -Wwrite-strings -Wtype-limits -Wundef -c -o /tmp/ffmpeg-conf--28022-.o /tmp/ffmpeg-conf--28022-.c
cc1: note: someone does not honour COPTS correctly, passed 0 times
check_ldflags -Wl,--warn-common
test_ldflags -Wl,--warn-common
check_ld -Wl,--warn-common
check_cc
BEGIN /tmp/ffmpeg-conf--28022-.c
    1	int main(void){ return 0; }
END /tmp/ffmpeg-conf--28022-.c
mips-openwrt-linux-uclibc-gcc -Os -DXAGENT_CLOUD_SUPPORT -DD7000v2 -DCONFIG_INTEL_SDK -DOPENDNS_PARENTAL_CONTROL -Os -D_ISOC99_SOURCE -D_POSIX_C_SOURCE=200112 -fPIC -std=c99 -fomit-frame-pointer -g -Wdeclaration-after-statement -Wall -Wno-switch -Wdisabled-optimization -Wpointer-arith -Wredundant-decls -Wno-pointer-sign -Wcast-qual -Wwrite-strings -Wtype-limits -Wundef -c -o /tmp/ffmpeg-conf--28022-.o /tmp/ffmpeg-conf--28022-.c
cc1: note: someone does not honour COPTS correctly, passed 0 times
mips-openwrt-linux-uclibc-gcc -Wl,--warn-common -o /tmp/ffmpeg-conf--28022- /tmp/ffmpeg-conf--28022-.o -lz -lm
check_ldflags -Wl,--as-needed
test_ldflags -Wl,--as-needed
check_ld -Wl,--as-needed
check_cc
BEGIN /tmp/ffmpeg-conf--28022-.c
    1	int main(void){ return 0; }
END /tmp/ffmpeg-conf--28022-.c
mips-openwrt-linux-uclibc-gcc -Os -DXAGENT_CLOUD_SUPPORT -DD7000v2 -DCONFIG_INTEL_SDK -DOPENDNS_PARENTAL_CONTROL -Os -D_ISOC99_SOURCE -D_POSIX_C_SOURCE=200112 -fPIC -std=c99 -fomit-frame-pointer -g -Wdeclaration-after-statement -Wall -Wno-switch -Wdisabled-optimization -Wpointer-arith -Wredundant-decls -Wno-pointer-sign -Wcast-qual -Wwrite-strings -Wtype-limits -Wundef -c -o /tmp/ffmpeg-conf--28022-.o /tmp/ffmpeg-conf--28022-.c
cc1: note: someone does not honour COPTS correctly, passed 0 times
mips-openwrt-linux-uclibc-gcc -Wl,--warn-common -Wl,--as-needed -o /tmp/ffmpeg-conf--28022- /tmp/ffmpeg-conf--28022-.o -lz -lm
check_ldflags -Wl,-rpath-link,\$(BUILD_ROOT)/libpostproc -Wl,-rpath-link,\$(BUILD_ROOT)/libswscale -Wl,-rpath-link,\$(BUILD_ROOT)/libavfilter -Wl,-rpath-link,\$(BUILD_ROOT)/libavdevice -Wl,-rpath-link,\$(BUILD_ROOT)/libavformat -Wl,-rpath-link,\$(BUILD_ROOT)/libavcodec -Wl,-rpath-link,\$(BUILD_ROOT)/libavutil
test_ldflags -Wl,-rpath-link,\$(BUILD_ROOT)/libpostproc -Wl,-rpath-link,\$(BUILD_ROOT)/libswscale -Wl,-rpath-link,\$(BUILD_ROOT)/libavfilter -Wl,-rpath-link,\$(BUILD_ROOT)/libavdevice -Wl,-rpath-link,\$(BUILD_ROOT)/libavformat -Wl,-rpath-link,\$(BUILD_ROOT)/libavcodec -Wl,-rpath-link,\$(BUILD_ROOT)/libavutil
check_ld -Wl,-rpath-link,\$(BUILD_ROOT)/libpostproc -Wl,-rpath-link,\$(BUILD_ROOT)/libswscale -Wl,-rpath-link,\$(BUILD_ROOT)/libavfilter -Wl,-rpath-link,\$(BUILD_ROOT)/libavdevice -Wl,-rpath-link,\$(BUILD_ROOT)/libavformat -Wl,-rpath-link,\$(BUILD_ROOT)/libavcodec -Wl,-rpath-link,\$(BUILD_ROOT)/libavutil
check_cc
BEGIN /tmp/ffmpeg-conf--28022-.c
    1	int main(void){ return 0; }
END /tmp/ffmpeg-conf--28022-.c
mips-openwrt-linux-uclibc-gcc -Os -DXAGENT_CLOUD_SUPPORT -DD7000v2 -DCONFIG_INTEL_SDK -DOPENDNS_PARENTAL_CONTROL -Os -D_ISOC99_SOURCE -D_POSIX_C_SOURCE=200112 -fPIC -std=c99 -fomit-frame-pointer -g -Wdeclaration-after-statement -Wall -Wno-switch -Wdisabled-optimization -Wpointer-arith -Wredundant-decls -Wno-pointer-sign -Wcast-qual -Wwrite-strings -Wtype-limits -Wundef -c -o /tmp/ffmpeg-conf--28022-.o /tmp/ffmpeg-conf--28022-.c
cc1: note: someone does not honour COPTS correctly, passed 0 times
mips-openwrt-linux-uclibc-gcc -Wl,--warn-common -Wl,--as-needed -Wl,-rpath-link,\$(BUILD_ROOT)/libpostproc -Wl,-rpath-link,\$(BUILD_ROOT)/libswscale -Wl,-rpath-link,\$(BUILD_ROOT)/libavfilter -Wl,-rpath-link,\$(BUILD_ROOT)/libavdevice -Wl,-rpath-link,\$(BUILD_ROOT)/libavformat -Wl,-rpath-link,\$(BUILD_ROOT)/libavcodec -Wl,-rpath-link,\$(BUILD_ROOT)/libavutil -o /tmp/ffmpeg-conf--28022- /tmp/ffmpeg-conf--28022-.o -lz -lm
check_ldflags -Wl,-Bsymbolic
test_ldflags -Wl,-Bsymbolic
check_ld -Wl,-Bsymbolic
check_cc
BEGIN /tmp/ffmpeg-conf--28022-.c
    1	int main(void){ return 0; }
END /tmp/ffmpeg-conf--28022-.c
mips-openwrt-linux-uclibc-gcc -Os -DXAGENT_CLOUD_SUPPORT -DD7000v2 -DCONFIG_INTEL_SDK -DOPENDNS_PARENTAL_CONTROL -Os -D_ISOC99_SOURCE -D_POSIX_C_SOURCE=200112 -fPIC -std=c99 -fomit-frame-pointer -g -Wdeclaration-after-statement -Wall -Wno-switch -Wdisabled-optimization -Wpointer-arith -Wredundant-decls -Wno-pointer-sign -Wcast-qual -Wwrite-strings -Wtype-limits -Wundef -c -o /tmp/ffmpeg-conf--28022-.o /tmp/ffmpeg-conf--28022-.c
cc1: note: someone does not honour COPTS correctly, passed 0 times
mips-openwrt-linux-uclibc-gcc -Wl,--warn-common -Wl,--as-needed -Wl,-rpath-link,$(BUILD_ROOT)/libpostproc -Wl,-rpath-link,$(BUILD_ROOT)/libswscale -Wl,-rpath-link,$(BUILD_ROOT)/libavfilter -Wl,-rpath-link,$(BUILD_ROOT)/libavdevice -Wl,-rpath-link,$(BUILD_ROOT)/libavformat -Wl,-rpath-link,$(BUILD_ROOT)/libavcodec -Wl,-rpath-link,$(BUILD_ROOT)/libavutil -Wl,-Bsymbolic -o /tmp/ffmpeg-conf--28022- /tmp/ffmpeg-conf--28022-.o -lz -lm
test_ldflags -Wl,--version-script,/tmp/ffmpeg-conf--28022-.ver
check_ld -Wl,--version-script,/tmp/ffmpeg-conf--28022-.ver
check_cc
BEGIN /tmp/ffmpeg-conf--28022-.c
    1	int main(void){ return 0; }
END /tmp/ffmpeg-conf--28022-.c
mips-openwrt-linux-uclibc-gcc -Os -DXAGENT_CLOUD_SUPPORT -DD7000v2 -DCONFIG_INTEL_SDK -DOPENDNS_PARENTAL_CONTROL -Os -D_ISOC99_SOURCE -D_POSIX_C_SOURCE=200112 -fPIC -std=c99 -fomit-frame-pointer -g -Wdeclaration-after-statement -Wall -Wno-switch -Wdisabled-optimization -Wpointer-arith -Wredundant-decls -Wno-pointer-sign -Wcast-qual -Wwrite-strings -Wtype-limits -Wundef -c -o /tmp/ffmpeg-conf--28022-.o /tmp/ffmpeg-conf--28022-.c
cc1: note: someone does not honour COPTS correctly, passed 0 times
mips-openwrt-linux-uclibc-gcc -Wl,--warn-common -Wl,--as-needed -Wl,-rpath-link,$(BUILD_ROOT)/libpostproc -Wl,-rpath-link,$(BUILD_ROOT)/libswscale -Wl,-rpath-link,$(BUILD_ROOT)/libavfilter -Wl,-rpath-link,$(BUILD_ROOT)/libavdevice -Wl,-rpath-link,$(BUILD_ROOT)/libavformat -Wl,-rpath-link,$(BUILD_ROOT)/libavcodec -Wl,-rpath-link,$(BUILD_ROOT)/libavutil -Wl,-Bsymbolic -Wl,--version-script,/tmp/ffmpeg-conf--28022-.ver -o /tmp/ffmpeg-conf--28022- /tmp/ffmpeg-conf--28022-.o -lz -lm
check_cflags -fno-math-errno
check_cc -fno-math-errno
BEGIN /tmp/ffmpeg-conf--28022-.c
    1	int x;
END /tmp/ffmpeg-conf--28022-.c
mips-openwrt-linux-uclibc-gcc -Os -DXAGENT_CLOUD_SUPPORT -DD7000v2 -DCONFIG_INTEL_SDK -DOPENDNS_PARENTAL_CONTROL -Os -D_ISOC99_SOURCE -D_POSIX_C_SOURCE=200112 -fPIC -std=c99 -fomit-frame-pointer -g -Wdeclaration-after-statement -Wall -Wno-switch -Wdisabled-optimization -Wpointer-arith -Wredundant-decls -Wno-pointer-sign -Wcast-qual -Wwrite-strings -Wtype-limits -Wundef -O3 -fno-math-errno -c -o /tmp/ffmpeg-conf--28022-.o /tmp/ffmpeg-conf--28022-.c
cc1: note: someone does not honour COPTS correctly, passed 0 times
check_cflags -fno-signed-zeros
check_cc -fno-signed-zeros
BEGIN /tmp/ffmpeg-conf--28022-.c
    1	int x;
END /tmp/ffmpeg-conf--28022-.c
mips-openwrt-linux-uclibc-gcc -Os -DXAGENT_CLOUD_SUPPORT -DD7000v2 -DCONFIG_INTEL_SDK -DOPENDNS_PARENTAL_CONTROL -Os -D_ISOC99_SOURCE -D_POSIX_C_SOURCE=200112 -fPIC -std=c99 -fomit-frame-pointer -g -Wdeclaration-after-statement -Wall -Wno-switch -Wdisabled-optimization -Wpointer-arith -Wredundant-decls -Wno-pointer-sign -Wcast-qual -Wwrite-strings -Wtype-limits -Wundef -O3 -fno-math-errno -fno-signed-zeros -c -o /tmp/ffmpeg-conf--28022-.o /tmp/ffmpeg-conf--28022-.c
cc1: note: someone does not honour COPTS correctly, passed 0 times
check_asm asmalign_pot ".align 3"
check_cc
BEGIN /tmp/ffmpeg-conf--28022-.c
    1	void foo(void){ __asm__ volatile(".align 3"); }
END /tmp/ffmpeg-conf--28022-.c
mips-openwrt-linux-uclibc-gcc -Os -DXAGENT_CLOUD_SUPPORT -DD7000v2 -DCONFIG_INTEL_SDK -DOPENDNS_PARENTAL_CONTROL -Os -D_ISOC99_SOURCE -D_POSIX_C_SOURCE=200112 -fPIC -std=c99 -fomit-frame-pointer -g -Wdeclaration-after-statement -Wall -Wno-switch -Wdisabled-optimization -Wpointer-arith -Wredundant-decls -Wno-pointer-sign -Wcast-qual -Wwrite-strings -Wtype-limits -Wundef -O3 -fno-math-errno -fno-signed-zeros -c -o /tmp/ffmpeg-conf--28022-.o /tmp/ffmpeg-conf--28022-.c
cc1: note: someone does not honour COPTS correctly, passed 0 times
