This file contains any messages produced by compilers while
running configure, to aid debugging if configure makes a mistake.

It was created by ID3 Tag configure 0.15.0b, which was
generated by GNU Autoconf 2.69.  Invocation command line was

  $ ./configure --host=mips-linux-linux26 CC=mips-openwrt-linux-uclibc-gcc CPPFLAGS=-I/home/paldier/d7000/ap/gpl/minidlna/zlib-1.2.3/ LDFLAGS=-L/home/paldier/d7000/ap/gpl/minidlna/zlib-1.2.3/

## --------- ##
## Platform. ##
## --------- ##

hostname = paldier-VirtualBox
uname -m = x86_64
uname -r = 4.2.0-42-generic
uname -s = Linux
uname -v = #49~14.04.1-Ubuntu SMP Wed Jun 29 20:22:11 UTC 2016

/usr/bin/uname -p = unknown
/bin/uname -X     = unknown

/bin/arch              = unknown
/usr/bin/arch -k       = unknown
/usr/convex/getsysinfo = unknown
/usr/bin/hostinfo      = unknown
/bin/machine           = unknown
/usr/bin/oslevel       = unknown
/bin/universe          = unknown

PATH: /home/paldier/d7000/staging_dir/toolchain-mips_mips32_gcc-4.8-linaro_uClibc-0.9.33.2/bin
PATH: /home/paldier/d7000/staging_dir/host/bin
PATH: /home/paldier/d7000/staging_dir/toolchain-mips_mips32_gcc-4.8-linaro_uClibc-0.9.33.2/bin
PATH: /usr/local/sbin
PATH: /usr/local/bin
PATH: /usr/sbin
PATH: /usr/bin
PATH: /sbin
PATH: /bin
PATH: /usr/games
PATH: /usr/local/games
PATH: /opt/brcm/hndtools-mipsel-linux/bin
PATH: /opt/brcm/hndtools-mipsel-uclibc/bin
PATH: /opt/brcm-arm/bin
PATH: /opt/brcm/hndtools-mipsel-linux/bin
PATH: /opt/brcm/hndtools-mipsel-uclibc/bin
PATH: /opt/brcm-arm/bin


## ----------- ##
## Core tests. ##
## ----------- ##

configure:2374: checking for a BSD-compatible install
configure:2442: result: /usr/bin/install -c
configure:2453: checking whether build environment is sane
configure:2490: result: yes
configure:2520: checking for gawk
configure:2536: found /usr/bin/gawk
configure:2547: result: gawk
configure:2558: checking whether make sets $(MAKE)
configure:2580: result: yes
configure:2657: checking for mips-linux-linux26-strip
configure:2684: result: mips-openwrt-linux-uclibc-strip
configure:2763: checking build system type
configure:2777: result: x86_64-unknown-linux-gnu
configure:2797: checking host system type
configure:2810: result: mips-linux-linux-gnu26
configure:2840: checking for mips-linux-linux26-gcc
configure:2867: result: mips-openwrt-linux-uclibc-gcc
configure:3136: checking for C compiler version
configure:3145: mips-openwrt-linux-uclibc-gcc --version >&5
mips-openwrt-linux-uclibc-gcc (OpenWrt/Linaro GCC 4.8-2014.04 15.05_ltq) 4.8.3
Copyright (C) 2013 Free Software Foundation, Inc.
This is free software; see the source for copying conditions.  There is NO
warranty; not even for MERCHANTABILITY or FITNESS FOR A PARTICULAR PURPOSE.

configure:3156: $? = 0
configure:3145: mips-openwrt-linux-uclibc-gcc -v >&5
Reading specs from /home/paldier/d7000/staging_dir/toolchain-mips_mips32_gcc-4.8-linaro_uClibc-0.9.33.2/lib/gcc/mips-openwrt-linux-uclibc/4.8.3/specs
COLLECT_GCC=mips-openwrt-linux-uclibc-gcc
COLLECT_LTO_WRAPPER=/home/paldier/d7000/staging_dir/toolchain-mips_mips32_gcc-4.8-linaro_uClibc-0.9.33.2/libexec/gcc/mips-openwrt-linux-uclibc/4.8.3/lto-wrapper
Target: mips-openwrt-linux-uclibc
Configured with: /home/paldier/d7000/build_dir/toolchain-mips_mips32_gcc-4.8-linaro_uClibc-0.9.33.2/gcc-linaro-4.8-2014.04/configure --with-bugurl=https://dev.openwrt.org/ --with-pkgversion='OpenWrt/Linaro GCC 4.8-2014.04 15.05_ltq' --prefix=/home/paldier/d7000/staging_dir/toolchain-mips_mips32_gcc-4.8-linaro_uClibc-0.9.33.2 --build=x86_64-linux-gnu --host=x86_64-linux-gnu --target=mips-openwrt-linux-uclibc --with-gnu-ld --enable-target-optspace --disable-libgomp --disable-libmudflap --disable-multilib --disable-nls --with-host-libstdcxx=-lstdc++ --with-float=soft --with-gmp=/home/paldier/d7000/staging_dir/host --with-mpfr=/home/paldier/d7000/staging_dir/host --with-mpc=/home/paldier/d7000/staging_dir/host --disable-decimal-float --with-mips-plt --enable-libssp --disable-__cxa_atexit --with-headers=/home/paldier/d7000/staging_dir/toolchain-mips_mips32_gcc-4.8-linaro_uClibc-0.9.33.2/include --disable-libsanitizer --enable-languages=c,c++ --enable-shared --enable-threads --with-slibdir=/home/paldier/d7000/staging_dir/toolchain-mips_mips32_gcc-4.8-linaro_uClibc-0.9.33.2/lib
Thread model: posix
gcc version 4.8.3 (OpenWrt/Linaro GCC 4.8-2014.04 15.05_ltq) 
configure:3156: $? = 0
configure:3145: mips-openwrt-linux-uclibc-gcc -V >&5
mips-openwrt-linux-uclibc-gcc: error: unrecognized command line option '-V'
mips-openwrt-linux-uclibc-gcc: fatal error: no input files
compilation terminated.
configure:3156: $? = 1
configure:3145: mips-openwrt-linux-uclibc-gcc -qversion >&5
mips-openwrt-linux-uclibc-gcc: error: unrecognized command line option '-qversion'
mips-openwrt-linux-uclibc-gcc: fatal error: no input files
compilation terminated.
configure:3156: $? = 1
configure:3176: checking whether the C compiler works
configure:3198: mips-openwrt-linux-uclibc-gcc  -Os -DXAGENT_CLOUD_SUPPORT -DD7000v2 -DCONFIG_INTEL_SDK -DOPENDNS_PARENTAL_CONTROL -Os -I/home/paldier/d7000/ap/gpl/minidlna/zlib-1.2.3/ -L/home/paldier/d7000/ap/gpl/minidlna/zlib-1.2.3/ conftest.c  >&5
cc1: note: someone does not honour COPTS correctly, passed 0 times
configure:3202: $? = 0
configure:3250: result: yes
configure:3253: checking for C compiler default output file name
configure:3255: result: a.out
configure:3261: checking for suffix of executables
configure:3268: mips-openwrt-linux-uclibc-gcc -o conftest  -Os -DXAGENT_CLOUD_SUPPORT -DD7000v2 -DCONFIG_INTEL_SDK -DOPENDNS_PARENTAL_CONTROL -Os -I/home/paldier/d7000/ap/gpl/minidlna/zlib-1.2.3/ -L/home/paldier/d7000/ap/gpl/minidlna/zlib-1.2.3/ conftest.c  >&5
cc1: note: someone does not honour COPTS correctly, passed 0 times
configure:3272: $? = 0
configure:3294: result: 
configure:3316: checking whether we are cross compiling
configure:3324: mips-openwrt-linux-uclibc-gcc -o conftest  -Os -DXAGENT_CLOUD_SUPPORT -DD7000v2 -DCONFIG_INTEL_SDK -DOPENDNS_PARENTAL_CONTROL -Os -I/home/paldier/d7000/ap/gpl/minidlna/zlib-1.2.3/ -L/home/paldier/d7000/ap/gpl/minidlna/zlib-1.2.3/ conftest.c  >&5
cc1: note: someone does not honour COPTS correctly, passed 0 times
configure:3328: $? = 0
configure:3335: ./conftest
./configure: line 3337: ./conftest: cannot execute binary file: Exec format error
configure:3339: $? = 126
configure:3354: result: yes
configure:3359: checking for suffix of object files
configure:3381: mips-openwrt-linux-uclibc-gcc -c  -Os -DXAGENT_CLOUD_SUPPORT -DD7000v2 -DCONFIG_INTEL_SDK -DOPENDNS_PARENTAL_CONTROL -Os -I/home/paldier/d7000/ap/gpl/minidlna/zlib-1.2.3/ conftest.c >&5
cc1: note: someone does not honour COPTS correctly, passed 0 times
configure:3385: $? = 0
configure:3406: result: o
configure:3410: checking whether we are using the GNU C compiler
configure:3429: mips-openwrt-linux-uclibc-gcc -c  -Os -DXAGENT_CLOUD_SUPPORT -DD7000v2 -DCONFIG_INTEL_SDK -DOPENDNS_PARENTAL_CONTROL -Os -I/home/paldier/d7000/ap/gpl/minidlna/zlib-1.2.3/ conftest.c >&5
cc1: note: someone does not honour COPTS correctly, passed 0 times
configure:3429: $? = 0
configure:3438: result: yes
configure:3447: checking whether mips-openwrt-linux-uclibc-gcc accepts -g
configure:3467: mips-openwrt-linux-uclibc-gcc -c -g -I/home/paldier/d7000/ap/gpl/minidlna/zlib-1.2.3/ conftest.c >&5
cc1: note: someone does not honour COPTS correctly, passed 0 times
configure:3467: $? = 0
configure: failed program was:
| /* confdefs.h */
| #define PACKAGE_NAME "ID3 Tag"
| #define PACKAGE_TARNAME "libid3tag"
| #define PACKAGE_VERSION "0.15.0b"
| #define PACKAGE_STRING "ID3 Tag 0.15.0b"
| #define PACKAGE_BUGREPORT "support@underbit.com"
| #define PACKAGE_URL ""
| #define PACKAGE "libid3tag"
| #define VERSION "0.15.0b"
| /* end confdefs.h.  */
| 
| int
| main ()
| {
| 
|   ;
|   return 0;
| }
configure:3482: mips-openwrt-linux-uclibc-gcc -c  -I/home/paldier/d7000/ap/gpl/minidlna/zlib-1.2.3/ conftest.c >&5
cc1: note: someone does not honour COPTS correctly, passed 0 times
configure:3482: $? = 0
configure: failed program was:
| /* confdefs.h */
| #define PACKAGE_NAME "ID3 Tag"
| #define PACKAGE_TARNAME "libid3tag"
| #define PACKAGE_VERSION "0.15.0b"
| #define PACKAGE_STRING "ID3 Tag 0.15.0b"
| #define PACKAGE_BUGREPORT "support@underbit.com"
| #define PACKAGE_URL ""
| #define PACKAGE "libid3tag"
| #define VERSION "0.15.0b"
| /* end confdefs.h.  */
| 
| int
| main ()
| {
| 
|   ;
|   return 0;
| }
configure:3498: mips-openwrt-linux-uclibc-gcc -c -g -I/home/paldier/d7000/ap/gpl/minidlna/zlib-1.2.3/ conftest.c >&5
cc1: note: someone does not honour COPTS correctly, passed 0 times
configure:3498: $? = 0
configure:3508: result: yes
configure:3525: checking for mips-openwrt-linux-uclibc-gcc option to accept ISO C89
configure:3588: mips-openwrt-linux-uclibc-gcc  -c  -Os -DXAGENT_CLOUD_SUPPORT -DD7000v2 -DCONFIG_INTEL_SDK -DOPENDNS_PARENTAL_CONTROL -Os -I/home/paldier/d7000/ap/gpl/minidlna/zlib-1.2.3/ conftest.c >&5
cc1: note: someone does not honour COPTS correctly, passed 0 times
configure:3588: $? = 0
configure:3601: result: none needed
configure:3632: checking for style of include used by make
configure:3660: result: GNU
configure:3688: checking dependency style of mips-openwrt-linux-uclibc-gcc
configure:3756: result: gcc3
configure:3877: checking for ld used by GCC
configure:3940: result: mips-openwrt-linux-uclibc-ld
configure:3947: checking if the linker (mips-openwrt-linux-uclibc-ld) is GNU ld
GNU ld (GNU Binutils) 2.24.0
configure:3959: result: yes
configure:3964: checking for mips-openwrt-linux-uclibc-ld option to reload object files
configure:3971: result: -r
configure:3976: checking for BSD-compatible nm
configure:4012: result: mips-openwrt-linux-uclibc-nm
configure:4015: checking for a sed that does not truncate output
configure:4097: result: /home/paldier/d7000/staging_dir/host/bin/sed
configure:4100: checking whether ln -s works
configure:4104: result: yes
configure:4111: checking how to recognise dependent libraries
configure:4292: result: pass_all
configure:4305: checking command to parse mips-openwrt-linux-uclibc-nm output
configure:4389: mips-openwrt-linux-uclibc-gcc -c  -Os -DXAGENT_CLOUD_SUPPORT -DD7000v2 -DCONFIG_INTEL_SDK -DOPENDNS_PARENTAL_CONTROL -Os -I/home/paldier/d7000/ap/gpl/minidlna/zlib-1.2.3/ conftest.c >&5
cc1: note: someone does not honour COPTS correctly, passed 0 times
configure:4392: $? = 0
configure:4396: mips-openwrt-linux-uclibc-nm conftest.o \| sed -n -e 's/^.*[ 	]\([ABCDGISTW][ABCDGISTW]*\)[ 	][ 	]*\(\)\([_A-Za-z][_A-Za-z0-9]*\)$/\1 \2\3 \3/p' \> conftest.nm
configure:4399: $? = 0
configure:4451: mips-openwrt-linux-uclibc-gcc -o conftest  -Os -DXAGENT_CLOUD_SUPPORT -DD7000v2 -DCONFIG_INTEL_SDK -DOPENDNS_PARENTAL_CONTROL -Os -I/home/paldier/d7000/ap/gpl/minidlna/zlib-1.2.3/ -L/home/paldier/d7000/ap/gpl/minidlna/zlib-1.2.3/ conftest.c conftstm.o >&5
cc1: note: someone does not honour COPTS correctly, passed 0 times
configure:4454: $? = 0
configure:4498: result: ok
configure:4507: checking how to run the C preprocessor
configure:4577: result: mips-openwrt-linux-uclibc-gcc -E
configure:4597: mips-openwrt-linux-uclibc-gcc -E -I/home/paldier/d7000/ap/gpl/minidlna/zlib-1.2.3/ conftest.c
configure:4597: $? = 0
configure:4611: mips-openwrt-linux-uclibc-gcc -E -I/home/paldier/d7000/ap/gpl/minidlna/zlib-1.2.3/ conftest.c
conftest.c:11:28: fatal error: ac_nonexistent.h: No such file or directory
 #include <ac_nonexistent.h>
                            ^
compilation terminated.
configure:4611: $? = 1
configure: failed program was:
| /* confdefs.h */
| #define PACKAGE_NAME "ID3 Tag"
| #define PACKAGE_TARNAME "libid3tag"
| #define PACKAGE_VERSION "0.15.0b"
| #define PACKAGE_STRING "ID3 Tag 0.15.0b"
| #define PACKAGE_BUGREPORT "support@underbit.com"
| #define PACKAGE_URL ""
| #define PACKAGE "libid3tag"
| #define VERSION "0.15.0b"
| /* end confdefs.h.  */
| #include <ac_nonexistent.h>
configure:4640: checking for grep that handles long lines and -e
configure:4698: result: /home/paldier/d7000/staging_dir/host/bin/grep
configure:4703: checking for egrep
configure:4765: result: /home/paldier/d7000/staging_dir/host/bin/grep -E
configure:4770: checking for ANSI C header files
configure:4790: mips-openwrt-linux-uclibc-gcc -c  -Os -DXAGENT_CLOUD_SUPPORT -DD7000v2 -DCONFIG_INTEL_SDK -DOPENDNS_PARENTAL_CONTROL -Os -I/home/paldier/d7000/ap/gpl/minidlna/zlib-1.2.3/ conftest.c >&5
cc1: note: someone does not honour COPTS correctly, passed 0 times
configure:4790: $? = 0
configure:4874: result: yes
configure:4887: checking for sys/types.h
configure:4887: mips-openwrt-linux-uclibc-gcc -c  -Os -DXAGENT_CLOUD_SUPPORT -DD7000v2 -DCONFIG_INTEL_SDK -DOPENDNS_PARENTAL_CONTROL -Os -I/home/paldier/d7000/ap/gpl/minidlna/zlib-1.2.3/ conftest.c >&5
cc1: note: someone does not honour COPTS correctly, passed 0 times
configure:4887: $? = 0
configure:4887: result: yes
configure:4887: checking for sys/stat.h
configure:4887: mips-openwrt-linux-uclibc-gcc -c  -Os -DXAGENT_CLOUD_SUPPORT -DD7000v2 -DCONFIG_INTEL_SDK -DOPENDNS_PARENTAL_CONTROL -Os -I/home/paldier/d7000/ap/gpl/minidlna/zlib-1.2.3/ conftest.c >&5
cc1: note: someone does not honour COPTS correctly, passed 0 times
configure:4887: $? = 0
configure:4887: result: yes
configure:4887: checking for stdlib.h
configure:4887: mips-openwrt-linux-uclibc-gcc -c  -Os -DXAGENT_CLOUD_SUPPORT -DD7000v2 -DCONFIG_INTEL_SDK -DOPENDNS_PARENTAL_CONTROL -Os -I/home/paldier/d7000/ap/gpl/minidlna/zlib-1.2.3/ conftest.c >&5
cc1: note: someone does not honour COPTS correctly, passed 0 times
configure:4887: $? = 0
configure:4887: result: yes
configure:4887: checking for string.h
configure:4887: mips-openwrt-linux-uclibc-gcc -c  -Os -DXAGENT_CLOUD_SUPPORT -DD7000v2 -DCONFIG_INTEL_SDK -DOPENDNS_PARENTAL_CONTROL -Os -I/home/paldier/d7000/ap/gpl/minidlna/zlib-1.2.3/ conftest.c >&5
cc1: note: someone does not honour COPTS correctly, passed 0 times
configure:4887: $? = 0
configure:4887: result: yes
configure:4887: checking for memory.h
configure:4887: mips-openwrt-linux-uclibc-gcc -c  -Os -DXAGENT_CLOUD_SUPPORT -DD7000v2 -DCONFIG_INTEL_SDK -DOPENDNS_PARENTAL_CONTROL -Os -I/home/paldier/d7000/ap/gpl/minidlna/zlib-1.2.3/ conftest.c >&5
cc1: note: someone does not honour COPTS correctly, passed 0 times
configure:4887: $? = 0
configure:4887: result: yes
configure:4887: checking for strings.h
configure:4887: mips-openwrt-linux-uclibc-gcc -c  -Os -DXAGENT_CLOUD_SUPPORT -DD7000v2 -DCONFIG_INTEL_SDK -DOPENDNS_PARENTAL_CONTROL -Os -I/home/paldier/d7000/ap/gpl/minidlna/zlib-1.2.3/ conftest.c >&5
cc1: note: someone does not honour COPTS correctly, passed 0 times
configure:4887: $? = 0
configure:4887: result: yes
configure:4887: checking for inttypes.h
configure:4887: mips-openwrt-linux-uclibc-gcc -c  -Os -DXAGENT_CLOUD_SUPPORT -DD7000v2 -DCONFIG_INTEL_SDK -DOPENDNS_PARENTAL_CONTROL -Os -I/home/paldier/d7000/ap/gpl/minidlna/zlib-1.2.3/ conftest.c >&5
cc1: note: someone does not honour COPTS correctly, passed 0 times
configure:4887: $? = 0
configure:4887: result: yes
configure:4887: checking for stdint.h
configure:4887: mips-openwrt-linux-uclibc-gcc -c  -Os -DXAGENT_CLOUD_SUPPORT -DD7000v2 -DCONFIG_INTEL_SDK -DOPENDNS_PARENTAL_CONTROL -Os -I/home/paldier/d7000/ap/gpl/minidlna/zlib-1.2.3/ conftest.c >&5
cc1: note: someone does not honour COPTS correctly, passed 0 times
configure:4887: $? = 0
configure:4887: result: yes
configure:4887: checking for unistd.h
configure:4887: mips-openwrt-linux-uclibc-gcc -c  -Os -DXAGENT_CLOUD_SUPPORT -DD7000v2 -DCONFIG_INTEL_SDK -DOPENDNS_PARENTAL_CONTROL -Os -I/home/paldier/d7000/ap/gpl/minidlna/zlib-1.2.3/ conftest.c >&5
cc1: note: someone does not honour COPTS correctly, passed 0 times
configure:4887: $? = 0
configure:4887: result: yes
configure:4901: checking dlfcn.h usability
configure:4901: mips-openwrt-linux-uclibc-gcc -c  -Os -DXAGENT_CLOUD_SUPPORT -DD7000v2 -DCONFIG_INTEL_SDK -DOPENDNS_PARENTAL_CONTROL -Os -I/home/paldier/d7000/ap/gpl/minidlna/zlib-1.2.3/ conftest.c >&5
cc1: note: someone does not honour COPTS correctly, passed 0 times
configure:4901: $? = 0
configure:4901: result: yes
configure:4901: checking dlfcn.h presence
configure:4901: mips-openwrt-linux-uclibc-gcc -E -I/home/paldier/d7000/ap/gpl/minidlna/zlib-1.2.3/ conftest.c
configure:4901: $? = 0
configure:4901: result: yes
configure:4901: checking for dlfcn.h
configure:4901: result: yes
configure:5058: checking for mips-linux-linux26-ranlib
configure:5085: result: mips-openwrt-linux-uclibc-ranlib
configure:5150: checking for mips-linux-linux26-strip
configure:5177: result: mips-openwrt-linux-uclibc-strip
configure:5418: checking for objdir
configure:5429: result: .libs
configure:5446: checking for mips-openwrt-linux-uclibc-gcc option to produce PIC
configure:5592: result: -fPIC
configure:5596: checking if mips-openwrt-linux-uclibc-gcc PIC flag -fPIC works
configure:5614: mips-openwrt-linux-uclibc-gcc -c  -Os -DXAGENT_CLOUD_SUPPORT -DD7000v2 -DCONFIG_INTEL_SDK -DOPENDNS_PARENTAL_CONTROL -Os -fPIC -DPIC -I/home/paldier/d7000/ap/gpl/minidlna/zlib-1.2.3/ conftest.c >&5
cc1: note: someone does not honour COPTS correctly, passed 0 times
configure:5614: $? = 0
configure:5648: result: yes
configure:5664: checking if mips-openwrt-linux-uclibc-gcc static flag -static works
configure:5683: mips-openwrt-linux-uclibc-gcc -o conftest  -Os -DXAGENT_CLOUD_SUPPORT -DD7000v2 -DCONFIG_INTEL_SDK -DOPENDNS_PARENTAL_CONTROL -Os -I/home/paldier/d7000/ap/gpl/minidlna/zlib-1.2.3/ -L/home/paldier/d7000/ap/gpl/minidlna/zlib-1.2.3/ -static conftest.c  >&5
cc1: note: someone does not honour COPTS correctly, passed 0 times
configure:5683: $? = 0
configure:5695: result: yes
configure:5707: checking if mips-openwrt-linux-uclibc-gcc supports -c -o file.o
configure:5727: mips-openwrt-linux-uclibc-gcc -c  -Os -DXAGENT_CLOUD_SUPPORT -DD7000v2 -DCONFIG_INTEL_SDK -DOPENDNS_PARENTAL_CONTROL -Os -o out/conftest2.o -I/home/paldier/d7000/ap/gpl/minidlna/zlib-1.2.3/ conftest.c >&5
configure:5751: result: no
configure:5805: checking if we can lock with hard links
configure:5813: result: yes
configure:5826: checking if mips-openwrt-linux-uclibc-gcc supports -fno-rtti -fno-exceptions
configure:5843: mips-openwrt-linux-uclibc-gcc -c  -Os -DXAGENT_CLOUD_SUPPORT -DD7000v2 -DCONFIG_INTEL_SDK -DOPENDNS_PARENTAL_CONTROL -Os -fno-rtti -fno-exceptions -c conftest.c -I/home/paldier/d7000/ap/gpl/minidlna/zlib-1.2.3/ conftest.c >&5
cc1: warning: command line option '-fno-rtti' is valid for C++/ObjC++ but not for C [enabled by default]
cc1: note: someone does not honour COPTS correctly, passed 0 times
cc1: warning: command line option '-fno-rtti' is valid for C++/ObjC++ but not for C [enabled by default]
cc1: note: someone does not honour COPTS correctly, passed 0 times
configure:5843: $? = 0
configure:5855: result: no
configure:5866: checking whether the linker (mips-openwrt-linux-uclibc-ld) supports shared libraries
configure:6561: result: yes
configure:6566: checking how to hardcode library paths into programs
configure:6590: result: immediate
configure:6595: checking whether stripping libraries is possible
configure:6600: result: yes
configure:6611: checking dynamic linker characteristics
configure:7031: result: GNU/Linux ld.so
configure:7036: checking if libtool supports shared libraries
configure:7038: result: yes
configure:7041: checking whether to build shared libraries
configure:7062: result: yes
configure:7065: checking whether to build static libraries
configure:7069: result: yes
configure:7529: checking whether -lc should be explicitly linked in
configure:7537: mips-openwrt-linux-uclibc-gcc -c  -Os -DXAGENT_CLOUD_SUPPORT -DD7000v2 -DCONFIG_INTEL_SDK -DOPENDNS_PARENTAL_CONTROL -Os -I/home/paldier/d7000/ap/gpl/minidlna/zlib-1.2.3/ conftest.c >&5
cc1: note: someone does not honour COPTS correctly, passed 0 times
configure:7540: $? = 0
configure:7554: mips-openwrt-linux-uclibc-gcc -shared conftest.o  -v -Wl,-soname -Wl,conftest -o conftest 2\>\&1 \| grep  -lc  \>/dev/null 2\>\&1
configure:7557: $? = 0
configure:7570: result: no
configure:8198: checking for ANSI C header files
configure:8302: result: yes
configure:8313: checking assert.h usability
configure:8313: mips-openwrt-linux-uclibc-gcc -c -Wall -DXAGENT_CLOUD_SUPPORT -DD7000v2 -DCONFIG_INTEL_SDK -DOPENDNS_PARENTAL_CONTROL -I/home/paldier/d7000/ap/gpl/minidlna/zlib-1.2.3/ conftest.c >&5
cc1: note: someone does not honour COPTS correctly, passed 0 times
configure:8313: $? = 0
configure:8313: result: yes
configure:8313: checking assert.h presence
configure:8313: mips-openwrt-linux-uclibc-gcc -E -I/home/paldier/d7000/ap/gpl/minidlna/zlib-1.2.3/ conftest.c
configure:8313: $? = 0
configure:8313: result: yes
configure:8313: checking for assert.h
configure:8313: result: yes
configure:8313: checking for unistd.h
configure:8313: result: yes
configure:8324: checking zlib.h usability
configure:8324: mips-openwrt-linux-uclibc-gcc -c -Wall -DXAGENT_CLOUD_SUPPORT -DD7000v2 -DCONFIG_INTEL_SDK -DOPENDNS_PARENTAL_CONTROL -I/home/paldier/d7000/ap/gpl/minidlna/zlib-1.2.3/ conftest.c >&5
cc1: note: someone does not honour COPTS correctly, passed 0 times
configure:8324: $? = 0
configure:8324: result: yes
configure:8324: checking zlib.h presence
configure:8324: mips-openwrt-linux-uclibc-gcc -E -I/home/paldier/d7000/ap/gpl/minidlna/zlib-1.2.3/ conftest.c
configure:8324: $? = 0
configure:8324: result: yes
configure:8324: checking for zlib.h
configure:8324: result: yes
configure:8339: checking for an ANSI C-conforming const
configure:8405: mips-openwrt-linux-uclibc-gcc -c -Wall -DXAGENT_CLOUD_SUPPORT -DD7000v2 -DCONFIG_INTEL_SDK -DOPENDNS_PARENTAL_CONTROL -I/home/paldier/d7000/ap/gpl/minidlna/zlib-1.2.3/ conftest.c >&5
cc1: note: someone does not honour COPTS correctly, passed 0 times
configure:8405: $? = 0
configure:8412: result: yes
configure:8420: checking for inline
configure:8436: mips-openwrt-linux-uclibc-gcc -c -Wall -DXAGENT_CLOUD_SUPPORT -DD7000v2 -DCONFIG_INTEL_SDK -DOPENDNS_PARENTAL_CONTROL -I/home/paldier/d7000/ap/gpl/minidlna/zlib-1.2.3/ conftest.c >&5
cc1: note: someone does not honour COPTS correctly, passed 0 times
configure:8436: $? = 0
configure:8444: result: inline
configure:8466: checking for ftruncate
configure:8466: mips-openwrt-linux-uclibc-gcc -o conftest -Wall -DXAGENT_CLOUD_SUPPORT -DD7000v2 -DCONFIG_INTEL_SDK -DOPENDNS_PARENTAL_CONTROL -I/home/paldier/d7000/ap/gpl/minidlna/zlib-1.2.3/ -L/home/paldier/d7000/ap/gpl/minidlna/zlib-1.2.3/ conftest.c  >&5
cc1: note: someone does not honour COPTS correctly, passed 0 times
configure:8466: $? = 0
configure:8466: result: yes
configure:8476: checking for compress2 in -lz
configure:8501: mips-openwrt-linux-uclibc-gcc -o conftest -Wall -DXAGENT_CLOUD_SUPPORT -DD7000v2 -DCONFIG_INTEL_SDK -DOPENDNS_PARENTAL_CONTROL -I/home/paldier/d7000/ap/gpl/minidlna/zlib-1.2.3/ -L/home/paldier/d7000/ap/gpl/minidlna/zlib-1.2.3/ conftest.c -lz   >&5
cc1: note: someone does not honour COPTS correctly, passed 0 times
configure:8501: $? = 0
configure:8510: result: yes
configure:8616: checking whether to enable profiling
configure:8627: result: no
configure:8630: checking whether to enable debugging
configure:8661: result: default
configure:8809: creating ./config.status

## ---------------------- ##
## Running config.status. ##
## ---------------------- ##

This file was extended by ID3 Tag config.status 0.15.0b, which was
generated by GNU Autoconf 2.69.  Invocation command line was

  CONFIG_FILES    = 
  CONFIG_HEADERS  = 
  CONFIG_LINKS    = 
  CONFIG_COMMANDS = 
  $ ./config.status 

on paldier-VirtualBox

config.status:862: creating Makefile
config.status:862: creating msvc++/Makefile
config.status:965: WARNING:  'msvc++/Makefile.in' seems to ignore the --datarootdir setting
config.status:862: creating libid3tag.list
config.status:862: creating config.h
config.status:1084: executing depfiles commands

## ---------------- ##
## Cache variables. ##
## ---------------- ##

ac_cv_build=x86_64-unknown-linux-gnu
ac_cv_c_compiler_gnu=yes
ac_cv_c_const=yes
ac_cv_c_inline=inline
ac_cv_env_CC_set=set
ac_cv_env_CC_value=mips-openwrt-linux-uclibc-gcc
ac_cv_env_CFLAGS_set=set
ac_cv_env_CFLAGS_value=' -Os -DXAGENT_CLOUD_SUPPORT -DD7000v2 -DCONFIG_INTEL_SDK -DOPENDNS_PARENTAL_CONTROL -Os'
ac_cv_env_CPPFLAGS_set=set
ac_cv_env_CPPFLAGS_value=-I/home/paldier/d7000/ap/gpl/minidlna/zlib-1.2.3/
ac_cv_env_CPP_set=set
ac_cv_env_CPP_value='mips-openwrt-linux-uclibc-gcc -E'
ac_cv_env_LDFLAGS_set=set
ac_cv_env_LDFLAGS_value=-L/home/paldier/d7000/ap/gpl/minidlna/zlib-1.2.3/
ac_cv_env_LIBS_set=
ac_cv_env_LIBS_value=
ac_cv_env_build_alias_set=
ac_cv_env_build_alias_value=
ac_cv_env_host_alias_set=set
ac_cv_env_host_alias_value=mips-linux-linux26
ac_cv_env_target_alias_set=
ac_cv_env_target_alias_value=
ac_cv_func_ftruncate=yes
ac_cv_header_assert_h=yes
ac_cv_header_dlfcn_h=yes
ac_cv_header_inttypes_h=yes
ac_cv_header_memory_h=yes
ac_cv_header_stdc=yes
ac_cv_header_stdint_h=yes
ac_cv_header_stdlib_h=yes
ac_cv_header_string_h=yes
ac_cv_header_strings_h=yes
ac_cv_header_sys_stat_h=yes
ac_cv_header_sys_types_h=yes
ac_cv_header_unistd_h=yes
ac_cv_header_zlib_h=yes
ac_cv_host=mips-linux-linux-gnu26
ac_cv_lib_z_compress2=yes
ac_cv_objext=o
ac_cv_path_EGREP='/home/paldier/d7000/staging_dir/host/bin/grep -E'
ac_cv_path_GREP=/home/paldier/d7000/staging_dir/host/bin/grep
ac_cv_path_install='/usr/bin/install -c'
ac_cv_prog_AWK=gawk
ac_cv_prog_CC=mips-openwrt-linux-uclibc-gcc
ac_cv_prog_CPP='mips-openwrt-linux-uclibc-gcc -E'
ac_cv_prog_RANLIB=mips-openwrt-linux-uclibc-ranlib
ac_cv_prog_STRIP=mips-openwrt-linux-uclibc-strip
ac_cv_prog_cc_c89=
ac_cv_prog_cc_g=yes
ac_cv_prog_make_make_set=yes
am_cv_CC_dependencies_compiler_type=gcc3
lt_cv_archive_cmds_need_lc=no
lt_cv_compiler_c_o=no
lt_cv_deplibs_check_method=pass_all
lt_cv_file_magic_cmd='$MAGIC_CMD'
lt_cv_file_magic_test_file='/lib/libc.so* /lib/libc-*.so'
lt_cv_global_symbol_to_c_name_address='sed -n -e '\''s/^: \([^ ]*\) $/  {\"\1\", (lt_ptr) 0},/p'\'' -e '\''s/^[BCDEGRST] \([^ ]*\) \([^ ]*\)$/  {"\2", (lt_ptr) \&\2},/p'\'''
lt_cv_global_symbol_to_cdecl='sed -n -e '\''s/^. .* \(.*\)$/extern char \1;/p'\'''
lt_cv_ld_reload_flag=-r
lt_cv_path_LD=mips-openwrt-linux-uclibc-ld
lt_cv_path_NM=mips-openwrt-linux-uclibc-nm
lt_cv_path_SED=/home/paldier/d7000/staging_dir/host/bin/sed
lt_cv_prog_cc_can_build_shared=yes
lt_cv_prog_cc_no_builtin=
lt_cv_prog_cc_pic=' -fPIC'
lt_cv_prog_cc_pic_works=yes
lt_cv_prog_cc_shlib=
lt_cv_prog_cc_static=-static
lt_cv_prog_cc_static_works=yes
lt_cv_prog_cc_wl=-Wl,
lt_cv_prog_gnu_ld=yes
lt_cv_sys_global_symbol_pipe='sed -n -e '\''s/^.*[ 	]\([ABCDGISTW][ABCDGISTW]*\)[ 	][ 	]*\(\)\([_A-Za-z][_A-Za-z0-9]*\)$/\1 \2\3 \3/p'\'''

## ----------------- ##
## Output variables. ##
## ----------------- ##

ACLOCAL='${SHELL} /home/paldier/d7000/ap/gpl/minidlna/libid3tag-0.15.0b/missing --run aclocal-1.7'
AMDEPBACKSLASH='\'
AMDEP_FALSE='#'
AMDEP_TRUE=''
AMTAR='${SHELL} /home/paldier/d7000/ap/gpl/minidlna/libid3tag-0.15.0b/missing --run tar'
AUTOCONF='${SHELL} /home/paldier/d7000/ap/gpl/minidlna/libid3tag-0.15.0b/missing --run autoconf'
AUTOHEADER='${SHELL} /home/paldier/d7000/ap/gpl/minidlna/libid3tag-0.15.0b/missing --run autoheader'
AUTOMAKE='${SHELL} /home/paldier/d7000/ap/gpl/minidlna/libid3tag-0.15.0b/missing --run automake-1.7'
AWK='gawk'
CC='mips-openwrt-linux-uclibc-gcc'
CCDEPMODE='depmode=gcc3'
CFLAGS='-Wall -DXAGENT_CLOUD_SUPPORT -DD7000v2 -DCONFIG_INTEL_SDK -DOPENDNS_PARENTAL_CONTROL -Os'
CPP='mips-openwrt-linux-uclibc-gcc -E'
CPPFLAGS='-I/home/paldier/d7000/ap/gpl/minidlna/zlib-1.2.3/'
CYGPATH_W='echo'
DEBUG_FALSE=''
DEBUG_TRUE='#'
DEFS='-DHAVE_CONFIG_H'
DEPDIR='.deps'
ECHO='echo'
ECHO_C=''
ECHO_N='-n'
ECHO_T=''
EGREP='/home/paldier/d7000/staging_dir/host/bin/grep -E'
EXEEXT=''
GREP='/home/paldier/d7000/staging_dir/host/bin/grep'
INSTALL_DATA='${INSTALL} -m 644'
INSTALL_PROGRAM='${INSTALL}'
INSTALL_SCRIPT='${INSTALL}'
INSTALL_STRIP_PROGRAM='${SHELL} $(install_sh) -c -s'
LDFLAGS='-L/home/paldier/d7000/ap/gpl/minidlna/zlib-1.2.3/'
LIBOBJS=''
LIBS='-lz '
LIBTOOL='$(SHELL) $(top_builddir)/libtool'
LIBTOOL_DEPS='./ltmain.sh'
LN_S='ln -s'
LTLIBOBJS=''
MAKEINFO='${SHELL} /home/paldier/d7000/ap/gpl/minidlna/libid3tag-0.15.0b/missing --run makeinfo'
OBJEXT='o'
PACKAGE='libid3tag'
PACKAGE_BUGREPORT='support@underbit.com'
PACKAGE_NAME='ID3 Tag'
PACKAGE_STRING='ID3 Tag 0.15.0b'
PACKAGE_TARNAME='libid3tag'
PACKAGE_URL=''
PACKAGE_VERSION='0.15.0b'
PATH_SEPARATOR=':'
RANLIB='mips-openwrt-linux-uclibc-ranlib'
SET_MAKE=''
SHELL='/bin/bash'
STRIP='mips-openwrt-linux-uclibc-strip'
VERSION='0.15.0b'
ac_ct_CC=''
am__fastdepCC_FALSE='#'
am__fastdepCC_TRUE=''
am__include='include'
am__leading_dot='.'
am__quote=''
bindir='${exec_prefix}/bin'
build='x86_64-unknown-linux-gnu'
build_alias=''
build_cpu='x86_64'
build_os='linux-gnu'
build_vendor='unknown'
datadir='${datarootdir}'
datarootdir='${prefix}/share'
docdir='${datarootdir}/doc/${PACKAGE_TARNAME}'
dvidir='${docdir}'
exec_prefix='${prefix}'
host='mips-linux-linux-gnu26'
host_alias='mips-linux-linux26'
host_cpu='mips'
host_os='linux-gnu26'
host_vendor='linux'
htmldir='${docdir}'
includedir='${prefix}/include'
infodir='${datarootdir}/info'
install_sh='/home/paldier/d7000/ap/gpl/minidlna/libid3tag-0.15.0b/install-sh'
libdir='${exec_prefix}/lib'
libexecdir='${exec_prefix}/libexec'
localedir='${datarootdir}/locale'
localstatedir='${prefix}/var'
mandir='${datarootdir}/man'
oldincludedir='/usr/include'
pdfdir='${docdir}'
prefix='/usr/local'
program_transform_name='s,x,x,'
psdir='${docdir}'
sbindir='${exec_prefix}/sbin'
sharedstatedir='${prefix}/com'
sysconfdir='${prefix}/etc'
target_alias=''

## ----------- ##
## confdefs.h. ##
## ----------- ##

/* confdefs.h */
#define PACKAGE_NAME "ID3 Tag"
#define PACKAGE_TARNAME "libid3tag"
#define PACKAGE_VERSION "0.15.0b"
#define PACKAGE_STRING "ID3 Tag 0.15.0b"
#define PACKAGE_BUGREPORT "support@underbit.com"
#define PACKAGE_URL ""
#define PACKAGE "libid3tag"
#define VERSION "0.15.0b"
#define STDC_HEADERS 1
#define HAVE_SYS_TYPES_H 1
#define HAVE_SYS_STAT_H 1
#define HAVE_STDLIB_H 1
#define HAVE_STRING_H 1
#define HAVE_MEMORY_H 1
#define HAVE_STRINGS_H 1
#define HAVE_INTTYPES_H 1
#define HAVE_STDINT_H 1
#define HAVE_UNISTD_H 1
#define HAVE_DLFCN_H 1
#define STDC_HEADERS 1
#define HAVE_ASSERT_H 1
#define HAVE_UNISTD_H 1
#define HAVE_FTRUNCATE 1
#define HAVE_LIBZ 1

configure: exit 0
