This file contains any messages produced by compilers while
running configure, to aid debugging if configure makes a mistake.

It was created by sqlite configure 3.6.22, which was
generated by GNU Autoconf 2.69.  Invocation command line was

  $ ./configure --host=mips-linux-linux26 CC=mips-openwrt-linux-uclibc-gcc CFLAGS=-Os --enable-threadsafe

## --------- ##
## Platform. ##
## --------- ##

hostname = paldier-VirtualBox
uname -m = x86_64
uname -r = 4.2.0-42-generic
uname -s = Linux
uname -v = #49~14.04.1-Ubuntu SMP Wed Jun 29 20:22:11 UTC 2016

/usr/bin/uname -p = unknown
/bin/uname -X     = unknown

/bin/arch              = unknown
/usr/bin/arch -k       = unknown
/usr/convex/getsysinfo = unknown
/usr/bin/hostinfo      = unknown
/bin/machine           = unknown
/usr/bin/oslevel       = unknown
/bin/universe          = unknown

PATH: /home/paldier/d7000/staging_dir/toolchain-mips_mips32_gcc-4.8-linaro_uClibc-0.9.33.2/bin
PATH: /home/paldier/d7000/staging_dir/host/bin
PATH: /home/paldier/d7000/staging_dir/toolchain-mips_mips32_gcc-4.8-linaro_uClibc-0.9.33.2/bin
PATH: /usr/local/sbin
PATH: /usr/local/bin
PATH: /usr/sbin
PATH: /usr/bin
PATH: /sbin
PATH: /bin
PATH: /usr/games
PATH: /usr/local/games
PATH: /opt/brcm/hndtools-mipsel-linux/bin
PATH: /opt/brcm/hndtools-mipsel-uclibc/bin
PATH: /opt/brcm-arm/bin
PATH: /opt/brcm/hndtools-mipsel-linux/bin
PATH: /opt/brcm/hndtools-mipsel-uclibc/bin
PATH: /opt/brcm-arm/bin


## ----------- ##
## Core tests. ##
## ----------- ##

configure:2606: checking for a BSD-compatible install
configure:2674: result: /usr/bin/install -c
configure:2685: checking whether build environment is sane
configure:2722: result: yes
configure:2784: checking for gawk
configure:2800: found /usr/bin/gawk
configure:2811: result: gawk
configure:2822: checking whether make sets $(MAKE)
configure:2844: result: yes
configure:2918: checking for mips-linux-linux26-strip
configure:2945: result: mips-openwrt-linux-uclibc-strip
configure:3035: checking for style of include used by make
configure:3063: result: GNU
configure:3096: checking for mips-linux-linux26-gcc
configure:3123: result: mips-openwrt-linux-uclibc-gcc
configure:3392: checking for C compiler version
configure:3401: mips-openwrt-linux-uclibc-gcc --version >&5
mips-openwrt-linux-uclibc-gcc (OpenWrt/Linaro GCC 4.8-2014.04 15.05_ltq) 4.8.3
Copyright (C) 2013 Free Software Foundation, Inc.
This is free software; see the source for copying conditions.  There is NO
warranty; not even for MERCHANTABILITY or FITNESS FOR A PARTICULAR PURPOSE.

configure:3412: $? = 0
configure:3401: mips-openwrt-linux-uclibc-gcc -v >&5
Reading specs from /home/paldier/d7000/staging_dir/toolchain-mips_mips32_gcc-4.8-linaro_uClibc-0.9.33.2/lib/gcc/mips-openwrt-linux-uclibc/4.8.3/specs
COLLECT_GCC=mips-openwrt-linux-uclibc-gcc
COLLECT_LTO_WRAPPER=/home/paldier/d7000/staging_dir/toolchain-mips_mips32_gcc-4.8-linaro_uClibc-0.9.33.2/libexec/gcc/mips-openwrt-linux-uclibc/4.8.3/lto-wrapper
Target: mips-openwrt-linux-uclibc
Configured with: /home/paldier/d7000/build_dir/toolchain-mips_mips32_gcc-4.8-linaro_uClibc-0.9.33.2/gcc-linaro-4.8-2014.04/configure --with-bugurl=https://dev.openwrt.org/ --with-pkgversion='OpenWrt/Linaro GCC 4.8-2014.04 15.05_ltq' --prefix=/home/paldier/d7000/staging_dir/toolchain-mips_mips32_gcc-4.8-linaro_uClibc-0.9.33.2 --build=x86_64-linux-gnu --host=x86_64-linux-gnu --target=mips-openwrt-linux-uclibc --with-gnu-ld --enable-target-optspace --disable-libgomp --disable-libmudflap --disable-multilib --disable-nls --with-host-libstdcxx=-lstdc++ --with-float=soft --with-gmp=/home/paldier/d7000/staging_dir/host --with-mpfr=/home/paldier/d7000/staging_dir/host --with-mpc=/home/paldier/d7000/staging_dir/host --disable-decimal-float --with-mips-plt --enable-libssp --disable-__cxa_atexit --with-headers=/home/paldier/d7000/staging_dir/toolchain-mips_mips32_gcc-4.8-linaro_uClibc-0.9.33.2/include --disable-libsanitizer --enable-languages=c,c++ --enable-shared --enable-threads --with-slibdir=/home/paldier/d7000/staging_dir/toolchain-mips_mips32_gcc-4.8-linaro_uClibc-0.9.33.2/lib
Thread model: posix
gcc version 4.8.3 (OpenWrt/Linaro GCC 4.8-2014.04 15.05_ltq) 
configure:3412: $? = 0
configure:3401: mips-openwrt-linux-uclibc-gcc -V >&5
mips-openwrt-linux-uclibc-gcc: error: unrecognized command line option '-V'
mips-openwrt-linux-uclibc-gcc: fatal error: no input files
compilation terminated.
configure:3412: $? = 1
configure:3401: mips-openwrt-linux-uclibc-gcc -qversion >&5
mips-openwrt-linux-uclibc-gcc: error: unrecognized command line option '-qversion'
mips-openwrt-linux-uclibc-gcc: fatal error: no input files
compilation terminated.
configure:3412: $? = 1
configure:3432: checking whether the C compiler works
configure:3454: mips-openwrt-linux-uclibc-gcc -Os   conftest.c  >&5
cc1: note: someone does not honour COPTS correctly, passed 0 times
configure:3458: $? = 0
configure:3506: result: yes
configure:3509: checking for C compiler default output file name
configure:3511: result: a.out
configure:3517: checking for suffix of executables
configure:3524: mips-openwrt-linux-uclibc-gcc -o conftest -Os   conftest.c  >&5
cc1: note: someone does not honour COPTS correctly, passed 0 times
configure:3528: $? = 0
configure:3550: result: 
configure:3572: checking whether we are cross compiling
configure:3580: mips-openwrt-linux-uclibc-gcc -o conftest -Os   conftest.c  >&5
cc1: note: someone does not honour COPTS correctly, passed 0 times
configure:3584: $? = 0
configure:3591: ./conftest
./configure: line 3593: ./conftest: cannot execute binary file: Exec format error
configure:3595: $? = 126
configure:3610: result: yes
configure:3615: checking for suffix of object files
configure:3637: mips-openwrt-linux-uclibc-gcc -c -Os  conftest.c >&5
cc1: note: someone does not honour COPTS correctly, passed 0 times
configure:3641: $? = 0
configure:3662: result: o
configure:3666: checking whether we are using the GNU C compiler
configure:3685: mips-openwrt-linux-uclibc-gcc -c -Os  conftest.c >&5
cc1: note: someone does not honour COPTS correctly, passed 0 times
configure:3685: $? = 0
configure:3694: result: yes
configure:3703: checking whether mips-openwrt-linux-uclibc-gcc accepts -g
configure:3723: mips-openwrt-linux-uclibc-gcc -c -g  conftest.c >&5
cc1: note: someone does not honour COPTS correctly, passed 0 times
configure:3723: $? = 0
configure: failed program was:
| /* confdefs.h */
| #define PACKAGE_NAME "sqlite"
| #define PACKAGE_TARNAME "sqlite"
| #define PACKAGE_VERSION "3.6.22"
| #define PACKAGE_STRING "sqlite 3.6.22"
| #define PACKAGE_BUGREPORT "http://www.sqlite.org"
| #define PACKAGE_URL ""
| #define PACKAGE "sqlite"
| #define VERSION "3.6.22"
| /* end confdefs.h.  */
| 
| int
| main ()
| {
| 
|   ;
|   return 0;
| }
configure:3738: mips-openwrt-linux-uclibc-gcc -c   conftest.c >&5
cc1: note: someone does not honour COPTS correctly, passed 0 times
configure:3738: $? = 0
configure: failed program was:
| /* confdefs.h */
| #define PACKAGE_NAME "sqlite"
| #define PACKAGE_TARNAME "sqlite"
| #define PACKAGE_VERSION "3.6.22"
| #define PACKAGE_STRING "sqlite 3.6.22"
| #define PACKAGE_BUGREPORT "http://www.sqlite.org"
| #define PACKAGE_URL ""
| #define PACKAGE "sqlite"
| #define VERSION "3.6.22"
| /* end confdefs.h.  */
| 
| int
| main ()
| {
| 
|   ;
|   return 0;
| }
configure:3754: mips-openwrt-linux-uclibc-gcc -c -g  conftest.c >&5
cc1: note: someone does not honour COPTS correctly, passed 0 times
configure:3754: $? = 0
configure:3764: result: yes
configure:3781: checking for mips-openwrt-linux-uclibc-gcc option to accept ISO C89
configure:3844: mips-openwrt-linux-uclibc-gcc  -c -Os  conftest.c >&5
cc1: note: someone does not honour COPTS correctly, passed 0 times
configure:3844: $? = 0
configure:3857: result: none needed
configure:3879: checking dependency style of mips-openwrt-linux-uclibc-gcc
configure:3969: result: gcc3
configure:3994: checking for special C compiler options needed for large files
configure:4039: result: no
configure:4045: checking for _FILE_OFFSET_BITS value needed for large files
configure:4070: mips-openwrt-linux-uclibc-gcc -c -Os  conftest.c >&5
cc1: note: someone does not honour COPTS correctly, passed 0 times
conftest.c:17:3: warning: left shift count >= width of type [enabled by default]
   int off_t_is_large[(LARGE_OFF_T % 2147483629 == 721
   ^
conftest.c:17:3: warning: left shift count >= width of type [enabled by default]
conftest.c:18:10: warning: left shift count >= width of type [enabled by default]
          && LARGE_OFF_T % 2147483647 == 1)
          ^
conftest.c:18:10: warning: left shift count >= width of type [enabled by default]
conftest.c:17:7: error: variably modified 'off_t_is_large' at file scope
   int off_t_is_large[(LARGE_OFF_T % 2147483629 == 721
       ^
configure:4070: $? = 1
configure: failed program was:
| /* confdefs.h */
| #define PACKAGE_NAME "sqlite"
| #define PACKAGE_TARNAME "sqlite"
| #define PACKAGE_VERSION "3.6.22"
| #define PACKAGE_STRING "sqlite 3.6.22"
| #define PACKAGE_BUGREPORT "http://www.sqlite.org"
| #define PACKAGE_URL ""
| #define PACKAGE "sqlite"
| #define VERSION "3.6.22"
| /* end confdefs.h.  */
| #include <sys/types.h>
|  /* Check that off_t can represent 2**63 - 1 correctly.
|     We can't simply define LARGE_OFF_T to be 9223372036854775807,
|     since some C++ compilers masquerading as C compilers
|     incorrectly reject 9223372036854775807.  */
| #define LARGE_OFF_T (((off_t) 1 << 62) - 1 + ((off_t) 1 << 62))
|   int off_t_is_large[(LARGE_OFF_T % 2147483629 == 721
| 		       && LARGE_OFF_T % 2147483647 == 1)
| 		      ? 1 : -1];
| int
| main ()
| {
| 
|   ;
|   return 0;
| }
configure:4094: mips-openwrt-linux-uclibc-gcc -c -Os  conftest.c >&5
cc1: note: someone does not honour COPTS correctly, passed 0 times
configure:4094: $? = 0
configure:4102: result: 64
configure:4197: checking for mips-linux-linux26-gcc
configure:4224: result: mips-openwrt-linux-uclibc-gcc
configure:4493: checking for C compiler version
configure:4502: mips-openwrt-linux-uclibc-gcc --version >&5
mips-openwrt-linux-uclibc-gcc (OpenWrt/Linaro GCC 4.8-2014.04 15.05_ltq) 4.8.3
Copyright (C) 2013 Free Software Foundation, Inc.
This is free software; see the source for copying conditions.  There is NO
warranty; not even for MERCHANTABILITY or FITNESS FOR A PARTICULAR PURPOSE.

configure:4513: $? = 0
configure:4502: mips-openwrt-linux-uclibc-gcc -v >&5
Reading specs from /home/paldier/d7000/staging_dir/toolchain-mips_mips32_gcc-4.8-linaro_uClibc-0.9.33.2/lib/gcc/mips-openwrt-linux-uclibc/4.8.3/specs
COLLECT_GCC=mips-openwrt-linux-uclibc-gcc
COLLECT_LTO_WRAPPER=/home/paldier/d7000/staging_dir/toolchain-mips_mips32_gcc-4.8-linaro_uClibc-0.9.33.2/libexec/gcc/mips-openwrt-linux-uclibc/4.8.3/lto-wrapper
Target: mips-openwrt-linux-uclibc
Configured with: /home/paldier/d7000/build_dir/toolchain-mips_mips32_gcc-4.8-linaro_uClibc-0.9.33.2/gcc-linaro-4.8-2014.04/configure --with-bugurl=https://dev.openwrt.org/ --with-pkgversion='OpenWrt/Linaro GCC 4.8-2014.04 15.05_ltq' --prefix=/home/paldier/d7000/staging_dir/toolchain-mips_mips32_gcc-4.8-linaro_uClibc-0.9.33.2 --build=x86_64-linux-gnu --host=x86_64-linux-gnu --target=mips-openwrt-linux-uclibc --with-gnu-ld --enable-target-optspace --disable-libgomp --disable-libmudflap --disable-multilib --disable-nls --with-host-libstdcxx=-lstdc++ --with-float=soft --with-gmp=/home/paldier/d7000/staging_dir/host --with-mpfr=/home/paldier/d7000/staging_dir/host --with-mpc=/home/paldier/d7000/staging_dir/host --disable-decimal-float --with-mips-plt --enable-libssp --disable-__cxa_atexit --with-headers=/home/paldier/d7000/staging_dir/toolchain-mips_mips32_gcc-4.8-linaro_uClibc-0.9.33.2/include --disable-libsanitizer --enable-languages=c,c++ --enable-shared --enable-threads --with-slibdir=/home/paldier/d7000/staging_dir/toolchain-mips_mips32_gcc-4.8-linaro_uClibc-0.9.33.2/lib
Thread model: posix
gcc version 4.8.3 (OpenWrt/Linaro GCC 4.8-2014.04 15.05_ltq) 
configure:4513: $? = 0
configure:4502: mips-openwrt-linux-uclibc-gcc -V >&5
mips-openwrt-linux-uclibc-gcc: error: unrecognized command line option '-V'
mips-openwrt-linux-uclibc-gcc: fatal error: no input files
compilation terminated.
configure:4513: $? = 1
configure:4502: mips-openwrt-linux-uclibc-gcc -qversion >&5
mips-openwrt-linux-uclibc-gcc: error: unrecognized command line option '-qversion'
mips-openwrt-linux-uclibc-gcc: fatal error: no input files
compilation terminated.
configure:4513: $? = 1
configure:4517: checking whether we are using the GNU C compiler
configure:4545: result: yes
configure:4554: checking whether mips-openwrt-linux-uclibc-gcc accepts -g
configure:4615: result: yes
configure:4632: checking for mips-openwrt-linux-uclibc-gcc option to accept ISO C89
configure:4708: result: none needed
configure:4730: checking dependency style of mips-openwrt-linux-uclibc-gcc
configure:4820: result: gcc3
configure:4840: checking for mips-linux-linux26-ranlib
configure:4867: result: mips-openwrt-linux-uclibc-ranlib
configure:5005: checking build system type
configure:5019: result: x86_64-unknown-linux-gnu
configure:5039: checking host system type
configure:5052: result: mips-linux-linux-gnu26
configure:5072: checking for a sed that does not truncate output
configure:5126: result: /home/paldier/d7000/staging_dir/host/bin/sed
configure:5129: checking for grep that handles long lines and -e
configure:5187: result: /home/paldier/d7000/staging_dir/host/bin/grep
configure:5192: checking for egrep
configure:5254: result: /home/paldier/d7000/staging_dir/host/bin/grep -E
configure:5270: checking for ld used by mips-openwrt-linux-uclibc-gcc
configure:5337: result: mips-openwrt-linux-uclibc-ld
configure:5344: checking if the linker (mips-openwrt-linux-uclibc-ld) is GNU ld
configure:5359: result: yes
configure:5364: checking for mips-openwrt-linux-uclibc-ld option to reload object files
configure:5371: result: -r
configure:5389: checking for BSD-compatible nm
configure:5438: result: mips-openwrt-linux-uclibc-nm
configure:5442: checking whether ln -s works
configure:5446: result: yes
configure:5453: checking how to recognise dependent libraries
configure:5629: result: pass_all
configure:5837: checking how to run the C preprocessor
configure:5907: result: mips-openwrt-linux-uclibc-gcc -E
configure:5927: mips-openwrt-linux-uclibc-gcc -E  conftest.c
configure:5927: $? = 0
configure:5941: mips-openwrt-linux-uclibc-gcc -E  conftest.c
conftest.c:12:28: fatal error: ac_nonexistent.h: No such file or directory
 #include <ac_nonexistent.h>
                            ^
compilation terminated.
configure:5941: $? = 1
configure: failed program was:
| /* confdefs.h */
| #define PACKAGE_NAME "sqlite"
| #define PACKAGE_TARNAME "sqlite"
| #define PACKAGE_VERSION "3.6.22"
| #define PACKAGE_STRING "sqlite 3.6.22"
| #define PACKAGE_BUGREPORT "http://www.sqlite.org"
| #define PACKAGE_URL ""
| #define PACKAGE "sqlite"
| #define VERSION "3.6.22"
| #define _FILE_OFFSET_BITS 64
| /* end confdefs.h.  */
| #include <ac_nonexistent.h>
configure:5970: checking for ANSI C header files
configure:5990: mips-openwrt-linux-uclibc-gcc -c -Os  conftest.c >&5
cc1: note: someone does not honour COPTS correctly, passed 0 times
configure:5990: $? = 0
configure:6074: result: yes
configure:6087: checking for sys/types.h
configure:6087: mips-openwrt-linux-uclibc-gcc -c -Os  conftest.c >&5
cc1: note: someone does not honour COPTS correctly, passed 0 times
configure:6087: $? = 0
configure:6087: result: yes
configure:6087: checking for sys/stat.h
configure:6087: mips-openwrt-linux-uclibc-gcc -c -Os  conftest.c >&5
cc1: note: someone does not honour COPTS correctly, passed 0 times
configure:6087: $? = 0
configure:6087: result: yes
configure:6087: checking for stdlib.h
configure:6087: mips-openwrt-linux-uclibc-gcc -c -Os  conftest.c >&5
cc1: note: someone does not honour COPTS correctly, passed 0 times
configure:6087: $? = 0
configure:6087: result: yes
configure:6087: checking for string.h
configure:6087: mips-openwrt-linux-uclibc-gcc -c -Os  conftest.c >&5
cc1: note: someone does not honour COPTS correctly, passed 0 times
configure:6087: $? = 0
configure:6087: result: yes
configure:6087: checking for memory.h
configure:6087: mips-openwrt-linux-uclibc-gcc -c -Os  conftest.c >&5
cc1: note: someone does not honour COPTS correctly, passed 0 times
configure:6087: $? = 0
configure:6087: result: yes
configure:6087: checking for strings.h
configure:6087: mips-openwrt-linux-uclibc-gcc -c -Os  conftest.c >&5
cc1: note: someone does not honour COPTS correctly, passed 0 times
configure:6087: $? = 0
configure:6087: result: yes
configure:6087: checking for inttypes.h
configure:6087: mips-openwrt-linux-uclibc-gcc -c -Os  conftest.c >&5
cc1: note: someone does not honour COPTS correctly, passed 0 times
configure:6087: $? = 0
configure:6087: result: yes
configure:6087: checking for stdint.h
configure:6087: mips-openwrt-linux-uclibc-gcc -c -Os  conftest.c >&5
cc1: note: someone does not honour COPTS correctly, passed 0 times
configure:6087: $? = 0
configure:6087: result: yes
configure:6087: checking for unistd.h
configure:6087: mips-openwrt-linux-uclibc-gcc -c -Os  conftest.c >&5
cc1: note: someone does not honour COPTS correctly, passed 0 times
configure:6087: $? = 0
configure:6087: result: yes
configure:6101: checking dlfcn.h usability
configure:6101: mips-openwrt-linux-uclibc-gcc -c -Os  conftest.c >&5
cc1: note: someone does not honour COPTS correctly, passed 0 times
configure:6101: $? = 0
configure:6101: result: yes
configure:6101: checking dlfcn.h presence
configure:6101: mips-openwrt-linux-uclibc-gcc -E  conftest.c
configure:6101: $? = 0
configure:6101: result: yes
configure:6101: checking for dlfcn.h
configure:6101: result: yes
configure:6223: checking for C++ compiler version
configure:6232: mips-openwrt-linux-uclibc-g++ --version >&5
mips-openwrt-linux-uclibc-g++ (OpenWrt/Linaro GCC 4.8-2014.04 15.05_ltq) 4.8.3
Copyright (C) 2013 Free Software Foundation, Inc.
This is free software; see the source for copying conditions.  There is NO
warranty; not even for MERCHANTABILITY or FITNESS FOR A PARTICULAR PURPOSE.

configure:6243: $? = 0
configure:6232: mips-openwrt-linux-uclibc-g++ -v >&5
Reading specs from /home/paldier/d7000/staging_dir/toolchain-mips_mips32_gcc-4.8-linaro_uClibc-0.9.33.2/lib/gcc/mips-openwrt-linux-uclibc/4.8.3/specs
COLLECT_GCC=mips-openwrt-linux-uclibc-g++
COLLECT_LTO_WRAPPER=/home/paldier/d7000/staging_dir/toolchain-mips_mips32_gcc-4.8-linaro_uClibc-0.9.33.2/libexec/gcc/mips-openwrt-linux-uclibc/4.8.3/lto-wrapper
Target: mips-openwrt-linux-uclibc
Configured with: /home/paldier/d7000/build_dir/toolchain-mips_mips32_gcc-4.8-linaro_uClibc-0.9.33.2/gcc-linaro-4.8-2014.04/configure --with-bugurl=https://dev.openwrt.org/ --with-pkgversion='OpenWrt/Linaro GCC 4.8-2014.04 15.05_ltq' --prefix=/home/paldier/d7000/staging_dir/toolchain-mips_mips32_gcc-4.8-linaro_uClibc-0.9.33.2 --build=x86_64-linux-gnu --host=x86_64-linux-gnu --target=mips-openwrt-linux-uclibc --with-gnu-ld --enable-target-optspace --disable-libgomp --disable-libmudflap --disable-multilib --disable-nls --with-host-libstdcxx=-lstdc++ --with-float=soft --with-gmp=/home/paldier/d7000/staging_dir/host --with-mpfr=/home/paldier/d7000/staging_dir/host --with-mpc=/home/paldier/d7000/staging_dir/host --disable-decimal-float --with-mips-plt --enable-libssp --disable-__cxa_atexit --with-headers=/home/paldier/d7000/staging_dir/toolchain-mips_mips32_gcc-4.8-linaro_uClibc-0.9.33.2/include --disable-libsanitizer --enable-languages=c,c++ --enable-shared --enable-threads --with-slibdir=/home/paldier/d7000/staging_dir/toolchain-mips_mips32_gcc-4.8-linaro_uClibc-0.9.33.2/lib
Thread model: posix
gcc version 4.8.3 (OpenWrt/Linaro GCC 4.8-2014.04 15.05_ltq) 
configure:6243: $? = 0
configure:6232: mips-openwrt-linux-uclibc-g++ -V >&5
mips-openwrt-linux-uclibc-g++: error: unrecognized command line option '-V'
mips-openwrt-linux-uclibc-g++: fatal error: no input files
compilation terminated.
configure:6243: $? = 1
configure:6232: mips-openwrt-linux-uclibc-g++ -qversion >&5
mips-openwrt-linux-uclibc-g++: error: unrecognized command line option '-qversion'
mips-openwrt-linux-uclibc-g++: fatal error: no input files
compilation terminated.
configure:6243: $? = 1
configure:6247: checking whether we are using the GNU C++ compiler
configure:6266: mips-openwrt-linux-uclibc-g++ -c   conftest.cpp >&5
configure:6266: $? = 0
configure:6275: result: yes
configure:6284: checking whether mips-openwrt-linux-uclibc-g++ accepts -g
configure:6304: mips-openwrt-linux-uclibc-g++ -c -g  conftest.cpp >&5
configure:6304: $? = 0
configure:6345: result: yes
configure:6370: checking dependency style of mips-openwrt-linux-uclibc-g++
configure:6460: result: gcc3
configure:6487: checking how to run the C++ preprocessor
configure:6514: mips-openwrt-linux-uclibc-g++ -E  conftest.cpp
configure:6514: $? = 0
configure:6528: mips-openwrt-linux-uclibc-g++ -E  conftest.cpp
conftest.cpp:23:28: fatal error: ac_nonexistent.h: No such file or directory
 #include <ac_nonexistent.h>
                            ^
compilation terminated.
configure:6528: $? = 1
configure: failed program was:
| /* confdefs.h */
| #define PACKAGE_NAME "sqlite"
| #define PACKAGE_TARNAME "sqlite"
| #define PACKAGE_VERSION "3.6.22"
| #define PACKAGE_STRING "sqlite 3.6.22"
| #define PACKAGE_BUGREPORT "http://www.sqlite.org"
| #define PACKAGE_URL ""
| #define PACKAGE "sqlite"
| #define VERSION "3.6.22"
| #define _FILE_OFFSET_BITS 64
| #define STDC_HEADERS 1
| #define HAVE_SYS_TYPES_H 1
| #define HAVE_SYS_STAT_H 1
| #define HAVE_STDLIB_H 1
| #define HAVE_STRING_H 1
| #define HAVE_MEMORY_H 1
| #define HAVE_STRINGS_H 1
| #define HAVE_INTTYPES_H 1
| #define HAVE_STDINT_H 1
| #define HAVE_UNISTD_H 1
| #define HAVE_DLFCN_H 1
| /* end confdefs.h.  */
| #include <ac_nonexistent.h>
configure:6553: result: mips-openwrt-linux-uclibc-g++ -E
configure:6573: mips-openwrt-linux-uclibc-g++ -E  conftest.cpp
configure:6573: $? = 0
configure:6587: mips-openwrt-linux-uclibc-g++ -E  conftest.cpp
conftest.cpp:23:28: fatal error: ac_nonexistent.h: No such file or directory
 #include <ac_nonexistent.h>
                            ^
compilation terminated.
configure:6587: $? = 1
configure: failed program was:
| /* confdefs.h */
| #define PACKAGE_NAME "sqlite"
| #define PACKAGE_TARNAME "sqlite"
| #define PACKAGE_VERSION "3.6.22"
| #define PACKAGE_STRING "sqlite 3.6.22"
| #define PACKAGE_BUGREPORT "http://www.sqlite.org"
| #define PACKAGE_URL ""
| #define PACKAGE "sqlite"
| #define VERSION "3.6.22"
| #define _FILE_OFFSET_BITS 64
| #define STDC_HEADERS 1
| #define HAVE_SYS_TYPES_H 1
| #define HAVE_SYS_STAT_H 1
| #define HAVE_STDLIB_H 1
| #define HAVE_STRING_H 1
| #define HAVE_MEMORY_H 1
| #define HAVE_STRINGS_H 1
| #define HAVE_INTTYPES_H 1
| #define HAVE_STDINT_H 1
| #define HAVE_UNISTD_H 1
| #define HAVE_DLFCN_H 1
| /* end confdefs.h.  */
| #include <ac_nonexistent.h>
configure:6627: checking for mips-linux-linux26-g77
configure:6657: result: no
configure:6627: checking for mips-linux-linux26-xlf
configure:6657: result: no
configure:6627: checking for mips-linux-linux26-f77
configure:6657: result: no
configure:6627: checking for mips-linux-linux26-frt
configure:6657: result: no
configure:6627: checking for mips-linux-linux26-pgf77
configure:6657: result: no
configure:6627: checking for mips-linux-linux26-cf77
configure:6657: result: no
configure:6627: checking for mips-linux-linux26-fort77
configure:6657: result: no
configure:6627: checking for mips-linux-linux26-fl32
configure:6657: result: no
configure:6627: checking for mips-linux-linux26-af77
configure:6657: result: no
configure:6627: checking for mips-linux-linux26-xlf90
configure:6657: result: no
configure:6627: checking for mips-linux-linux26-f90
configure:6657: result: no
configure:6627: checking for mips-linux-linux26-pgf90
configure:6657: result: no
configure:6627: checking for mips-linux-linux26-pghpf
configure:6657: result: no
configure:6627: checking for mips-linux-linux26-epcf90
configure:6657: result: no
configure:6627: checking for mips-linux-linux26-gfortran
configure:6657: result: no
configure:6627: checking for mips-linux-linux26-g95
configure:6657: result: no
configure:6627: checking for mips-linux-linux26-xlf95
configure:6657: result: no
configure:6627: checking for mips-linux-linux26-f95
configure:6657: result: no
configure:6627: checking for mips-linux-linux26-fort
configure:6657: result: no
configure:6627: checking for mips-linux-linux26-ifort
configure:6657: result: no
configure:6627: checking for mips-linux-linux26-ifc
configure:6657: result: no
configure:6627: checking for mips-linux-linux26-efc
configure:6657: result: no
configure:6627: checking for mips-linux-linux26-pgfortran
configure:6657: result: no
configure:6627: checking for mips-linux-linux26-pgf95
configure:6657: result: no
configure:6627: checking for mips-linux-linux26-lf95
configure:6657: result: no
configure:6627: checking for mips-linux-linux26-ftn
configure:6657: result: no
configure:6627: checking for mips-linux-linux26-nagfor
configure:6657: result: no
configure:6671: checking for g77
configure:6701: result: no
configure:6671: checking for xlf
configure:6701: result: no
configure:6671: checking for f77
configure:6701: result: no
configure:6671: checking for frt
configure:6701: result: no
configure:6671: checking for pgf77
configure:6701: result: no
configure:6671: checking for cf77
configure:6701: result: no
configure:6671: checking for fort77
configure:6701: result: no
configure:6671: checking for fl32
configure:6701: result: no
configure:6671: checking for af77
configure:6701: result: no
configure:6671: checking for xlf90
configure:6701: result: no
configure:6671: checking for f90
configure:6701: result: no
configure:6671: checking for pgf90
configure:6701: result: no
configure:6671: checking for pghpf
configure:6701: result: no
configure:6671: checking for epcf90
configure:6701: result: no
configure:6671: checking for gfortran
configure:6701: result: no
configure:6671: checking for g95
configure:6701: result: no
configure:6671: checking for xlf95
configure:6701: result: no
configure:6671: checking for f95
configure:6701: result: no
configure:6671: checking for fort
configure:6701: result: no
configure:6671: checking for ifort
configure:6701: result: no
configure:6671: checking for ifc
configure:6701: result: no
configure:6671: checking for efc
configure:6701: result: no
configure:6671: checking for pgfortran
configure:6701: result: no
configure:6671: checking for pgf95
configure:6701: result: no
configure:6671: checking for lf95
configure:6701: result: no
configure:6671: checking for ftn
configure:6701: result: no
configure:6671: checking for nagfor
configure:6701: result: no
configure:6724: checking for Fortran 77 compiler version
configure:6733:  --version >&5
./configure: line 6735: --version: command not found
configure:6744: $? = 127
configure:6733:  -v >&5
./configure: line 6735: -v: command not found
configure:6744: $? = 127
configure:6733:  -V >&5
./configure: line 6735: -V: command not found
configure:6744: $? = 127
configure:6733:  -qversion >&5
./configure: line 6735: -qversion: command not found
configure:6744: $? = 127
configure:6753: checking whether we are using the GNU Fortran 77 compiler
configure:6766:  -c  conftest.F >&5
./configure: line 2138: -c: command not found
configure:6766: $? = 127
configure: failed program was:
|       program main
| #ifndef __GNUC__
|        choke me
| #endif
| 
|       end
configure:6775: result: no
configure:6781: checking whether  accepts -g
configure:6792:  -c -g conftest.f >&5
./configure: line 2138: -c: command not found
configure:6792: $? = 127
configure: failed program was:
|       program main
| 
|       end
configure:6800: result: no
configure:6834: checking the maximum length of command line arguments
configure:6943: result: 32768
configure:6954: checking command to parse mips-openwrt-linux-uclibc-nm output from mips-openwrt-linux-uclibc-gcc object
configure:7059: mips-openwrt-linux-uclibc-gcc -c -Os  conftest.c >&5
cc1: note: someone does not honour COPTS correctly, passed 0 times
configure:7062: $? = 0
configure:7066: mips-openwrt-linux-uclibc-nm conftest.o \| sed -n -e 's/^.*[ 	]\([ABCDGIRSTW][ABCDGIRSTW]*\)[ 	][ 	]*\([_A-Za-z][_A-Za-z0-9]*\)$/\1 \2 \2/p' \> conftest.nm
configure:7069: $? = 0
configure:7121: mips-openwrt-linux-uclibc-gcc -o conftest -Os   conftest.c conftstm.o >&5
cc1: note: someone does not honour COPTS correctly, passed 0 times
configure:7124: $? = 0
configure:7162: result: ok
configure:7166: checking for objdir
configure:7181: result: .libs
configure:7233: checking for mips-linux-linux26-ar
configure:7260: result: mips-openwrt-linux-uclibc-ar
configure:7325: checking for mips-linux-linux26-ranlib
configure:7352: result: mips-openwrt-linux-uclibc-ranlib
configure:7417: checking for mips-linux-linux26-strip
configure:7444: result: mips-openwrt-linux-uclibc-strip
configure:7766: checking if mips-openwrt-linux-uclibc-gcc supports -fno-rtti -fno-exceptions
configure:7784: mips-openwrt-linux-uclibc-gcc -c -Os  -fno-rtti -fno-exceptions conftest.c >&5
cc1: warning: command line option '-fno-rtti' is valid for C++/ObjC++ but not for C [enabled by default]
cc1: note: someone does not honour COPTS correctly, passed 0 times
configure:7788: $? = 0
configure:7801: result: no
configure:7816: checking for mips-openwrt-linux-uclibc-gcc option to produce PIC
configure:8026: result: -fPIC
configure:8034: checking if mips-openwrt-linux-uclibc-gcc PIC flag -fPIC works
configure:8052: mips-openwrt-linux-uclibc-gcc -c -Os  -fPIC -DPIC conftest.c >&5
cc1: note: someone does not honour COPTS correctly, passed 0 times
configure:8056: $? = 0
configure:8069: result: yes
configure:8097: checking if mips-openwrt-linux-uclibc-gcc static flag -static works
cc1: note: someone does not honour COPTS correctly, passed 0 times
configure:8125: result: yes
configure:8135: checking if mips-openwrt-linux-uclibc-gcc supports -c -o file.o
configure:8156: mips-openwrt-linux-uclibc-gcc -c -Os  -o out/conftest2.o conftest.c >&5
cc1: note: someone does not honour COPTS correctly, passed 0 times
configure:8160: $? = 0
configure:8182: result: yes
configure:8208: checking whether the mips-openwrt-linux-uclibc-gcc linker (mips-openwrt-linux-uclibc-ld) supports shared libraries
configure:9108: result: yes
configure:9129: checking whether -lc should be explicitly linked in
configure:9134: mips-openwrt-linux-uclibc-gcc -c -Os  conftest.c >&5
cc1: note: someone does not honour COPTS correctly, passed 0 times
configure:9137: $? = 0
configure:9152: mips-openwrt-linux-uclibc-gcc -shared conftest.o  -v -Wl,-soname -Wl,conftest -o conftest 2\>\&1 \| grep  -lc  \>/dev/null 2\>\&1
configure:9155: $? = 0
configure:9167: result: no
configure:9175: checking dynamic linker characteristics
configure:9763: result: GNU/Linux ld.so
configure:9772: checking how to hardcode library paths into programs
configure:9797: result: immediate
configure:9811: checking whether stripping libraries is possible
configure:9816: result: yes
configure:10332: checking if libtool supports shared libraries
configure:10334: result: yes
configure:10337: checking whether to build shared libraries
configure:10358: result: yes
configure:10361: checking whether to build static libraries
configure:10365: result: yes
configure:10457: creating libtool
configure:11041: checking for ld used by mips-openwrt-linux-uclibc-g++
configure:11108: result: mips-openwrt-linux-uclibc-ld
configure:11115: checking if the linker (mips-openwrt-linux-uclibc-ld) is GNU ld
configure:11130: result: yes
configure:11181: checking whether the mips-openwrt-linux-uclibc-g++ linker (mips-openwrt-linux-uclibc-ld) supports shared libraries
configure:12061: result: yes
configure:12079: mips-openwrt-linux-uclibc-g++ -c -g -O2  conftest.cpp >&5
configure:12082: $? = 0
configure:12201: checking for mips-openwrt-linux-uclibc-g++ option to produce PIC
configure:12475: result: -fPIC
configure:12483: checking if mips-openwrt-linux-uclibc-g++ PIC flag -fPIC works
configure:12501: mips-openwrt-linux-uclibc-g++ -c -g -O2  -fPIC -DPIC conftest.cpp >&5
configure:12505: $? = 0
configure:12518: result: yes
configure:12546: checking if mips-openwrt-linux-uclibc-g++ static flag -static works
configure:12574: result: yes
configure:12584: checking if mips-openwrt-linux-uclibc-g++ supports -c -o file.o
configure:12605: mips-openwrt-linux-uclibc-g++ -c -g -O2  -o out/conftest2.o conftest.cpp >&5
configure:12609: $? = 0
configure:12631: result: yes
configure:12657: checking whether the mips-openwrt-linux-uclibc-g++ linker (mips-openwrt-linux-uclibc-ld) supports shared libraries
configure:12682: result: yes
configure:12749: checking dynamic linker characteristics
configure:13337: result: GNU/Linux ld.so
configure:13346: checking how to hardcode library paths into programs
configure:13371: result: immediate
configure:19412: checking for fdatasync
configure:19412: mips-openwrt-linux-uclibc-gcc -o conftest -Os   conftest.c  >&5
cc1: note: someone does not honour COPTS correctly, passed 0 times
configure:19412: $? = 0
configure:19412: result: yes
configure:19412: checking for usleep
configure:19412: mips-openwrt-linux-uclibc-gcc -o conftest -Os   conftest.c  >&5
cc1: note: someone does not honour COPTS correctly, passed 0 times
configure:19412: $? = 0
configure:19412: result: yes
configure:19412: checking for fullfsync
configure:19412: mips-openwrt-linux-uclibc-gcc -o conftest -Os   conftest.c  >&5
cc1: note: someone does not honour COPTS correctly, passed 0 times
/tmp/cc9Mjf2x.o: In function `main':
conftest.c:(.text.startup+0x8): undefined reference to `fullfsync'
collect2: error: ld returned 1 exit status
configure:19412: $? = 1
configure: failed program was:
| /* confdefs.h */
| #define PACKAGE_NAME "sqlite"
| #define PACKAGE_TARNAME "sqlite"
| #define PACKAGE_VERSION "3.6.22"
| #define PACKAGE_STRING "sqlite 3.6.22"
| #define PACKAGE_BUGREPORT "http://www.sqlite.org"
| #define PACKAGE_URL ""
| #define PACKAGE "sqlite"
| #define VERSION "3.6.22"
| #define _FILE_OFFSET_BITS 64
| #define STDC_HEADERS 1
| #define HAVE_SYS_TYPES_H 1
| #define HAVE_SYS_STAT_H 1
| #define HAVE_STDLIB_H 1
| #define HAVE_STRING_H 1
| #define HAVE_MEMORY_H 1
| #define HAVE_STRINGS_H 1
| #define HAVE_INTTYPES_H 1
| #define HAVE_STDINT_H 1
| #define HAVE_UNISTD_H 1
| #define HAVE_DLFCN_H 1
| #define HAVE_FDATASYNC 1
| #define HAVE_USLEEP 1
| /* end confdefs.h.  */
| /* Define fullfsync to an innocuous variant, in case <limits.h> declares fullfsync.
|    For example, HP-UX 11i <limits.h> declares gettimeofday.  */
| #define fullfsync innocuous_fullfsync
| 
| /* System header to define __stub macros and hopefully few prototypes,
|     which can conflict with char fullfsync (); below.
|     Prefer <limits.h> to <assert.h> if __STDC__ is defined, since
|     <limits.h> exists even on freestanding compilers.  */
| 
| #ifdef __STDC__
| # include <limits.h>
| #else
| # include <assert.h>
| #endif
| 
| #undef fullfsync
| 
| /* Override any GCC internal prototype to avoid an error.
|    Use char because int might match the return type of a GCC
|    builtin and then its argument prototype would still apply.  */
| #ifdef __cplusplus
| extern "C"
| #endif
| char fullfsync ();
| /* The GNU C library defines this for functions which it implements
|     to always fail with ENOSYS.  Some functions are actually named
|     something starting with __ and the normal name is an alias.  */
| #if defined __stub_fullfsync || defined __stub___fullfsync
| choke me
| #endif
| 
| int
| main ()
| {
| return fullfsync ();
|   ;
|   return 0;
| }
configure:19412: result: no
configure:19412: checking for localtime_r
configure:19412: mips-openwrt-linux-uclibc-gcc -o conftest -Os   conftest.c  >&5
cc1: note: someone does not honour COPTS correctly, passed 0 times
configure:19412: $? = 0
configure:19412: result: yes
configure:19412: checking for gmtime_r
configure:19412: mips-openwrt-linux-uclibc-gcc -o conftest -Os   conftest.c  >&5
cc1: note: someone does not honour COPTS correctly, passed 0 times
configure:19412: $? = 0
configure:19412: result: yes
configure:19439: checking for library containing tgetent
configure:19470: mips-openwrt-linux-uclibc-gcc -o conftest -Os   conftest.c  >&5
cc1: note: someone does not honour COPTS correctly, passed 0 times
/tmp/cc3s9nFF.o: In function `main':
conftest.c:(.text.startup+0x8): undefined reference to `tgetent'
collect2: error: ld returned 1 exit status
configure:19470: $? = 1
configure: failed program was:
| /* confdefs.h */
| #define PACKAGE_NAME "sqlite"
| #define PACKAGE_TARNAME "sqlite"
| #define PACKAGE_VERSION "3.6.22"
| #define PACKAGE_STRING "sqlite 3.6.22"
| #define PACKAGE_BUGREPORT "http://www.sqlite.org"
| #define PACKAGE_URL ""
| #define PACKAGE "sqlite"
| #define VERSION "3.6.22"
| #define _FILE_OFFSET_BITS 64
| #define STDC_HEADERS 1
| #define HAVE_SYS_TYPES_H 1
| #define HAVE_SYS_STAT_H 1
| #define HAVE_STDLIB_H 1
| #define HAVE_STRING_H 1
| #define HAVE_MEMORY_H 1
| #define HAVE_STRINGS_H 1
| #define HAVE_INTTYPES_H 1
| #define HAVE_STDINT_H 1
| #define HAVE_UNISTD_H 1
| #define HAVE_DLFCN_H 1
| #define HAVE_FDATASYNC 1
| #define HAVE_USLEEP 1
| #define HAVE_LOCALTIME_R 1
| #define HAVE_GMTIME_R 1
| /* end confdefs.h.  */
| 
| /* Override any GCC internal prototype to avoid an error.
|    Use char because int might match the return type of a GCC
|    builtin and then its argument prototype would still apply.  */
| #ifdef __cplusplus
| extern "C"
| #endif
| char tgetent ();
| int
| main ()
| {
| return tgetent ();
|   ;
|   return 0;
| }
configure:19470: mips-openwrt-linux-uclibc-gcc -o conftest -Os   conftest.c -lcurses   >&5
cc1: note: someone does not honour COPTS correctly, passed 0 times
configure:19470: $? = 0
configure:19487: result: -lcurses
configure:19495: checking for library containing readline
configure:19526: mips-openwrt-linux-uclibc-gcc -o conftest -Os   conftest.c -lcurses  >&5
cc1: note: someone does not honour COPTS correctly, passed 0 times
/tmp/cc4w3rQK.o: In function `main':
conftest.c:(.text.startup+0x8): undefined reference to `readline'
collect2: error: ld returned 1 exit status
configure:19526: $? = 1
configure: failed program was:
| /* confdefs.h */
| #define PACKAGE_NAME "sqlite"
| #define PACKAGE_TARNAME "sqlite"
| #define PACKAGE_VERSION "3.6.22"
| #define PACKAGE_STRING "sqlite 3.6.22"
| #define PACKAGE_BUGREPORT "http://www.sqlite.org"
| #define PACKAGE_URL ""
| #define PACKAGE "sqlite"
| #define VERSION "3.6.22"
| #define _FILE_OFFSET_BITS 64
| #define STDC_HEADERS 1
| #define HAVE_SYS_TYPES_H 1
| #define HAVE_SYS_STAT_H 1
| #define HAVE_STDLIB_H 1
| #define HAVE_STRING_H 1
| #define HAVE_MEMORY_H 1
| #define HAVE_STRINGS_H 1
| #define HAVE_INTTYPES_H 1
| #define HAVE_STDINT_H 1
| #define HAVE_UNISTD_H 1
| #define HAVE_DLFCN_H 1
| #define HAVE_FDATASYNC 1
| #define HAVE_USLEEP 1
| #define HAVE_LOCALTIME_R 1
| #define HAVE_GMTIME_R 1
| /* end confdefs.h.  */
| 
| /* Override any GCC internal prototype to avoid an error.
|    Use char because int might match the return type of a GCC
|    builtin and then its argument prototype would still apply.  */
| #ifdef __cplusplus
| extern "C"
| #endif
| char readline ();
| int
| main ()
| {
| return readline ();
|   ;
|   return 0;
| }
configure:19526: mips-openwrt-linux-uclibc-gcc -o conftest -Os   conftest.c -lreadline  -lcurses  >&5
cc1: note: someone does not honour COPTS correctly, passed 0 times
/home/paldier/d7000/staging_dir/toolchain-mips_mips32_gcc-4.8-linaro_uClibc-0.9.33.2/lib/gcc/mips-openwrt-linux-uclibc/4.8.3/../../../../mips-openwrt-linux-uclibc/bin/ld: cannot find -lreadline
collect2: error: ld returned 1 exit status
configure:19526: $? = 1
configure: failed program was:
| /* confdefs.h */
| #define PACKAGE_NAME "sqlite"
| #define PACKAGE_TARNAME "sqlite"
| #define PACKAGE_VERSION "3.6.22"
| #define PACKAGE_STRING "sqlite 3.6.22"
| #define PACKAGE_BUGREPORT "http://www.sqlite.org"
| #define PACKAGE_URL ""
| #define PACKAGE "sqlite"
| #define VERSION "3.6.22"
| #define _FILE_OFFSET_BITS 64
| #define STDC_HEADERS 1
| #define HAVE_SYS_TYPES_H 1
| #define HAVE_SYS_STAT_H 1
| #define HAVE_STDLIB_H 1
| #define HAVE_STRING_H 1
| #define HAVE_MEMORY_H 1
| #define HAVE_STRINGS_H 1
| #define HAVE_INTTYPES_H 1
| #define HAVE_STDINT_H 1
| #define HAVE_UNISTD_H 1
| #define HAVE_DLFCN_H 1
| #define HAVE_FDATASYNC 1
| #define HAVE_USLEEP 1
| #define HAVE_LOCALTIME_R 1
| #define HAVE_GMTIME_R 1
| /* end confdefs.h.  */
| 
| /* Override any GCC internal prototype to avoid an error.
|    Use char because int might match the return type of a GCC
|    builtin and then its argument prototype would still apply.  */
| #ifdef __cplusplus
| extern "C"
| #endif
| char readline ();
| int
| main ()
| {
| return readline ();
|   ;
|   return 0;
| }
configure:19543: result: no
configure:19555: checking for readline
configure:19555: mips-openwrt-linux-uclibc-gcc -o conftest -Os   conftest.c -lcurses  >&5
cc1: note: someone does not honour COPTS correctly, passed 0 times
/tmp/cck09JoP.o: In function `main':
conftest.c:(.text.startup+0x8): undefined reference to `readline'
collect2: error: ld returned 1 exit status
configure:19555: $? = 1
configure: failed program was:
| /* confdefs.h */
| #define PACKAGE_NAME "sqlite"
| #define PACKAGE_TARNAME "sqlite"
| #define PACKAGE_VERSION "3.6.22"
| #define PACKAGE_STRING "sqlite 3.6.22"
| #define PACKAGE_BUGREPORT "http://www.sqlite.org"
| #define PACKAGE_URL ""
| #define PACKAGE "sqlite"
| #define VERSION "3.6.22"
| #define _FILE_OFFSET_BITS 64
| #define STDC_HEADERS 1
| #define HAVE_SYS_TYPES_H 1
| #define HAVE_SYS_STAT_H 1
| #define HAVE_STDLIB_H 1
| #define HAVE_STRING_H 1
| #define HAVE_MEMORY_H 1
| #define HAVE_STRINGS_H 1
| #define HAVE_INTTYPES_H 1
| #define HAVE_STDINT_H 1
| #define HAVE_UNISTD_H 1
| #define HAVE_DLFCN_H 1
| #define HAVE_FDATASYNC 1
| #define HAVE_USLEEP 1
| #define HAVE_LOCALTIME_R 1
| #define HAVE_GMTIME_R 1
| /* end confdefs.h.  */
| /* Define readline to an innocuous variant, in case <limits.h> declares readline.
|    For example, HP-UX 11i <limits.h> declares gettimeofday.  */
| #define readline innocuous_readline
| 
| /* System header to define __stub macros and hopefully few prototypes,
|     which can conflict with char readline (); below.
|     Prefer <limits.h> to <assert.h> if __STDC__ is defined, since
|     <limits.h> exists even on freestanding compilers.  */
| 
| #ifdef __STDC__
| # include <limits.h>
| #else
| # include <assert.h>
| #endif
| 
| #undef readline
| 
| /* Override any GCC internal prototype to avoid an error.
|    Use char because int might match the return type of a GCC
|    builtin and then its argument prototype would still apply.  */
| #ifdef __cplusplus
| extern "C"
| #endif
| char readline ();
| /* The GNU C library defines this for functions which it implements
|     to always fail with ENOSYS.  Some functions are actually named
|     something starting with __ and the normal name is an alias.  */
| #if defined __stub_readline || defined __stub___readline
| choke me
| #endif
| 
| int
| main ()
| {
| return readline ();
|   ;
|   return 0;
| }
configure:19555: result: no
configure:19583: checking for library containing pthread_create
configure:19614: mips-openwrt-linux-uclibc-gcc -o conftest -Os   conftest.c  >&5
cc1: note: someone does not honour COPTS correctly, passed 0 times
/tmp/cceEMz2R.o: In function `main':
conftest.c:(.text.startup+0x8): undefined reference to `pthread_create'
collect2: error: ld returned 1 exit status
configure:19614: $? = 1
configure: failed program was:
| /* confdefs.h */
| #define PACKAGE_NAME "sqlite"
| #define PACKAGE_TARNAME "sqlite"
| #define PACKAGE_VERSION "3.6.22"
| #define PACKAGE_STRING "sqlite 3.6.22"
| #define PACKAGE_BUGREPORT "http://www.sqlite.org"
| #define PACKAGE_URL ""
| #define PACKAGE "sqlite"
| #define VERSION "3.6.22"
| #define _FILE_OFFSET_BITS 64
| #define STDC_HEADERS 1
| #define HAVE_SYS_TYPES_H 1
| #define HAVE_SYS_STAT_H 1
| #define HAVE_STDLIB_H 1
| #define HAVE_STRING_H 1
| #define HAVE_MEMORY_H 1
| #define HAVE_STRINGS_H 1
| #define HAVE_INTTYPES_H 1
| #define HAVE_STDINT_H 1
| #define HAVE_UNISTD_H 1
| #define HAVE_DLFCN_H 1
| #define HAVE_FDATASYNC 1
| #define HAVE_USLEEP 1
| #define HAVE_LOCALTIME_R 1
| #define HAVE_GMTIME_R 1
| /* end confdefs.h.  */
| 
| /* Override any GCC internal prototype to avoid an error.
|    Use char because int might match the return type of a GCC
|    builtin and then its argument prototype would still apply.  */
| #ifdef __cplusplus
| extern "C"
| #endif
| char pthread_create ();
| int
| main ()
| {
| return pthread_create ();
|   ;
|   return 0;
| }
configure:19614: mips-openwrt-linux-uclibc-gcc -o conftest -Os   conftest.c -lpthread   >&5
cc1: note: someone does not honour COPTS correctly, passed 0 times
configure:19614: $? = 0
configure:19631: result: -lpthread
configure:19654: checking for library containing dlopen
configure:19685: mips-openwrt-linux-uclibc-gcc -o conftest -Os   conftest.c -lpthread  >&5
cc1: note: someone does not honour COPTS correctly, passed 0 times
/home/paldier/d7000/staging_dir/toolchain-mips_mips32_gcc-4.8-linaro_uClibc-0.9.33.2/lib/gcc/mips-openwrt-linux-uclibc/4.8.3/../../../../mips-openwrt-linux-uclibc/bin/ld: /tmp/ccKYAtTX.o: undefined reference to symbol 'dlopen'
/home/paldier/d7000/staging_dir/toolchain-mips_mips32_gcc-4.8-linaro_uClibc-0.9.33.2/mips-openwrt-linux-uclibc/bin/../../../toolchain-mips_mips32_gcc-4.8-linaro_uClibc-0.9.33.2/lib/libdl.so.0: error adding symbols: DSO missing from command line
collect2: error: ld returned 1 exit status
configure:19685: $? = 1
configure: failed program was:
| /* confdefs.h */
| #define PACKAGE_NAME "sqlite"
| #define PACKAGE_TARNAME "sqlite"
| #define PACKAGE_VERSION "3.6.22"
| #define PACKAGE_STRING "sqlite 3.6.22"
| #define PACKAGE_BUGREPORT "http://www.sqlite.org"
| #define PACKAGE_URL ""
| #define PACKAGE "sqlite"
| #define VERSION "3.6.22"
| #define _FILE_OFFSET_BITS 64
| #define STDC_HEADERS 1
| #define HAVE_SYS_TYPES_H 1
| #define HAVE_SYS_STAT_H 1
| #define HAVE_STDLIB_H 1
| #define HAVE_STRING_H 1
| #define HAVE_MEMORY_H 1
| #define HAVE_STRINGS_H 1
| #define HAVE_INTTYPES_H 1
| #define HAVE_STDINT_H 1
| #define HAVE_UNISTD_H 1
| #define HAVE_DLFCN_H 1
| #define HAVE_FDATASYNC 1
| #define HAVE_USLEEP 1
| #define HAVE_LOCALTIME_R 1
| #define HAVE_GMTIME_R 1
| /* end confdefs.h.  */
| 
| /* Override any GCC internal prototype to avoid an error.
|    Use char because int might match the return type of a GCC
|    builtin and then its argument prototype would still apply.  */
| #ifdef __cplusplus
| extern "C"
| #endif
| char dlopen ();
| int
| main ()
| {
| return dlopen ();
|   ;
|   return 0;
| }
configure:19685: mips-openwrt-linux-uclibc-gcc -o conftest -Os   conftest.c -ldl  -lpthread  >&5
cc1: note: someone does not honour COPTS correctly, passed 0 times
configure:19685: $? = 0
configure:19702: result: -ldl
configure:19713: checking for whether to support dynamic extensions
configure:19715: result: yes
configure:19911: creating ./config.status

## ---------------------- ##
## Running config.status. ##
## ---------------------- ##

This file was extended by sqlite config.status 3.6.22, which was
generated by GNU Autoconf 2.69.  Invocation command line was

  CONFIG_FILES    = 
  CONFIG_HEADERS  = 
  CONFIG_LINKS    = 
  CONFIG_COMMANDS = 
  $ ./config.status 

on paldier-VirtualBox

config.status:795: creating Makefile
config.status:795: creating sqlite3.pc
config.status:961: executing depfiles commands

## ---------------- ##
## Cache variables. ##
## ---------------- ##

ac_cv_build=x86_64-unknown-linux-gnu
ac_cv_c_compiler_gnu=yes
ac_cv_cxx_compiler_gnu=yes
ac_cv_env_CCC_set=
ac_cv_env_CCC_value=
ac_cv_env_CC_set=set
ac_cv_env_CC_value=mips-openwrt-linux-uclibc-gcc
ac_cv_env_CFLAGS_set=set
ac_cv_env_CFLAGS_value=-Os
ac_cv_env_CPPFLAGS_set=
ac_cv_env_CPPFLAGS_value=
ac_cv_env_CPP_set=set
ac_cv_env_CPP_value='mips-openwrt-linux-uclibc-gcc -E'
ac_cv_env_CXXCPP_set=
ac_cv_env_CXXCPP_value=
ac_cv_env_CXXFLAGS_set=
ac_cv_env_CXXFLAGS_value=
ac_cv_env_CXX_set=set
ac_cv_env_CXX_value=mips-openwrt-linux-uclibc-g++
ac_cv_env_F77_set=
ac_cv_env_F77_value=
ac_cv_env_FFLAGS_set=
ac_cv_env_FFLAGS_value=
ac_cv_env_LDFLAGS_set=
ac_cv_env_LDFLAGS_value=
ac_cv_env_LIBS_set=
ac_cv_env_LIBS_value=
ac_cv_env_build_alias_set=
ac_cv_env_build_alias_value=
ac_cv_env_host_alias_set=set
ac_cv_env_host_alias_value=mips-linux-linux26
ac_cv_env_target_alias_set=
ac_cv_env_target_alias_value=
ac_cv_f77_compiler_gnu=no
ac_cv_func_fdatasync=yes
ac_cv_func_fullfsync=no
ac_cv_func_gmtime_r=yes
ac_cv_func_localtime_r=yes
ac_cv_func_readline=no
ac_cv_func_usleep=yes
ac_cv_header_dlfcn_h=yes
ac_cv_header_inttypes_h=yes
ac_cv_header_memory_h=yes
ac_cv_header_stdc=yes
ac_cv_header_stdint_h=yes
ac_cv_header_stdlib_h=yes
ac_cv_header_string_h=yes
ac_cv_header_strings_h=yes
ac_cv_header_sys_stat_h=yes
ac_cv_header_sys_types_h=yes
ac_cv_header_unistd_h=yes
ac_cv_host=mips-linux-linux-gnu26
ac_cv_objext=o
ac_cv_path_EGREP='/home/paldier/d7000/staging_dir/host/bin/grep -E'
ac_cv_path_GREP=/home/paldier/d7000/staging_dir/host/bin/grep
ac_cv_path_install='/usr/bin/install -c'
ac_cv_prog_AR=mips-openwrt-linux-uclibc-ar
ac_cv_prog_AWK=gawk
ac_cv_prog_CC=mips-openwrt-linux-uclibc-gcc
ac_cv_prog_CPP='mips-openwrt-linux-uclibc-gcc -E'
ac_cv_prog_CXXCPP='mips-openwrt-linux-uclibc-g++ -E'
ac_cv_prog_RANLIB=mips-openwrt-linux-uclibc-ranlib
ac_cv_prog_STRIP=mips-openwrt-linux-uclibc-strip
ac_cv_prog_cc_c89=
ac_cv_prog_cc_g=yes
ac_cv_prog_cxx_g=yes
ac_cv_prog_f77_g=no
ac_cv_prog_make_make_set=yes
ac_cv_search_dlopen=-ldl
ac_cv_search_pthread_create=-lpthread
ac_cv_search_readline=no
ac_cv_search_tgetent=-lcurses
ac_cv_sys_file_offset_bits=64
ac_cv_sys_largefile_CC=no
am_cv_CC_dependencies_compiler_type=gcc3
am_cv_CXX_dependencies_compiler_type=gcc3
lt_cv_deplibs_check_method=pass_all
lt_cv_file_magic_cmd='$MAGIC_CMD'
lt_cv_file_magic_test_file=
lt_cv_ld_reload_flag=-r
lt_cv_objdir=.libs
lt_cv_path_LD=mips-openwrt-linux-uclibc-ld
lt_cv_path_LDCXX=mips-openwrt-linux-uclibc-ld
lt_cv_path_NM=mips-openwrt-linux-uclibc-nm
lt_cv_path_SED=/home/paldier/d7000/staging_dir/host/bin/sed
lt_cv_prog_compiler_c_o=yes
lt_cv_prog_compiler_c_o_CXX=yes
lt_cv_prog_compiler_rtti_exceptions=no
lt_cv_prog_gnu_ld=yes
lt_cv_prog_gnu_ldcxx=yes
lt_cv_sys_global_symbol_pipe='sed -n -e '\''s/^.*[ 	]\([ABCDGIRSTW][ABCDGIRSTW]*\)[ 	][ 	]*\([_A-Za-z][_A-Za-z0-9]*\)$/\1 \2 \2/p'\'''
lt_cv_sys_global_symbol_to_c_name_address='sed -n -e '\''s/^: \([^ ]*\) $/  {\"\1\", (lt_ptr) 0},/p'\'' -e '\''s/^[BCDEGRST] \([^ ]*\) \([^ ]*\)$/  {"\2", (lt_ptr) \&\2},/p'\'''
lt_cv_sys_global_symbol_to_cdecl='sed -n -e '\''s/^. .* \(.*\)$/extern int \1;/p'\'''
lt_cv_sys_max_cmd_len=32768
lt_lt_cv_prog_compiler_c_o='"yes"'
lt_lt_cv_prog_compiler_c_o_CXX='"yes"'
lt_lt_cv_sys_global_symbol_pipe='"sed -n -e '\''s/^.*[ 	]\\([ABCDGIRSTW][ABCDGIRSTW]*\\)[ 	][ 	]*\\([_A-Za-z][_A-Za-z0-9]*\\)\$/\\1 \\2 \\2/p'\''"'
lt_lt_cv_sys_global_symbol_to_c_name_address='"sed -n -e '\''s/^: \\([^ ]*\\) \$/  {\\\"\\1\\\", (lt_ptr) 0},/p'\'' -e '\''s/^[BCDEGRST] \\([^ ]*\\) \\([^ ]*\\)\$/  {\"\\2\", (lt_ptr) \\&\\2},/p'\''"'
lt_lt_cv_sys_global_symbol_to_cdecl='"sed -n -e '\''s/^. .* \\(.*\\)\$/extern int \\1;/p'\''"'

## ----------------- ##
## Output variables. ##
## ----------------- ##

ACLOCAL='${SHELL} /home/paldier/d7000/ap/gpl/minidlna/sqlite-3.6.22/missing --run aclocal-1.9'
AMDEPBACKSLASH='\'
AMDEP_FALSE='#'
AMDEP_TRUE=''
AMTAR='${SHELL} /home/paldier/d7000/ap/gpl/minidlna/sqlite-3.6.22/missing --run tar'
AR='mips-openwrt-linux-uclibc-ar'
AUTOCONF='${SHELL} /home/paldier/d7000/ap/gpl/minidlna/sqlite-3.6.22/missing --run autoconf'
AUTOHEADER='${SHELL} /home/paldier/d7000/ap/gpl/minidlna/sqlite-3.6.22/missing --run autoheader'
AUTOMAKE='${SHELL} /home/paldier/d7000/ap/gpl/minidlna/sqlite-3.6.22/missing --run automake-1.9'
AWK='gawk'
BUILD_CFLAGS=''
CC='mips-openwrt-linux-uclibc-gcc'
CCDEPMODE='depmode=gcc3'
CFLAGS='-Os'
CPP='mips-openwrt-linux-uclibc-gcc -E'
CPPFLAGS=''
CXX='mips-openwrt-linux-uclibc-g++'
CXXCPP='mips-openwrt-linux-uclibc-g++ -E'
CXXDEPMODE='depmode=gcc3'
CXXFLAGS='-g -O2'
CYGPATH_W='echo'
DEFS='-DPACKAGE_NAME=\"sqlite\" -DPACKAGE_TARNAME=\"sqlite\" -DPACKAGE_VERSION=\"3.6.22\" -DPACKAGE_STRING=\"sqlite\ 3.6.22\" -DPACKAGE_BUGREPORT=\"http://www.sqlite.org\" -DPACKAGE_URL=\"\" -DPACKAGE=\"sqlite\" -DVERSION=\"3.6.22\" -D_FILE_OFFSET_BITS=64 -DSTDC_HEADERS=1 -DHAVE_SYS_TYPES_H=1 -DHAVE_SYS_STAT_H=1 -DHAVE_STDLIB_H=1 -DHAVE_STRING_H=1 -DHAVE_MEMORY_H=1 -DHAVE_STRINGS_H=1 -DHAVE_INTTYPES_H=1 -DHAVE_STDINT_H=1 -DHAVE_UNISTD_H=1 -DHAVE_DLFCN_H=1 -DHAVE_FDATASYNC=1 -DHAVE_USLEEP=1 -DHAVE_LOCALTIME_R=1 -DHAVE_GMTIME_R=1'
DEPDIR='.deps'
DYNAMIC_EXTENSION_FLAGS=''
ECHO='echo'
ECHO_C=''
ECHO_N='-n'
ECHO_T=''
EGREP='/home/paldier/d7000/staging_dir/host/bin/grep -E'
EXEEXT=''
F77=''
FFLAGS=''
GREP='/home/paldier/d7000/staging_dir/host/bin/grep'
INSTALL_DATA='${INSTALL} -m 644'
INSTALL_PROGRAM='${INSTALL}'
INSTALL_SCRIPT='${INSTALL}'
INSTALL_STRIP_PROGRAM='${SHELL} $(install_sh) -c -s'
LDFLAGS=''
LIBOBJS=''
LIBS='-ldl -lpthread '
LIBTOOL='$(SHELL) $(top_builddir)/libtool'
LN_S='ln -s'
LTLIBOBJS=''
MAKEINFO='${SHELL} /home/paldier/d7000/ap/gpl/minidlna/sqlite-3.6.22/missing --run makeinfo'
OBJEXT='o'
PACKAGE='sqlite'
PACKAGE_BUGREPORT='http://www.sqlite.org'
PACKAGE_NAME='sqlite'
PACKAGE_STRING='sqlite 3.6.22'
PACKAGE_TARNAME='sqlite'
PACKAGE_URL=''
PACKAGE_VERSION='3.6.22'
PATH_SEPARATOR=':'
RANLIB='mips-openwrt-linux-uclibc-ranlib'
READLINE_LIBS='-lcurses '
SET_MAKE=''
SHELL='/bin/bash'
STRIP='mips-openwrt-linux-uclibc-strip'
THREADSAFE_FLAGS='-DSQLITE_THREADSAFE=1'
VERSION='3.6.22'
ac_ct_CC=''
ac_ct_CXX=''
ac_ct_F77=''
am__fastdepCC_FALSE='#'
am__fastdepCC_TRUE=''
am__fastdepCXX_FALSE='#'
am__fastdepCXX_TRUE=''
am__include='include'
am__leading_dot='.'
am__quote=''
am__tar='${AMTAR} chof - "$$tardir"'
am__untar='${AMTAR} xf -'
bindir='${exec_prefix}/bin'
build='x86_64-unknown-linux-gnu'
build_alias=''
build_cpu='x86_64'
build_os='linux-gnu'
build_vendor='unknown'
datadir='${datarootdir}'
datarootdir='${prefix}/share'
docdir='${datarootdir}/doc/${PACKAGE_TARNAME}'
dvidir='${docdir}'
exec_prefix='${prefix}'
host='mips-linux-linux-gnu26'
host_alias='mips-linux-linux26'
host_cpu='mips'
host_os='linux-gnu26'
host_vendor='linux'
htmldir='${docdir}'
includedir='${prefix}/include'
infodir='${datarootdir}/info'
install_sh='/home/paldier/d7000/ap/gpl/minidlna/sqlite-3.6.22/install-sh'
libdir='${exec_prefix}/lib'
libexecdir='${exec_prefix}/libexec'
localedir='${datarootdir}/locale'
localstatedir='${prefix}/var'
mandir='${datarootdir}/man'
mkdir_p='mkdir -p --'
oldincludedir='/usr/include'
pdfdir='${docdir}'
prefix='/usr/local'
program_transform_name='s,x,x,'
psdir='${docdir}'
sbindir='${exec_prefix}/sbin'
sharedstatedir='${prefix}/com'
sysconfdir='${prefix}/etc'
target_alias=''

## ----------- ##
## confdefs.h. ##
## ----------- ##

/* confdefs.h */
#define PACKAGE_NAME "sqlite"
#define PACKAGE_TARNAME "sqlite"
#define PACKAGE_VERSION "3.6.22"
#define PACKAGE_STRING "sqlite 3.6.22"
#define PACKAGE_BUGREPORT "http://www.sqlite.org"
#define PACKAGE_URL ""
#define PACKAGE "sqlite"
#define VERSION "3.6.22"
#define _FILE_OFFSET_BITS 64
#define STDC_HEADERS 1
#define HAVE_SYS_TYPES_H 1
#define HAVE_SYS_STAT_H 1
#define HAVE_STDLIB_H 1
#define HAVE_STRING_H 1
#define HAVE_MEMORY_H 1
#define HAVE_STRINGS_H 1
#define HAVE_INTTYPES_H 1
#define HAVE_STDINT_H 1
#define HAVE_UNISTD_H 1
#define HAVE_DLFCN_H 1
#define HAVE_FDATASYNC 1
#define HAVE_USLEEP 1
#define HAVE_LOCALTIME_R 1
#define HAVE_GMTIME_R 1

configure: exit 0
